#
# A fatal error has been detected by the Java Runtime Environment:
#
#  EXCEPTION_ACCESS_VIOLATION (0xc0000005) at pc=0x00007ffe716ec6f9, pid=16616, tid=4888
#
# JRE version: OpenJDK Runtime Environment (11.0.8+10) (build 11.0.8+10-b944.6842174)
# Java VM: OpenJDK 64-Bit Server VM (11.0.8+10-b944.6842174, mixed mode, tiered, compressed oops, g1 gc, windows-amd64)
# Problematic frame:
# C  [native-platform-file-events.dll+0x1c6f9]
#
# No core dump will be written. Minidumps are not enabled by default on client versions of Windows
#
# If you would like to submit a bug report, please visit:
#   https://bugreport.java.com/bugreport/crash.jsp
# The crash happened outside the Java Virtual Machine in native code.
# See problematic frame for where to report the bug.
#

---------------  S U M M A R Y ------------

Command Line: --add-opens=java.base/java.util=ALL-UNNAMED --add-opens=java.base/java.lang=ALL-UNNAMED --add-opens=java.base/java.lang.invoke=ALL-UNNAMED --add-opens=java.base/java.util=ALL-UNNAMED --add-opens=java.prefs/java.util.prefs=ALL-UNNAMED --add-opens=java.prefs/java.util.prefs=ALL-UNNAMED --add-opens=java.base/java.nio.charset=ALL-UNNAMED --add-opens=java.base/java.net=ALL-UNNAMED --add-opens=java.base/java.util.concurrent.atomic=ALL-UNNAMED -Xmx2048m -Dfile.encoding=UTF-8 -Duser.country=US -Duser.language=en -Duser.variant org.gradle.launcher.daemon.bootstrap.GradleDaemon 7.0.2

Host: Intel(R) Xeon(R) Gold 6148 CPU @ 2.40GHz, 4 cores, 15G,  Windows 10 , 64 bit Build 18362 (10.0.18362.329)
Time: Wed Nov 17 15:16:36 2021 Pacific Standard Time elapsed time: 27 seconds (0d 0h 0m 27s)

---------------  T H R E A D  ---------------

Current thread (0x000001f8a5afd800):  JavaThread "File watcher server" daemon [_thread_in_native, id=4888, stack(0x0000001e72100000,0x0000001e72200000)]

Stack: [0x0000001e72100000,0x0000001e72200000],  sp=0x0000001e721fe750,  free space=1017k
Native frames: (J=compiled Java code, j=interpreted, Vv=VM code, C=native code)
C  [native-platform-file-events.dll+0x1c6f9]

Java frames: (J=compiled Java code, j=interpreted, Vv=VM code)
j  net.rubygrapefruit.platform.internal.jni.AbstractFileEventFunctions$NativeFileWatcher.executeRunLoop0(Ljava/lang/Object;)V+0
j  net.rubygrapefruit.platform.internal.jni.AbstractFileEventFunctions$NativeFileWatcher.access$100(Lnet/rubygrapefruit/platform/internal/jni/AbstractFileEventFunctions$NativeFileWatcher;Ljava/lang/Object;)V+2
j  net.rubygrapefruit.platform.internal.jni.AbstractFileEventFunctions$NativeFileWatcher$1.run()V+26
v  ~StubRoutines::call_stub

siginfo: EXCEPTION_ACCESS_VIOLATION (0xc0000005), reading address 0xffffffffffffffff


Register to memory mapping:

RIP=0x00007ffe716ec6f9 native-platform-file-events.dll
RAX=0x2473636974736974 is an unknown value
RBX=0x0000000000000001 is an unknown value
RCX=0x2473636974736974 is an unknown value
RDX=0x0 is NULL
RSP=0x0000001e721fe750 is pointing into the stack for thread: 0x000001f8a5afd800
RBP=0x0000001e721ff018 is pointing into the stack for thread: 0x000001f8a5afd800
RSI=0x0 is NULL
RDI=
[error occurred during error reporting (printing register info), id 0xc0000005, EXCEPTION_ACCESS_VIOLATION (0xc0000005) at pc=0x00007ffe54307297]

Registers:
RAX=0x2473636974736974, RBX=0x0000000000000001, RCX=0x2473636974736974, RDX=0x0000000000000000
RSP=0x0000001e721fe750, RBP=0x0000001e721ff018, RSI=0x0000000000000000, RDI=0x00000000ffffffff
R8 =0x0000000065747379, R9 =0x0000001e721fe870, R10=0x0000000000000000, R11=0x0000000000000246
R12=0x0000000000000000, R13=0x000001f8a88a4510, R14=0x0000001e721ff040, R15=0x000001f8a5afd800
RIP=0x00007ffe716ec6f9, EFLAGS=0x0000000000010297

Top of Stack: (sp=0x0000001e721fe750)
0x0000001e721fe750:   0000001e721fe790 0000001e718fc640
0x0000001e721fe760:   0000000000000000 000001f8ab320c40
0x0000001e721fe770:   0000000000000101 000000000000027e
0x0000001e721fe780:   0000001e721fe780 0000000000000000
0x0000001e721fe790:   0000001e00000000 000001f8a3095101
0x0000001e721fe7a0:   0000000000000000 00007ffe716edaad
0x0000001e721fe7b0:   0000a6c1cfcf1b39 0000000000000000
0x0000001e721fe7c0:   000001f8a5afd800 0000001e721ff040
0x0000001e721fe7d0:   000001f8a88a4510 0000000000000000
0x0000001e721fe7e0:   0000001e721ff018 00007ffeb315c9b2
0x0000001e721fe7f0:   0000001e718fc600 0000000000000000
0x0000001e721fe800:   00007ffe716eda90 0000001e718fc600
0x0000001e721fe810:   0000000000000048 00004dab459763e2
0x0000001e721fe820:   0000000000000000 00007ffe716ec882
0x0000001e721fe830:   2473636974736974 ffffffff00000000
0x0000001e721fe840:   00007ffe65747379 000001f8ab320c20 

Instructions: (pc=0x00007ffe716ec6f9)
0x00007ffe716ec5f9:   48 89 4c 24 08 48 81 ec d8 00 00 00 48 8b 05 3c
0x00007ffe716ec609:   7c 10 00 48 33 c4 48 89 84 24 c8 00 00 00 c7 44
0x00007ffe716ec619:   24 40 00 00 00 00 81 bc 24 e8 00 00 00 e3 03 00
0x00007ffe716ec629:   00 0f 85 c1 00 00 00 ba 03 00 00 00 48 8b 0d d4
0x00007ffe716ec639:   ae 10 00 e8 01 a3 fe ff 0f b6 c0 85 c0 74 7a 48
0x00007ffe716ec649:   8b 84 24 e0 00 00 00 8b 40 68 89 44 24 44 48 8b
0x00007ffe716ec659:   84 24 e0 00 00 00 48 83 c0 08 48 8b d0 48 8d 8c
0x00007ffe716ec669:   24 88 00 00 00 e8 c3 4f fe ff 48 89 44 24 50 48
0x00007ffe716ec679:   8b 44 24 50 48 89 44 24 58 8b 44 24 40 83 c8 01
0x00007ffe716ec689:   89 44 24 40 48 8b 4c 24 58 e8 93 51 fe ff 48 89
0x00007ffe716ec699:   44 24 60 8b 44 24 44 89 44 24 20 4c 8b 4c 24 60
0x00007ffe716ec6a9:   4c 8d 05 a0 ae 0d 00 ba 03 00 00 00 48 8b 0d 54
0x00007ffe716ec6b9:   ae 10 00 e8 d1 70 fe ff 90 8b 44 24 40 83 e0 01
0x00007ffe716ec6c9:   85 c0 74 12 83 64 24 40 fe 48 8d 8c 24 88 00 00
0x00007ffe716ec6d9:   00 e8 c0 59 fe ff 48 8b 8c 24 e0 00 00 00 e8 3a
0x00007ffe716ec6e9:   9b fe ff e9 36 01 00 00 48 8b 84 24 e0 00 00 00
0x00007ffe716ec6f9:   83 78 68 01 0f 84 cb 00 00 00 ba 03 00 00 00 48
0x00007ffe716ec709:   8b 0d 01 ae 10 00 e8 2e a2 fe ff 0f b6 c0 85 c0
0x00007ffe716ec719:   0f 84 90 00 00 00 48 8b 84 24 e0 00 00 00 8b 40
0x00007ffe716ec729:   68 89 44 24 48 48 8b 84 24 e0 00 00 00 48 83 c0
0x00007ffe716ec739:   08 48 8b d0 48 8d 8c 24 a8 00 00 00 e8 ec 4e fe
0x00007ffe716ec749:   ff 48 89 44 24 68 48 8b 44 24 68 48 89 44 24 70
0x00007ffe716ec759:   8b 44 24 40 83 c8 02 89 44 24 40 48 8b 4c 24 70
0x00007ffe716ec769:   e8 bc 50 fe ff 48 89 44 24 78 8b 44 24 48 89 44
0x00007ffe716ec779:   24 30 8b 84 24 e8 00 00 00 89 44 24 28 8b 84 24
0x00007ffe716ec789:   f0 00 00 00 89 44 24 20 4c 8b 4c 24 78 4c 8d 05
0x00007ffe716ec799:   e3 ad 0d 00 ba 03 00 00 00 48 8b 0d 67 ad 10 00
0x00007ffe716ec7a9:   e8 e4 6f fe ff 90 8b 44 24 40 83 e0 02 85 c0 74
0x00007ffe716ec7b9:   12 83 64 24 40 fd 48 8d 8c 24 a8 00 00 00 e8 d3
0x00007ffe716ec7c9:   58 fe ff eb 59 48 8b 84 24 e0 00 00 00 c7 40 68
0x00007ffe716ec7d9:   00 00 00 00 48 8b 84 24 e0 00 00 00 48 8b 00 48
0x00007ffe716ec7e9:   89 84 24 80 00 00 00 48 8b 84 24 e0 00 00 00 48 


Stack slot to memory mapping:
stack at sp + 0 slots: 0x0000001e721fe790 is pointing into the stack for thread: 0x000001f8a5afd800
stack at sp + 1 slots: 0x0000001e718fc640 is pointing into the stack for thread: 0x000001f8a62b9000
stack at sp + 2 slots: 0x0 is NULL
stack at sp + 3 slots: 0x000001f8ab320c40 points into unknown readable memory: 56 69 72 74 75 61 6c 46
stack at sp + 4 slots: 0x0000000000000101 is an unknown value
stack at sp + 5 slots: 0x000000000000027e is an unknown value
stack at sp + 6 slots: 0x0000001e721fe780 is pointing into the stack for thread: 0x000001f8a5afd800
stack at sp + 7 slots: 0x0 is NULL


---------------  P R O C E S S  ---------------

Threads class SMR info:
_java_thread_list=0x000001f8accf6070, length=45, elements={
0x000001f88899a800, 0x000001f8a2c06000, 0x000001f8a2c07800, 0x000001f8a34f5800,
0x000001f8a34f7000, 0x000001f8a34f8000, 0x000001f8a34fd000, 0x000001f8a351b000,
0x000001f8a3688800, 0x000001f8a36a8800, 0x000001f8a58d8000, 0x000001f8a5338800,
0x000001f8a5d41800, 0x000001f8a4d56800, 0x000001f8a59b3000, 0x000001f8a60f7800,
0x000001f8a62b9000, 0x000001f8a627a000, 0x000001f8a6114800, 0x000001f8a451a800,
0x000001f8a5aff000, 0x000001f8a5b00000, 0x000001f8a5b02800, 0x000001f8a5b00800,
0x000001f8a5afd800, 0x000001f8a5b01800, 0x000001f8a5b04000, 0x000001f8a5afe000,
0x000001f8a5b03000, 0x000001f8a5fc3000, 0x000001f8a5fc3800, 0x000001f8a5fbe000,
0x000001f8a5fbe800, 0x000001f8a5fc4800, 0x000001f8a5fc1000, 0x000001f8a5fc2000,
0x000001f8a5fc5000, 0x000001f8a5fbf800, 0x000001f8a5fcb000, 0x000001f8a5fcb800,
0x000001f8a5fc9800, 0x000001f8a5fca000, 0x000001f8ac52b800, 0x000001f8ac526800,
0x000001f8ac526000
}

Java Threads: ( => current thread )
  0x000001f88899a800 JavaThread "main" [_thread_blocked, id=2368, stack(0x0000001e6fe00000,0x0000001e6ff00000)]
  0x000001f8a2c06000 JavaThread "Reference Handler" daemon [_thread_blocked, id=328, stack(0x0000001e70500000,0x0000001e70600000)]
  0x000001f8a2c07800 JavaThread "Finalizer" daemon [_thread_blocked, id=14680, stack(0x0000001e70600000,0x0000001e70700000)]
  0x000001f8a34f5800 JavaThread "Signal Dispatcher" daemon [_thread_blocked, id=12296, stack(0x0000001e70700000,0x0000001e70800000)]
  0x000001f8a34f7000 JavaThread "Attach Listener" daemon [_thread_blocked, id=1804, stack(0x0000001e70800000,0x0000001e70900000)]
  0x000001f8a34f8000 JavaThread "C2 CompilerThread0" daemon [_thread_blocked, id=1224, stack(0x0000001e70900000,0x0000001e70a00000)]
  0x000001f8a34fd000 JavaThread "C1 CompilerThread0" daemon [_thread_blocked, id=11176, stack(0x0000001e70a00000,0x0000001e70b00000)]
  0x000001f8a351b000 JavaThread "Sweeper thread" daemon [_thread_blocked, id=13608, stack(0x0000001e70b00000,0x0000001e70c00000)]
  0x000001f8a3688800 JavaThread "Common-Cleaner" daemon [_thread_blocked, id=13756, stack(0x0000001e70c00000,0x0000001e70d00000)]
  0x000001f8a36a8800 JavaThread "Service Thread" daemon [_thread_blocked, id=2144, stack(0x0000001e70d00000,0x0000001e70e00000)]
  0x000001f8a58d8000 JavaThread "Daemon health stats" [_thread_blocked, id=14512, stack(0x0000001e71300000,0x0000001e71400000)]
  0x000001f8a5338800 JavaThread "Incoming local TCP Connector on port 54959" [_thread_in_native, id=15292, stack(0x0000001e70f00000,0x0000001e71000000)]
  0x000001f8a5d41800 JavaThread "Daemon periodic checks" [_thread_blocked, id=11144, stack(0x0000001e71400000,0x0000001e71500000)]
  0x000001f8a4d56800 JavaThread "Daemon" [_thread_blocked, id=16836, stack(0x0000001e71500000,0x0000001e71600000)]
  0x000001f8a59b3000 JavaThread "Handler for socket connection from /127.0.0.1:54959 to /127.0.0.1:54960" [_thread_in_native, id=3044, stack(0x0000001e71600000,0x0000001e71700000)]
  0x000001f8a60f7800 JavaThread "Cancel handler" [_thread_blocked, id=15276, stack(0x0000001e71700000,0x0000001e71800000)]
  0x000001f8a62b9000 JavaThread "Daemon worker" [_thread_in_native_trans, id=936, stack(0x0000001e71800000,0x0000001e71900000)]
  0x000001f8a627a000 JavaThread "Asynchronous log dispatcher for DefaultDaemonConnection: socket connection from /127.0.0.1:54959 to /127.0.0.1:54960" [_thread_blocked, id=17520, stack(0x0000001e71900000,0x0000001e71a00000)]
  0x000001f8a6114800 JavaThread "Stdin handler" [_thread_blocked, id=11416, stack(0x0000001e71a00000,0x0000001e71b00000)]
  0x000001f8a451a800 JavaThread "Daemon client event forwarder" [_thread_blocked, id=7772, stack(0x0000001e71b00000,0x0000001e71c00000)]
  0x000001f8a5aff000 JavaThread "Cache worker for file hash cache (C:\Users\Public\.gradle\caches\7.0.2\fileHashes)" [_thread_blocked, id=17892, stack(0x0000001e71c00000,0x0000001e71d00000)]
  0x000001f8a5b00000 JavaThread "File lock request listener" [_thread_in_native, id=17880, stack(0x0000001e71d00000,0x0000001e71e00000)]
  0x000001f8a5b02800 JavaThread "Cache worker for journal cache (C:\Users\Public\.gradle\caches\journal-1)" [_thread_blocked, id=17336, stack(0x0000001e71e00000,0x0000001e71f00000)]
  0x000001f8a5b00800 JavaThread "Cache worker for file hash cache (P:\CS371\hiveframework\.gradle\7.0.2\fileHashes)" [_thread_blocked, id=18120, stack(0x0000001e72000000,0x0000001e72100000)]
=>0x000001f8a5afd800 JavaThread "File watcher server" daemon [_thread_in_native, id=4888, stack(0x0000001e72100000,0x0000001e72200000)]
  0x000001f8a5b01800 JavaThread "File watcher consumer" daemon [_thread_blocked, id=14932, stack(0x0000001e72200000,0x0000001e72300000)]
  0x000001f8a5b04000 JavaThread "Cache worker for checksums cache (P:\CS371\hiveframework\.gradle\checksums)" [_thread_blocked, id=860, stack(0x0000001e72300000,0x0000001e72400000)]
  0x000001f8a5afe000 Thread [stack: 0x0000001e72400000,0x0000001e72500000] [id=14088]
  0x000001f8a5b03000 JavaThread "Cache worker for cache directory md-rule (C:\Users\Public\.gradle\caches\7.0.2\md-rule)" [_thread_blocked, id=9264, stack(0x0000001e72500000,0x0000001e72600000)]
  0x000001f8a5fc3000 JavaThread "Cache worker for execution history cache (C:\Users\Public\.gradle\caches\7.0.2\executionHistory)" [_thread_blocked, id=14548, stack(0x0000001e72600000,0x0000001e72700000)]
  0x000001f8a5fc3800 JavaThread "jar transforms" [_thread_blocked, id=2320, stack(0x0000001e72700000,0x0000001e72800000)]
  0x000001f8a5fbe000 JavaThread "jar transforms Thread 2" [_thread_blocked, id=10928, stack(0x0000001e72800000,0x0000001e72900000)]
  0x000001f8a5fbe800 JavaThread "Cache worker for file content cache (C:\Users\Public\.gradle\caches\7.0.2\fileContent)" [_thread_blocked, id=1248, stack(0x0000001e72900000,0x0000001e72a00000)]
  0x000001f8a5fc4800 JavaThread "Cache worker for dependencies-accessors (P:\CS371\hiveframework\.gradle\7.0.2\dependencies-accessors)" [_thread_blocked, id=2160, stack(0x0000001e72a00000,0x0000001e72b00000)]
  0x000001f8a5fc1000 JavaThread "jar transforms Thread 3" [_thread_blocked, id=7120, stack(0x0000001e72b00000,0x0000001e72c00000)]
  0x000001f8a5fc2000 JavaThread "Cache worker for Build Output Cleanup Cache (P:\CS371\hiveframework\.gradle\buildOutputCleanup)" [_thread_blocked, id=3872, stack(0x0000001e72c00000,0x0000001e72d00000)]
  0x000001f8a5fc5000 JavaThread "Build operations" [_thread_blocked, id=12984, stack(0x0000001e72d00000,0x0000001e72e00000)]
  0x000001f8a5fbf800 JavaThread "Build operations Thread 2" [_thread_blocked, id=3396, stack(0x0000001e72e00000,0x0000001e72f00000)]
  0x000001f8a5fcb000 JavaThread "Build operations Thread 3" [_thread_blocked, id=9620, stack(0x0000001e72f00000,0x0000001e73000000)]
  0x000001f8a5fcb800 JavaThread "Build operations Thread 4" [_thread_blocked, id=18208, stack(0x0000001e73000000,0x0000001e73100000)]
  0x000001f8a5fc9800 JavaThread "jar transforms Thread 4" [_thread_blocked, id=9596, stack(0x0000001e73100000,0x0000001e73200000)]
  0x000001f8a5fca000 JavaThread "Memory manager" [_thread_blocked, id=17108, stack(0x0000001e73200000,0x0000001e73300000)]
  0x000001f8ac52b800 JavaThread "Cache worker for execution history cache (P:\CS371\hiveframework\.gradle\7.0.2\executionHistory)" [_thread_blocked, id=868, stack(0x0000001e73800000,0x0000001e73900000)]
  0x000001f8ac526800 JavaThread "Cache worker for Java compile cache (C:\Users\Public\.gradle\caches\7.0.2\javaCompile)" [_thread_blocked, id=18368, stack(0x0000001e73900000,0x0000001e73a00000)]
  0x000001f8ac526000 JavaThread "Cache worker for Java compile cache (P:\CS371\hiveframework\.gradle\7.0.2\javaCompile)" [_thread_blocked, id=17964, stack(0x0000001e73a00000,0x0000001e73b00000)]

Other Threads:
  0x000001f8a34a7000 VMThread "VM Thread" [stack: 0x0000001e70400000,0x0000001e70500000] [id=16072]
  0x000001f8a36db000 WatcherThread [stack: 0x0000001e70e00000,0x0000001e70f00000] [id=4580]
  0x000001f8889b1800 GCTaskThread "GC Thread#0" [stack: 0x0000001e6ff00000,0x0000001e70000000] [id=15728]
  0x000001f8a3f9a800 GCTaskThread "GC Thread#1" [stack: 0x0000001e71000000,0x0000001e71100000] [id=15048]
  0x000001f8a3bc6000 GCTaskThread "GC Thread#2" [stack: 0x0000001e71100000,0x0000001e71200000] [id=12268]
  0x000001f8a42d5800 GCTaskThread "GC Thread#3" [stack: 0x0000001e71200000,0x0000001e71300000] [id=17352]
  0x000001f8889e2800 ConcurrentGCThread "G1 Main Marker" [stack: 0x0000001e70000000,0x0000001e70100000] [id=17088]
  0x000001f8889e4800 ConcurrentGCThread "G1 Conc#0" [stack: 0x0000001e70100000,0x0000001e70200000] [id=15032]
  0x000001f8a2ad6800 ConcurrentGCThread "G1 Refine#0" [stack: 0x0000001e70200000,0x0000001e70300000] [id=7340]
  0x000001f8a2ad7800 ConcurrentGCThread "G1 Young RemSet Sampling" [stack: 0x0000001e70300000,0x0000001e70400000] [id=6312]

Threads with active compile tasks:

VM state:not at safepoint (normal execution)

VM Mutex/Monitor currently owned by a thread: None

Heap address: 0x0000000080000000, size: 2048 MB, Compressed Oops mode: 32-bit
Narrow klass base: 0x0000000000000000, Narrow klass shift: 3
Compressed class space size: 1073741824 Address: 0x0000000100000000

Heap:
 garbage-first heap   total 262144K, used 68574K [0x0000000080000000, 0x0000000100000000)
  region size 1024K, 16 young (16384K), 12 survivors (12288K)
 Metaspace       used 92005K, capacity 94378K, committed 94576K, reserved 1132544K
  class space    used 11653K, capacity 12515K, committed 12620K, reserved 1048576K
Heap Regions: E=young(eden), S=young(survivor), O=old, HS=humongous(starts), HC=humongous(continues), CS=collection set, F=free, A=archive, TAMS=top-at-mark-start (previous, next)
|   0|0x0000000080000000, 0x0000000080100000, 0x0000000080100000|100%| O|  |TAMS 0x0000000080100000, 0x0000000080000000| Untracked 
|   1|0x0000000080100000, 0x0000000080200000, 0x0000000080200000|100%| O|  |TAMS 0x0000000080200000, 0x0000000080100000| Untracked 
|   2|0x0000000080200000, 0x0000000080300000, 0x0000000080300000|100%| O|  |TAMS 0x0000000080300000, 0x0000000080200000| Untracked 
|   3|0x0000000080300000, 0x0000000080400000, 0x0000000080400000|100%|HS|  |TAMS 0x0000000080400000, 0x0000000080300000| Complete 
|   4|0x0000000080400000, 0x0000000080500000, 0x0000000080500000|100%|HC|  |TAMS 0x0000000080500000, 0x0000000080400000| Complete 
|   5|0x0000000080500000, 0x0000000080600000, 0x0000000080600000|100%|HC|  |TAMS 0x0000000080600000, 0x0000000080500000| Complete 
|   6|0x0000000080600000, 0x0000000080700000, 0x0000000080700000|100%| O|  |TAMS 0x0000000080700000, 0x0000000080600000| Untracked 
|   7|0x0000000080700000, 0x0000000080800000, 0x0000000080800000|100%| O|  |TAMS 0x0000000080800000, 0x0000000080700000| Untracked 
|   8|0x0000000080800000, 0x0000000080900000, 0x0000000080900000|100%| O|  |TAMS 0x0000000080900000, 0x0000000080800000| Untracked 
|   9|0x0000000080900000, 0x0000000080a00000, 0x0000000080a00000|100%| O|  |TAMS 0x0000000080a00000, 0x0000000080900000| Untracked 
|  10|0x0000000080a00000, 0x0000000080b00000, 0x0000000080b00000|100%| O|  |TAMS 0x0000000080b00000, 0x0000000080a00000| Untracked 
|  11|0x0000000080b00000, 0x0000000080c00000, 0x0000000080c00000|100%| O|  |TAMS 0x0000000080c00000, 0x0000000080b00000| Untracked 
|  12|0x0000000080c00000, 0x0000000080d00000, 0x0000000080d00000|100%| O|  |TAMS 0x0000000080d00000, 0x0000000080c00000| Untracked 
|  13|0x0000000080d00000, 0x0000000080e00000, 0x0000000080e00000|100%|HS|  |TAMS 0x0000000080e00000, 0x0000000080d00000| Complete 
|  14|0x0000000080e00000, 0x0000000080f00000, 0x0000000080f00000|100%|HS|  |TAMS 0x0000000080f00000, 0x0000000080e00000| Complete 
|  15|0x0000000080f00000, 0x0000000081000000, 0x0000000081000000|100%|HC|  |TAMS 0x0000000081000000, 0x0000000080f00000| Complete 
|  16|0x0000000081000000, 0x0000000081100000, 0x0000000081100000|100%| O|  |TAMS 0x0000000081100000, 0x0000000081000000| Untracked 
|  17|0x0000000081100000, 0x0000000081200000, 0x0000000081200000|100%| O|  |TAMS 0x0000000081200000, 0x0000000081100000| Untracked 
|  18|0x0000000081200000, 0x0000000081300000, 0x0000000081300000|100%| O|  |TAMS 0x0000000081300000, 0x0000000081200000| Untracked 
|  19|0x0000000081300000, 0x0000000081400000, 0x0000000081400000|100%| O|  |TAMS 0x0000000081400000, 0x0000000081300000| Untracked 
|  20|0x0000000081400000, 0x0000000081500000, 0x0000000081500000|100%| O|  |TAMS 0x0000000081500000, 0x0000000081400000| Untracked 
|  21|0x0000000081500000, 0x0000000081600000, 0x0000000081600000|100%| O|  |TAMS 0x0000000081600000, 0x0000000081500000| Untracked 
|  22|0x0000000081600000, 0x0000000081700000, 0x0000000081700000|100%| O|  |TAMS 0x0000000081600000, 0x0000000081600000| Untracked 
|  23|0x0000000081700000, 0x0000000081800000, 0x0000000081800000|100%| O|  |TAMS 0x0000000081800000, 0x0000000081700000| Untracked 
|  24|0x0000000081800000, 0x0000000081900000, 0x0000000081900000|100%| O|  |TAMS 0x0000000081900000, 0x0000000081800000| Untracked 
|  25|0x0000000081900000, 0x0000000081a00000, 0x0000000081a00000|100%| O|  |TAMS 0x0000000081a00000, 0x0000000081900000| Untracked 
|  26|0x0000000081a00000, 0x0000000081b00000, 0x0000000081b00000|100%| O|  |TAMS 0x0000000081b00000, 0x0000000081a00000| Untracked 
|  27|0x0000000081b00000, 0x0000000081c00000, 0x0000000081c00000|100%| O|  |TAMS 0x0000000081c00000, 0x0000000081b00000| Untracked 
|  28|0x0000000081c00000, 0x0000000081d00000, 0x0000000081d00000|100%| O|  |TAMS 0x0000000081d00000, 0x0000000081c00000| Untracked 
|  29|0x0000000081d00000, 0x0000000081e00000, 0x0000000081e00000|100%| O|  |TAMS 0x0000000081e00000, 0x0000000081d00000| Untracked 
|  30|0x0000000081e00000, 0x0000000081f00000, 0x0000000081f00000|100%| O|  |TAMS 0x0000000081f00000, 0x0000000081e00000| Untracked 
|  31|0x0000000081f00000, 0x0000000082000000, 0x0000000082000000|100%| O|  |TAMS 0x0000000081fc0c00, 0x0000000081f00000| Untracked 
|  32|0x0000000082000000, 0x0000000082100000, 0x0000000082100000|100%| O|  |TAMS 0x0000000082000000, 0x0000000082000000| Untracked 
|  33|0x0000000082100000, 0x0000000082200000, 0x0000000082200000|100%| O|  |TAMS 0x0000000082100000, 0x0000000082100000| Untracked 
|  34|0x0000000082200000, 0x0000000082300000, 0x0000000082300000|100%| O|  |TAMS 0x0000000082200000, 0x0000000082200000| Untracked 
|  35|0x0000000082300000, 0x0000000082400000, 0x0000000082400000|100%| O|  |TAMS 0x0000000082300000, 0x0000000082300000| Untracked 
|  36|0x0000000082400000, 0x0000000082500000, 0x0000000082500000|100%| O|  |TAMS 0x0000000082400000, 0x0000000082400000| Untracked 
|  37|0x0000000082500000, 0x0000000082600000, 0x0000000082600000|100%| O|  |TAMS 0x0000000082500000, 0x0000000082500000| Untracked 
|  38|0x0000000082600000, 0x0000000082700000, 0x0000000082700000|100%| O|  |TAMS 0x0000000082600000, 0x0000000082600000| Untracked 
|  39|0x0000000082700000, 0x0000000082800000, 0x0000000082800000|100%| O|  |TAMS 0x0000000082700000, 0x0000000082700000| Untracked 
|  40|0x0000000082800000, 0x0000000082900000, 0x0000000082900000|100%| O|  |TAMS 0x0000000082800000, 0x0000000082800000| Untracked 
|  41|0x0000000082900000, 0x0000000082a00000, 0x0000000082a00000|100%|HS|  |TAMS 0x0000000082900000, 0x0000000082900000| Complete 
|  42|0x0000000082a00000, 0x0000000082b00000, 0x0000000082b00000|100%|HC|  |TAMS 0x0000000082a00000, 0x0000000082a00000| Complete 
|  43|0x0000000082b00000, 0x0000000082c00000, 0x0000000082c00000|100%| O|  |TAMS 0x0000000082b00000, 0x0000000082b00000| Untracked 
|  44|0x0000000082c00000, 0x0000000082d00000, 0x0000000082d00000|100%| O|  |TAMS 0x0000000082c00000, 0x0000000082c00000| Untracked 
|  45|0x0000000082d00000, 0x0000000082e00000, 0x0000000082e00000|100%| O|  |TAMS 0x0000000082d00000, 0x0000000082d00000| Untracked 
|  46|0x0000000082e00000, 0x0000000082f00000, 0x0000000082f00000|100%| O|  |TAMS 0x0000000082e00000, 0x0000000082e00000| Untracked 
|  47|0x0000000082f00000, 0x0000000083000000, 0x0000000083000000|100%| O|  |TAMS 0x0000000082f00000, 0x0000000082f00000| Untracked 
|  48|0x0000000083000000, 0x0000000083100000, 0x0000000083100000|100%| O|  |TAMS 0x0000000083000000, 0x0000000083000000| Untracked 
|  49|0x0000000083100000, 0x0000000083200000, 0x0000000083200000|100%| O|  |TAMS 0x0000000083100000, 0x0000000083100000| Untracked 
|  50|0x0000000083200000, 0x0000000083300000, 0x0000000083300000|100%| O|  |TAMS 0x0000000083200000, 0x0000000083200000| Untracked 
|  51|0x0000000083300000, 0x0000000083400000, 0x0000000083400000|100%| O|  |TAMS 0x0000000083300000, 0x0000000083300000| Untracked 
|  52|0x0000000083400000, 0x0000000083500000, 0x0000000083500000|100%| O|  |TAMS 0x0000000083400000, 0x0000000083400000| Untracked 
|  53|0x0000000083500000, 0x000000008355f400, 0x0000000083600000| 37%| O|  |TAMS 0x0000000083500000, 0x0000000083500000| Untracked 
|  54|0x0000000083600000, 0x0000000083600000, 0x0000000083700000|  0%| F|  |TAMS 0x0000000083600000, 0x0000000083600000| Untracked 
|  55|0x0000000083700000, 0x0000000083700000, 0x0000000083800000|  0%| F|  |TAMS 0x0000000083700000, 0x0000000083700000| Untracked 
|  56|0x0000000083800000, 0x0000000083800000, 0x0000000083900000|  0%| F|  |TAMS 0x0000000083800000, 0x0000000083800000| Untracked 
|  57|0x0000000083900000, 0x0000000083900000, 0x0000000083a00000|  0%| F|  |TAMS 0x0000000083900000, 0x0000000083900000| Untracked 
|  58|0x0000000083a00000, 0x0000000083a00000, 0x0000000083b00000|  0%| F|  |TAMS 0x0000000083a00000, 0x0000000083a00000| Untracked 
|  59|0x0000000083b00000, 0x0000000083b00000, 0x0000000083c00000|  0%| F|  |TAMS 0x0000000083b00000, 0x0000000083b00000| Untracked 
|  60|0x0000000083c00000, 0x0000000083c00000, 0x0000000083d00000|  0%| F|  |TAMS 0x0000000083c00000, 0x0000000083c00000| Untracked 
|  61|0x0000000083d00000, 0x0000000083d00000, 0x0000000083e00000|  0%| F|  |TAMS 0x0000000083d00000, 0x0000000083d00000| Untracked 
|  62|0x0000000083e00000, 0x0000000083e00000, 0x0000000083f00000|  0%| F|  |TAMS 0x0000000083e00000, 0x0000000083e00000| Untracked 
|  63|0x0000000083f00000, 0x0000000083f00000, 0x0000000084000000|  0%| F|  |TAMS 0x0000000083f00000, 0x0000000083f00000| Untracked 
|  64|0x0000000084000000, 0x0000000084000000, 0x0000000084100000|  0%| F|  |TAMS 0x0000000084000000, 0x0000000084000000| Untracked 
|  65|0x0000000084100000, 0x0000000084100000, 0x0000000084200000|  0%| F|  |TAMS 0x0000000084100000, 0x0000000084100000| Untracked 
|  66|0x0000000084200000, 0x0000000084200000, 0x0000000084300000|  0%| F|  |TAMS 0x0000000084200000, 0x0000000084200000| Untracked 
|  67|0x0000000084300000, 0x0000000084300000, 0x0000000084400000|  0%| F|  |TAMS 0x0000000084300000, 0x0000000084300000| Untracked 
|  68|0x0000000084400000, 0x0000000084400000, 0x0000000084500000|  0%| F|  |TAMS 0x0000000084400000, 0x0000000084400000| Untracked 
|  69|0x0000000084500000, 0x0000000084500000, 0x0000000084600000|  0%| F|  |TAMS 0x0000000084500000, 0x0000000084500000| Untracked 
|  70|0x0000000084600000, 0x0000000084600000, 0x0000000084700000|  0%| F|  |TAMS 0x0000000084600000, 0x0000000084600000| Untracked 
|  71|0x0000000084700000, 0x0000000084700000, 0x0000000084800000|  0%| F|  |TAMS 0x0000000084700000, 0x0000000084700000| Untracked 
|  72|0x0000000084800000, 0x0000000084800000, 0x0000000084900000|  0%| F|  |TAMS 0x0000000084800000, 0x0000000084800000| Untracked 
|  73|0x0000000084900000, 0x0000000084900000, 0x0000000084a00000|  0%| F|  |TAMS 0x0000000084900000, 0x0000000084900000| Untracked 
|  74|0x0000000084a00000, 0x0000000084a00000, 0x0000000084b00000|  0%| F|  |TAMS 0x0000000084a00000, 0x0000000084a00000| Untracked 
|  75|0x0000000084b00000, 0x0000000084b00000, 0x0000000084c00000|  0%| F|  |TAMS 0x0000000084b00000, 0x0000000084b00000| Untracked 
|  76|0x0000000084c00000, 0x0000000084c00000, 0x0000000084d00000|  0%| F|  |TAMS 0x0000000084c00000, 0x0000000084c00000| Untracked 
|  77|0x0000000084d00000, 0x0000000084d00000, 0x0000000084e00000|  0%| F|  |TAMS 0x0000000084d00000, 0x0000000084d00000| Untracked 
|  78|0x0000000084e00000, 0x0000000084e00000, 0x0000000084f00000|  0%| F|  |TAMS 0x0000000084e00000, 0x0000000084e00000| Untracked 
|  79|0x0000000084f00000, 0x0000000084f00000, 0x0000000085000000|  0%| F|  |TAMS 0x0000000084f00000, 0x0000000084f00000| Untracked 
|  80|0x0000000085000000, 0x0000000085000000, 0x0000000085100000|  0%| F|  |TAMS 0x0000000085000000, 0x0000000085000000| Untracked 
|  81|0x0000000085100000, 0x0000000085100000, 0x0000000085200000|  0%| F|  |TAMS 0x0000000085100000, 0x0000000085100000| Untracked 
|  82|0x0000000085200000, 0x0000000085200000, 0x0000000085300000|  0%| F|  |TAMS 0x0000000085200000, 0x0000000085200000| Untracked 
|  83|0x0000000085300000, 0x0000000085300000, 0x0000000085400000|  0%| F|  |TAMS 0x0000000085300000, 0x0000000085300000| Untracked 
|  84|0x0000000085400000, 0x0000000085400000, 0x0000000085500000|  0%| F|  |TAMS 0x0000000085400000, 0x0000000085400000| Untracked 
|  85|0x0000000085500000, 0x0000000085500000, 0x0000000085600000|  0%| F|  |TAMS 0x0000000085500000, 0x0000000085500000| Untracked 
|  86|0x0000000085600000, 0x0000000085600000, 0x0000000085700000|  0%| F|  |TAMS 0x0000000085600000, 0x0000000085600000| Untracked 
|  87|0x0000000085700000, 0x0000000085700000, 0x0000000085800000|  0%| F|  |TAMS 0x0000000085700000, 0x0000000085700000| Untracked 
|  88|0x0000000085800000, 0x0000000085800000, 0x0000000085900000|  0%| F|  |TAMS 0x0000000085800000, 0x0000000085800000| Untracked 
|  89|0x0000000085900000, 0x0000000085900000, 0x0000000085a00000|  0%| F|  |TAMS 0x0000000085900000, 0x0000000085900000| Untracked 
|  90|0x0000000085a00000, 0x0000000085a00000, 0x0000000085b00000|  0%| F|  |TAMS 0x0000000085a00000, 0x0000000085a00000| Untracked 
|  91|0x0000000085b00000, 0x0000000085b98750, 0x0000000085c00000| 59%| S|CS|TAMS 0x0000000085b00000, 0x0000000085b00000| Complete 
|  92|0x0000000085c00000, 0x0000000085d00000, 0x0000000085d00000|100%| S|CS|TAMS 0x0000000085c00000, 0x0000000085c00000| Complete 
|  93|0x0000000085d00000, 0x0000000085e00000, 0x0000000085e00000|100%| S|CS|TAMS 0x0000000085d00000, 0x0000000085d00000| Complete 
|  94|0x0000000085e00000, 0x0000000085f00000, 0x0000000085f00000|100%| S|CS|TAMS 0x0000000085e00000, 0x0000000085e00000| Complete 
|  95|0x0000000085f00000, 0x0000000086000000, 0x0000000086000000|100%| S|CS|TAMS 0x0000000085f00000, 0x0000000085f00000| Complete 
|  96|0x0000000086000000, 0x0000000086100000, 0x0000000086100000|100%| S|CS|TAMS 0x0000000086000000, 0x0000000086000000| Complete 
|  97|0x0000000086100000, 0x0000000086200000, 0x0000000086200000|100%| S|CS|TAMS 0x0000000086100000, 0x0000000086100000| Complete 
|  98|0x0000000086200000, 0x0000000086300000, 0x0000000086300000|100%| S|CS|TAMS 0x0000000086200000, 0x0000000086200000| Complete 
|  99|0x0000000086300000, 0x0000000086400000, 0x0000000086400000|100%| S|CS|TAMS 0x0000000086300000, 0x0000000086300000| Complete 
| 100|0x0000000086400000, 0x0000000086500000, 0x0000000086500000|100%| S|CS|TAMS 0x0000000086400000, 0x0000000086400000| Complete 
| 101|0x0000000086500000, 0x0000000086600000, 0x0000000086600000|100%| S|CS|TAMS 0x0000000086500000, 0x0000000086500000| Complete 
| 102|0x0000000086600000, 0x0000000086700000, 0x0000000086700000|100%| S|CS|TAMS 0x0000000086600000, 0x0000000086600000| Complete 
| 103|0x0000000086700000, 0x0000000086700000, 0x0000000086800000|  0%| F|  |TAMS 0x0000000086700000, 0x0000000086700000| Untracked 
| 104|0x0000000086800000, 0x0000000086800000, 0x0000000086900000|  0%| F|  |TAMS 0x0000000086800000, 0x0000000086800000| Untracked 
| 105|0x0000000086900000, 0x0000000086900000, 0x0000000086a00000|  0%| F|  |TAMS 0x0000000086900000, 0x0000000086900000| Untracked 
| 106|0x0000000086a00000, 0x0000000086a00000, 0x0000000086b00000|  0%| F|  |TAMS 0x0000000086a00000, 0x0000000086a00000| Untracked 
| 107|0x0000000086b00000, 0x0000000086b00000, 0x0000000086c00000|  0%| F|  |TAMS 0x0000000086b00000, 0x0000000086b00000| Untracked 
| 108|0x0000000086c00000, 0x0000000086c00000, 0x0000000086d00000|  0%| F|  |TAMS 0x0000000086c00000, 0x0000000086c00000| Untracked 
| 109|0x0000000086d00000, 0x0000000086d00000, 0x0000000086e00000|  0%| F|  |TAMS 0x0000000086d00000, 0x0000000086d00000| Untracked 
| 110|0x0000000086e00000, 0x0000000086e00000, 0x0000000086f00000|  0%| F|  |TAMS 0x0000000086e00000, 0x0000000086e00000| Untracked 
| 111|0x0000000086f00000, 0x0000000086f00000, 0x0000000087000000|  0%| F|  |TAMS 0x0000000086f00000, 0x0000000086f00000| Untracked 
| 112|0x0000000087000000, 0x0000000087000000, 0x0000000087100000|  0%| F|  |TAMS 0x0000000087000000, 0x0000000087000000| Untracked 
| 113|0x0000000087100000, 0x0000000087100000, 0x0000000087200000|  0%| F|  |TAMS 0x0000000087100000, 0x0000000087100000| Untracked 
| 114|0x0000000087200000, 0x0000000087200000, 0x0000000087300000|  0%| F|  |TAMS 0x0000000087200000, 0x0000000087200000| Untracked 
| 115|0x0000000087300000, 0x0000000087300000, 0x0000000087400000|  0%| F|  |TAMS 0x0000000087300000, 0x0000000087300000| Untracked 
| 116|0x0000000087400000, 0x0000000087400000, 0x0000000087500000|  0%| F|  |TAMS 0x0000000087400000, 0x0000000087400000| Untracked 
| 117|0x0000000087500000, 0x0000000087500000, 0x0000000087600000|  0%| F|  |TAMS 0x0000000087500000, 0x0000000087500000| Untracked 
| 118|0x0000000087600000, 0x0000000087600000, 0x0000000087700000|  0%| F|  |TAMS 0x0000000087600000, 0x0000000087600000| Untracked 
| 119|0x0000000087700000, 0x0000000087700000, 0x0000000087800000|  0%| F|  |TAMS 0x0000000087700000, 0x0000000087700000| Untracked 
| 120|0x0000000087800000, 0x0000000087800000, 0x0000000087900000|  0%| F|  |TAMS 0x0000000087800000, 0x0000000087800000| Untracked 
| 121|0x0000000087900000, 0x0000000087900000, 0x0000000087a00000|  0%| F|  |TAMS 0x0000000087900000, 0x0000000087900000| Untracked 
| 122|0x0000000087a00000, 0x0000000087a00000, 0x0000000087b00000|  0%| F|  |TAMS 0x0000000087a00000, 0x0000000087a00000| Untracked 
| 123|0x0000000087b00000, 0x0000000087b00000, 0x0000000087c00000|  0%| F|  |TAMS 0x0000000087b00000, 0x0000000087b00000| Untracked 
| 124|0x0000000087c00000, 0x0000000087c00000, 0x0000000087d00000|  0%| F|  |TAMS 0x0000000087c00000, 0x0000000087c00000| Untracked 
| 125|0x0000000087d00000, 0x0000000087d00000, 0x0000000087e00000|  0%| F|  |TAMS 0x0000000087d00000, 0x0000000087d00000| Untracked 
| 126|0x0000000087e00000, 0x0000000087e00000, 0x0000000087f00000|  0%| F|  |TAMS 0x0000000087e00000, 0x0000000087e00000| Untracked 
| 127|0x0000000087f00000, 0x0000000087f00000, 0x0000000088000000|  0%| F|  |TAMS 0x0000000087f00000, 0x0000000087f00000| Untracked 
| 128|0x0000000088000000, 0x0000000088000000, 0x0000000088100000|  0%| F|  |TAMS 0x0000000088000000, 0x0000000088000000| Untracked 
| 129|0x0000000088100000, 0x0000000088100000, 0x0000000088200000|  0%| F|  |TAMS 0x0000000088100000, 0x0000000088100000| Untracked 
| 130|0x0000000088200000, 0x0000000088200000, 0x0000000088300000|  0%| F|  |TAMS 0x0000000088200000, 0x0000000088200000| Untracked 
| 131|0x0000000088300000, 0x0000000088300000, 0x0000000088400000|  0%| F|  |TAMS 0x0000000088300000, 0x0000000088300000| Untracked 
| 132|0x0000000088400000, 0x0000000088400000, 0x0000000088500000|  0%| F|  |TAMS 0x0000000088400000, 0x0000000088400000| Untracked 
| 133|0x0000000088500000, 0x0000000088500000, 0x0000000088600000|  0%| F|  |TAMS 0x0000000088500000, 0x0000000088500000| Untracked 
| 134|0x0000000088600000, 0x0000000088600000, 0x0000000088700000|  0%| F|  |TAMS 0x0000000088600000, 0x0000000088600000| Untracked 
| 135|0x0000000088700000, 0x0000000088700000, 0x0000000088800000|  0%| F|  |TAMS 0x0000000088700000, 0x0000000088700000| Untracked 
| 136|0x0000000088800000, 0x0000000088800000, 0x0000000088900000|  0%| F|  |TAMS 0x0000000088800000, 0x0000000088800000| Untracked 
| 137|0x0000000088900000, 0x0000000088900000, 0x0000000088a00000|  0%| F|  |TAMS 0x0000000088900000, 0x0000000088900000| Untracked 
| 138|0x0000000088a00000, 0x0000000088a00000, 0x0000000088b00000|  0%| F|  |TAMS 0x0000000088a00000, 0x0000000088a00000| Untracked 
| 139|0x0000000088b00000, 0x0000000088b00000, 0x0000000088c00000|  0%| F|  |TAMS 0x0000000088b00000, 0x0000000088b00000| Untracked 
| 140|0x0000000088c00000, 0x0000000088c00000, 0x0000000088d00000|  0%| F|  |TAMS 0x0000000088c00000, 0x0000000088c00000| Untracked 
| 141|0x0000000088d00000, 0x0000000088d00000, 0x0000000088e00000|  0%| F|  |TAMS 0x0000000088d00000, 0x0000000088d00000| Untracked 
| 142|0x0000000088e00000, 0x0000000088e00000, 0x0000000088f00000|  0%| F|  |TAMS 0x0000000088e00000, 0x0000000088e00000| Untracked 
| 143|0x0000000088f00000, 0x0000000088f00000, 0x0000000089000000|  0%| F|  |TAMS 0x0000000088f00000, 0x0000000088f00000| Untracked 
| 144|0x0000000089000000, 0x0000000089000000, 0x0000000089100000|  0%| F|  |TAMS 0x0000000089000000, 0x0000000089000000| Untracked 
| 145|0x0000000089100000, 0x0000000089100000, 0x0000000089200000|  0%| F|  |TAMS 0x0000000089100000, 0x0000000089100000| Untracked 
| 146|0x0000000089200000, 0x0000000089200000, 0x0000000089300000|  0%| F|  |TAMS 0x0000000089200000, 0x0000000089200000| Untracked 
| 147|0x0000000089300000, 0x0000000089300000, 0x0000000089400000|  0%| F|  |TAMS 0x0000000089300000, 0x0000000089300000| Untracked 
| 148|0x0000000089400000, 0x0000000089400000, 0x0000000089500000|  0%| F|  |TAMS 0x0000000089400000, 0x0000000089400000| Untracked 
| 149|0x0000000089500000, 0x0000000089500000, 0x0000000089600000|  0%| F|  |TAMS 0x0000000089500000, 0x0000000089500000| Untracked 
| 150|0x0000000089600000, 0x0000000089600000, 0x0000000089700000|  0%| F|  |TAMS 0x0000000089600000, 0x0000000089600000| Untracked 
| 151|0x0000000089700000, 0x0000000089700000, 0x0000000089800000|  0%| F|  |TAMS 0x0000000089700000, 0x0000000089700000| Untracked 
| 152|0x0000000089800000, 0x0000000089800000, 0x0000000089900000|  0%| F|  |TAMS 0x0000000089800000, 0x0000000089800000| Untracked 
| 153|0x0000000089900000, 0x0000000089900000, 0x0000000089a00000|  0%| F|  |TAMS 0x0000000089900000, 0x0000000089900000| Untracked 
| 154|0x0000000089a00000, 0x0000000089a00000, 0x0000000089b00000|  0%| F|  |TAMS 0x0000000089a00000, 0x0000000089a00000| Untracked 
| 155|0x0000000089b00000, 0x0000000089b00000, 0x0000000089c00000|  0%| F|  |TAMS 0x0000000089b00000, 0x0000000089b00000| Untracked 
| 156|0x0000000089c00000, 0x0000000089c00000, 0x0000000089d00000|  0%| F|  |TAMS 0x0000000089c00000, 0x0000000089c00000| Untracked 
| 157|0x0000000089d00000, 0x0000000089d00000, 0x0000000089e00000|  0%| F|  |TAMS 0x0000000089d00000, 0x0000000089d00000| Untracked 
| 158|0x0000000089e00000, 0x0000000089e00000, 0x0000000089f00000|  0%| F|  |TAMS 0x0000000089e00000, 0x0000000089e00000| Untracked 
| 159|0x0000000089f00000, 0x0000000089f00000, 0x000000008a000000|  0%| F|  |TAMS 0x0000000089f00000, 0x0000000089f00000| Untracked 
| 160|0x000000008a000000, 0x000000008a000000, 0x000000008a100000|  0%| F|  |TAMS 0x000000008a000000, 0x000000008a000000| Untracked 
| 161|0x000000008a100000, 0x000000008a100000, 0x000000008a200000|  0%| F|  |TAMS 0x000000008a100000, 0x000000008a100000| Untracked 
| 162|0x000000008a200000, 0x000000008a200000, 0x000000008a300000|  0%| F|  |TAMS 0x000000008a200000, 0x000000008a200000| Untracked 
| 163|0x000000008a300000, 0x000000008a300000, 0x000000008a400000|  0%| F|  |TAMS 0x000000008a300000, 0x000000008a300000| Untracked 
| 164|0x000000008a400000, 0x000000008a400000, 0x000000008a500000|  0%| F|  |TAMS 0x000000008a400000, 0x000000008a400000| Untracked 
| 165|0x000000008a500000, 0x000000008a500000, 0x000000008a600000|  0%| F|  |TAMS 0x000000008a500000, 0x000000008a500000| Untracked 
| 166|0x000000008a600000, 0x000000008a600000, 0x000000008a700000|  0%| F|  |TAMS 0x000000008a600000, 0x000000008a600000| Untracked 
| 167|0x000000008a700000, 0x000000008a700000, 0x000000008a800000|  0%| F|  |TAMS 0x000000008a700000, 0x000000008a700000| Untracked 
| 168|0x000000008a800000, 0x000000008a800000, 0x000000008a900000|  0%| F|  |TAMS 0x000000008a800000, 0x000000008a800000| Untracked 
| 169|0x000000008a900000, 0x000000008a900000, 0x000000008aa00000|  0%| F|  |TAMS 0x000000008a900000, 0x000000008a900000| Untracked 
| 170|0x000000008aa00000, 0x000000008aa00000, 0x000000008ab00000|  0%| F|  |TAMS 0x000000008aa00000, 0x000000008aa00000| Untracked 
| 171|0x000000008ab00000, 0x000000008ab00000, 0x000000008ac00000|  0%| F|  |TAMS 0x000000008ab00000, 0x000000008ab00000| Untracked 
| 172|0x000000008ac00000, 0x000000008ac00000, 0x000000008ad00000|  0%| F|  |TAMS 0x000000008ac00000, 0x000000008ac00000| Untracked 
| 173|0x000000008ad00000, 0x000000008ad00000, 0x000000008ae00000|  0%| F|  |TAMS 0x000000008ad00000, 0x000000008ad00000| Untracked 
| 174|0x000000008ae00000, 0x000000008ae00000, 0x000000008af00000|  0%| F|  |TAMS 0x000000008ae00000, 0x000000008ae00000| Untracked 
| 175|0x000000008af00000, 0x000000008af00000, 0x000000008b000000|  0%| F|  |TAMS 0x000000008af00000, 0x000000008af00000| Untracked 
| 176|0x000000008b000000, 0x000000008b000000, 0x000000008b100000|  0%| F|  |TAMS 0x000000008b000000, 0x000000008b000000| Untracked 
| 177|0x000000008b100000, 0x000000008b100000, 0x000000008b200000|  0%| F|  |TAMS 0x000000008b100000, 0x000000008b100000| Untracked 
| 178|0x000000008b200000, 0x000000008b200000, 0x000000008b300000|  0%| F|  |TAMS 0x000000008b200000, 0x000000008b200000| Untracked 
| 179|0x000000008b300000, 0x000000008b300000, 0x000000008b400000|  0%| F|  |TAMS 0x000000008b300000, 0x000000008b300000| Untracked 
| 180|0x000000008b400000, 0x000000008b400000, 0x000000008b500000|  0%| F|  |TAMS 0x000000008b400000, 0x000000008b400000| Untracked 
| 181|0x000000008b500000, 0x000000008b500000, 0x000000008b600000|  0%| F|  |TAMS 0x000000008b500000, 0x000000008b500000| Untracked 
| 182|0x000000008b600000, 0x000000008b600000, 0x000000008b700000|  0%| F|  |TAMS 0x000000008b600000, 0x000000008b600000| Untracked 
| 183|0x000000008b700000, 0x000000008b700000, 0x000000008b800000|  0%| F|  |TAMS 0x000000008b700000, 0x000000008b700000| Untracked 
| 184|0x000000008b800000, 0x000000008b800000, 0x000000008b900000|  0%| F|  |TAMS 0x000000008b800000, 0x000000008b800000| Untracked 
| 185|0x000000008b900000, 0x000000008b900000, 0x000000008ba00000|  0%| F|  |TAMS 0x000000008b900000, 0x000000008b900000| Untracked 
| 186|0x000000008ba00000, 0x000000008ba00000, 0x000000008bb00000|  0%| F|  |TAMS 0x000000008ba00000, 0x000000008ba00000| Untracked 
| 187|0x000000008bb00000, 0x000000008bb00000, 0x000000008bc00000|  0%| F|  |TAMS 0x000000008bb00000, 0x000000008bb00000| Untracked 
| 188|0x000000008bc00000, 0x000000008bc00000, 0x000000008bd00000|  0%| F|  |TAMS 0x000000008bc00000, 0x000000008bc00000| Untracked 
| 189|0x000000008bd00000, 0x000000008bd00000, 0x000000008be00000|  0%| F|  |TAMS 0x000000008bd00000, 0x000000008bd00000| Untracked 
| 190|0x000000008be00000, 0x000000008be00000, 0x000000008bf00000|  0%| F|  |TAMS 0x000000008be00000, 0x000000008be00000| Untracked 
| 191|0x000000008bf00000, 0x000000008bf00000, 0x000000008c000000|  0%| F|  |TAMS 0x000000008bf00000, 0x000000008bf00000| Untracked 
| 192|0x000000008c000000, 0x000000008c000000, 0x000000008c100000|  0%| F|  |TAMS 0x000000008c000000, 0x000000008c000000| Untracked 
| 193|0x000000008c100000, 0x000000008c100000, 0x000000008c200000|  0%| F|  |TAMS 0x000000008c100000, 0x000000008c100000| Untracked 
| 194|0x000000008c200000, 0x000000008c200000, 0x000000008c300000|  0%| F|  |TAMS 0x000000008c200000, 0x000000008c200000| Untracked 
| 195|0x000000008c300000, 0x000000008c300000, 0x000000008c400000|  0%| F|  |TAMS 0x000000008c300000, 0x000000008c300000| Untracked 
| 196|0x000000008c400000, 0x000000008c400000, 0x000000008c500000|  0%| F|  |TAMS 0x000000008c400000, 0x000000008c400000| Untracked 
| 197|0x000000008c500000, 0x000000008c500000, 0x000000008c600000|  0%| F|  |TAMS 0x000000008c500000, 0x000000008c500000| Untracked 
| 198|0x000000008c600000, 0x000000008c600000, 0x000000008c700000|  0%| F|  |TAMS 0x000000008c600000, 0x000000008c600000| Untracked 
| 199|0x000000008c700000, 0x000000008c700000, 0x000000008c800000|  0%| F|  |TAMS 0x000000008c700000, 0x000000008c700000| Untracked 
| 200|0x000000008c800000, 0x000000008c800000, 0x000000008c900000|  0%| F|  |TAMS 0x000000008c800000, 0x000000008c800000| Untracked 
| 201|0x000000008c900000, 0x000000008c900000, 0x000000008ca00000|  0%| F|  |TAMS 0x000000008c900000, 0x000000008c900000| Untracked 
| 202|0x000000008ca00000, 0x000000008ca00000, 0x000000008cb00000|  0%| F|  |TAMS 0x000000008ca00000, 0x000000008ca00000| Untracked 
| 203|0x000000008cb00000, 0x000000008cb00000, 0x000000008cc00000|  0%| F|  |TAMS 0x000000008cb00000, 0x000000008cb00000| Untracked 
| 204|0x000000008cc00000, 0x000000008cc00000, 0x000000008cd00000|  0%| F|  |TAMS 0x000000008cc00000, 0x000000008cc00000| Untracked 
| 205|0x000000008cd00000, 0x000000008cd00000, 0x000000008ce00000|  0%| F|  |TAMS 0x000000008cd00000, 0x000000008cd00000| Untracked 
| 206|0x000000008ce00000, 0x000000008ce00000, 0x000000008cf00000|  0%| F|  |TAMS 0x000000008ce00000, 0x000000008ce00000| Untracked 
| 207|0x000000008cf00000, 0x000000008cf00000, 0x000000008d000000|  0%| F|  |TAMS 0x000000008cf00000, 0x000000008cf00000| Untracked 
| 208|0x000000008d000000, 0x000000008d000000, 0x000000008d100000|  0%| F|  |TAMS 0x000000008d000000, 0x000000008d000000| Untracked 
| 209|0x000000008d100000, 0x000000008d100000, 0x000000008d200000|  0%| F|  |TAMS 0x000000008d100000, 0x000000008d100000| Untracked 
| 210|0x000000008d200000, 0x000000008d200000, 0x000000008d300000|  0%| F|  |TAMS 0x000000008d200000, 0x000000008d200000| Untracked 
| 211|0x000000008d300000, 0x000000008d300000, 0x000000008d400000|  0%| F|  |TAMS 0x000000008d300000, 0x000000008d300000| Untracked 
| 212|0x000000008d400000, 0x000000008d400000, 0x000000008d500000|  0%| F|  |TAMS 0x000000008d400000, 0x000000008d400000| Untracked 
| 213|0x000000008d500000, 0x000000008d500000, 0x000000008d600000|  0%| F|  |TAMS 0x000000008d500000, 0x000000008d500000| Untracked 
| 214|0x000000008d600000, 0x000000008d600000, 0x000000008d700000|  0%| F|  |TAMS 0x000000008d600000, 0x000000008d600000| Untracked 
| 215|0x000000008d700000, 0x000000008d700000, 0x000000008d800000|  0%| F|  |TAMS 0x000000008d700000, 0x000000008d700000| Untracked 
| 216|0x000000008d800000, 0x000000008d800000, 0x000000008d900000|  0%| F|  |TAMS 0x000000008d800000, 0x000000008d800000| Untracked 
| 217|0x000000008d900000, 0x000000008d900000, 0x000000008da00000|  0%| F|  |TAMS 0x000000008d900000, 0x000000008d900000| Untracked 
| 218|0x000000008da00000, 0x000000008da00000, 0x000000008db00000|  0%| F|  |TAMS 0x000000008da00000, 0x000000008da00000| Untracked 
| 219|0x000000008db00000, 0x000000008db00000, 0x000000008dc00000|  0%| F|  |TAMS 0x000000008db00000, 0x000000008db00000| Untracked 
| 220|0x000000008dc00000, 0x000000008dc00000, 0x000000008dd00000|  0%| F|  |TAMS 0x000000008dc00000, 0x000000008dc00000| Untracked 
| 221|0x000000008dd00000, 0x000000008dd00000, 0x000000008de00000|  0%| F|  |TAMS 0x000000008dd00000, 0x000000008dd00000| Untracked 
| 222|0x000000008de00000, 0x000000008de00000, 0x000000008df00000|  0%| F|  |TAMS 0x000000008de00000, 0x000000008de00000| Untracked 
| 223|0x000000008df00000, 0x000000008df00000, 0x000000008e000000|  0%| F|  |TAMS 0x000000008df00000, 0x000000008df00000| Untracked 
| 224|0x000000008e000000, 0x000000008e000000, 0x000000008e100000|  0%| F|  |TAMS 0x000000008e000000, 0x000000008e000000| Untracked 
| 225|0x000000008e100000, 0x000000008e100000, 0x000000008e200000|  0%| F|  |TAMS 0x000000008e100000, 0x000000008e100000| Untracked 
| 226|0x000000008e200000, 0x000000008e200000, 0x000000008e300000|  0%| F|  |TAMS 0x000000008e200000, 0x000000008e200000| Untracked 
| 227|0x000000008e300000, 0x000000008e300000, 0x000000008e400000|  0%| F|  |TAMS 0x000000008e300000, 0x000000008e300000| Untracked 
| 228|0x000000008e400000, 0x000000008e400000, 0x000000008e500000|  0%| F|  |TAMS 0x000000008e400000, 0x000000008e400000| Untracked 
| 229|0x000000008e500000, 0x000000008e500000, 0x000000008e600000|  0%| F|  |TAMS 0x000000008e500000, 0x000000008e500000| Untracked 
| 230|0x000000008e600000, 0x000000008e600000, 0x000000008e700000|  0%| F|  |TAMS 0x000000008e600000, 0x000000008e600000| Untracked 
| 231|0x000000008e700000, 0x000000008e700000, 0x000000008e800000|  0%| F|  |TAMS 0x000000008e700000, 0x000000008e700000| Untracked 
| 232|0x000000008e800000, 0x000000008e800000, 0x000000008e900000|  0%| F|  |TAMS 0x000000008e800000, 0x000000008e800000| Untracked 
| 233|0x000000008e900000, 0x000000008e900000, 0x000000008ea00000|  0%| F|  |TAMS 0x000000008e900000, 0x000000008e900000| Untracked 
| 234|0x000000008ea00000, 0x000000008ea00000, 0x000000008eb00000|  0%| F|  |TAMS 0x000000008ea00000, 0x000000008ea00000| Untracked 
| 235|0x000000008eb00000, 0x000000008eb00000, 0x000000008ec00000|  0%| F|  |TAMS 0x000000008eb00000, 0x000000008eb00000| Untracked 
| 236|0x000000008ec00000, 0x000000008ec00000, 0x000000008ed00000|  0%| F|  |TAMS 0x000000008ec00000, 0x000000008ec00000| Untracked 
| 237|0x000000008ed00000, 0x000000008ed00000, 0x000000008ee00000|  0%| F|  |TAMS 0x000000008ed00000, 0x000000008ed00000| Untracked 
| 238|0x000000008ee00000, 0x000000008ee00000, 0x000000008ef00000|  0%| F|  |TAMS 0x000000008ee00000, 0x000000008ee00000| Untracked 
| 239|0x000000008ef00000, 0x000000008ef00000, 0x000000008f000000|  0%| F|  |TAMS 0x000000008ef00000, 0x000000008ef00000| Untracked 
| 240|0x000000008f000000, 0x000000008f000000, 0x000000008f100000|  0%| F|  |TAMS 0x000000008f000000, 0x000000008f000000| Untracked 
| 241|0x000000008f100000, 0x000000008f100000, 0x000000008f200000|  0%| F|  |TAMS 0x000000008f100000, 0x000000008f100000| Untracked 
| 242|0x000000008f200000, 0x000000008f200000, 0x000000008f300000|  0%| F|  |TAMS 0x000000008f200000, 0x000000008f200000| Untracked 
| 243|0x000000008f300000, 0x000000008f300000, 0x000000008f400000|  0%| F|  |TAMS 0x000000008f300000, 0x000000008f300000| Untracked 
| 244|0x000000008f400000, 0x000000008f400000, 0x000000008f500000|  0%| F|  |TAMS 0x000000008f400000, 0x000000008f400000| Untracked 
| 245|0x000000008f500000, 0x000000008f500000, 0x000000008f600000|  0%| F|  |TAMS 0x000000008f500000, 0x000000008f500000| Untracked 
| 246|0x000000008f600000, 0x000000008f600000, 0x000000008f700000|  0%| F|  |TAMS 0x000000008f600000, 0x000000008f600000| Untracked 
| 247|0x000000008f700000, 0x000000008f700000, 0x000000008f800000|  0%| F|  |TAMS 0x000000008f700000, 0x000000008f700000| Untracked 
| 248|0x000000008f800000, 0x000000008f800000, 0x000000008f900000|  0%| F|  |TAMS 0x000000008f800000, 0x000000008f800000| Untracked 
| 249|0x000000008f900000, 0x000000008f900000, 0x000000008fa00000|  0%| F|  |TAMS 0x000000008f900000, 0x000000008f900000| Untracked 
| 250|0x000000008fa00000, 0x000000008fa00000, 0x000000008fb00000|  0%| F|  |TAMS 0x000000008fa00000, 0x000000008fa00000| Untracked 
| 251|0x000000008fb00000, 0x000000008fb00800, 0x000000008fc00000|  0%| E|  |TAMS 0x000000008fb00000, 0x000000008fb00000| Complete 
| 252|0x000000008fc00000, 0x000000008fd00000, 0x000000008fd00000|100%| E|CS|TAMS 0x000000008fc00000, 0x000000008fc00000| Complete 
| 253|0x000000008fd00000, 0x000000008fe00000, 0x000000008fe00000|100%| E|  |TAMS 0x000000008fd00000, 0x000000008fd00000| Complete 
| 254|0x000000008fe00000, 0x000000008ff00000, 0x000000008ff00000|100%| E|CS|TAMS 0x000000008fe00000, 0x000000008fe00000| Complete 
| 255|0x000000008ff00000, 0x0000000090000000, 0x0000000090000000|100%| E|CS|TAMS 0x000000008ff00000, 0x000000008ff00000| Complete 

Card table byte_map: [0x000001f89bde0000,0x000001f89c1e0000] _byte_map_base: 0x000001f89b9e0000

Marking Bits (Prev, Next): (CMBitMap*) 0x000001f8889d99f8, (CMBitMap*) 0x000001f8889d9a30
 Prev Bits: [0x000001f89c5e0000, 0x000001f89e5e0000)
 Next Bits: [0x000001f89e5e0000, 0x000001f8a05e0000)

Polling page: 0x000001f886fb0000

Metaspace:

Usage:
  Non-class:     79.95 MB capacity,    78.48 MB ( 98%) used,     1.21 MB (  2%) free+waste,   268.00 KB ( <1%) overhead. 
      Class:     12.22 MB capacity,    11.38 MB ( 93%) used,   742.34 KB (  6%) free+waste,   119.81 KB ( <1%) overhead. 
       Both:     92.17 MB capacity,    89.86 MB ( 97%) used,     1.93 MB (  2%) free+waste,   387.81 KB ( <1%) overhead. 

Virtual space:
  Non-class space:       82.00 MB reserved,      80.04 MB ( 98%) committed 
      Class space:        1.00 GB reserved,      12.32 MB (  1%) committed 
             Both:        1.08 GB reserved,      92.36 MB (  8%) committed 

Chunk freelists:
   Non-Class:  27.00 KB
       Class:  28.00 KB
        Both:  55.00 KB

MaxMetaspaceSize: 17179869184.00 GB
CompressedClassSpaceSize: 1.00 GB

CodeHeap 'non-profiled nmethods': size=120064Kb used=6859Kb max_used=6859Kb free=113204Kb
 bounds [0x000001f893e80000, 0x000001f894540000, 0x000001f89b3c0000]
CodeHeap 'profiled nmethods': size=120000Kb used=24157Kb max_used=24157Kb free=95842Kb
 bounds [0x000001f88c950000, 0x000001f88e0f0000, 0x000001f893e80000]
CodeHeap 'non-nmethods': size=5696Kb used=2274Kb max_used=2321Kb free=3421Kb
 bounds [0x000001f88c3c0000, 0x000001f88c630000, 0x000001f88c950000]
 total_blobs=11710 nmethods=10831 adapters=790
 compilation: enabled
              stopped_count=0, restarted_count=0
 full_count=0

Compilation events (20 events):
Event: 25.712 Thread 0x000001f8a34fd000 nmethod 11039 0x000001f88e0ca390 code [0x000001f88e0ca6a0, 0x000001f88e0cb538]
Event: 25.712 Thread 0x000001f8a34fd000 11040       3       com.google.common.collect.EnumMultiset::isActuallyE (44 bytes)
Event: 25.712 Thread 0x000001f8a34fd000 nmethod 11040 0x000001f88e0cba90 code [0x000001f88e0cbc60, 0x000001f88e0cc058]
Event: 25.712 Thread 0x000001f8a34fd000 11037       3       org.gradle.internal.watch.vfs.impl.DefaultFileSystemWatchingStatistics$$Lambda$1103/0x0000000100bfc040::visitSnapshotRoot (9 bytes)
Event: 25.712 Thread 0x000001f8a34f8000 nmethod 11047 0x000001f894520010 code [0x000001f8945201a0, 0x000001f894520238]
Event: 25.713 Thread 0x000001f8a34fd000 nmethod 11037 0x000001f88e0cc190 code [0x000001f88e0cc3a0, 0x000001f88e0cc9a8]
Event: 25.713 Thread 0x000001f8a34fd000 11046       3       org.gradle.internal.watch.vfs.impl.DefaultFileSystemWatchingStatistics$$Lambda$1104/0x0000000100bfc440::<init> (10 bytes)
Event: 25.713 Thread 0x000001f8a34fd000 nmethod 11046 0x000001f88e0ccc10 code [0x000001f88e0ccdc0, 0x000001f88e0ccf78]
Event: 25.713 Thread 0x000001f8a34fd000 11042       3       org.gradle.internal.watch.vfs.impl.DefaultFileSystemWatchingStatistics::lambda$getStatistics$1 (14 bytes)
Event: 25.713 Thread 0x000001f8a34f8000 11048       4       org.gradle.internal.snapshot.DirectorySnapshot::getType (4 bytes)
Event: 25.713 Thread 0x000001f8a34fd000 nmethod 11042 0x000001f88e0cd010 code [0x000001f88e0cd220, 0x000001f88e0cd7c8]
Event: 25.713 Thread 0x000001f8a34fd000 11043       3       org.gradle.internal.watch.vfs.impl.DefaultFileSystemWatchingStatistics$$Lambda$1104/0x0000000100bfc440::get$Lambda (9 bytes)
Event: 25.713 Thread 0x000001f8a34f8000 nmethod 11048 0x000001f894520310 code [0x000001f8945204a0, 0x000001f894520518]
Event: 25.713 Thread 0x000001f8a34fd000 nmethod 11043 0x000001f88e0cda10 code [0x000001f88e0cdbe0, 0x000001f88e0cde38]
Event: 25.713 Thread 0x000001f8a34fd000 11038       3       org.gradle.internal.snapshot.EmptyChildMap::visitChildren (1 bytes)
Event: 25.713 Thread 0x000001f8a34fd000 nmethod 11038 0x000001f88e0cdf10 code [0x000001f88e0ce0c0, 0x000001f88e0ce1b8]
Event: 25.739 Thread 0x000001f8a34fd000 11049       3       java.io.ObjectStreamField::<init> (64 bytes)
Event: 25.740 Thread 0x000001f8a34fd000 nmethod 11049 0x000001f88e0ce290 code [0x000001f88e0ce4c0, 0x000001f88e0ceb48]
Event: 25.752 Thread 0x000001f8a34fd000 11050       3       java.lang.reflect.Proxy::isProxyClass (22 bytes)
Event: 25.753 Thread 0x000001f8a34fd000 nmethod 11050 0x000001f88e0ced90 code [0x000001f88e0cf060, 0x000001f88e0cffe8]

GC Heap History (20 events):
Event: 0.900 GC heap before
{Heap before GC invocations=0 (full 0):
 garbage-first heap   total 262144K, used 19456K [0x0000000080000000, 0x0000000100000000)
  region size 1024K, 14 young (14336K), 0 survivors (0K)
 Metaspace       used 6729K, capacity 6921K, committed 7168K, reserved 1056768K
  class space    used 581K, capacity 650K, committed 768K, reserved 1048576K
}
Event: 0.905 GC heap after
{Heap after GC invocations=1 (full 0):
 garbage-first heap   total 262144K, used 8010K [0x0000000080000000, 0x0000000100000000)
  region size 1024K, 2 young (2048K), 2 survivors (2048K)
 Metaspace       used 6729K, capacity 6921K, committed 7168K, reserved 1056768K
  class space    used 581K, capacity 650K, committed 768K, reserved 1048576K
}
Event: 1.247 GC heap before
{Heap before GC invocations=1 (full 0):
 garbage-first heap   total 262144K, used 20298K [0x0000000080000000, 0x0000000100000000)
  region size 1024K, 14 young (14336K), 2 survivors (2048K)
 Metaspace       used 9828K, capacity 10050K, committed 10112K, reserved 1058816K
  class space    used 1022K, capacity 1102K, committed 1152K, reserved 1048576K
}
Event: 1.250 GC heap after
{Heap after GC invocations=2 (full 0):
 garbage-first heap   total 262144K, used 9200K [0x0000000080000000, 0x0000000100000000)
  region size 1024K, 2 young (2048K), 2 survivors (2048K)
 Metaspace       used 9828K, capacity 10050K, committed 10112K, reserved 1058816K
  class space    used 1022K, capacity 1102K, committed 1152K, reserved 1048576K
}
Event: 2.002 GC heap before
{Heap before GC invocations=2 (full 0):
 garbage-first heap   total 262144K, used 42992K [0x0000000080000000, 0x0000000100000000)
  region size 1024K, 35 young (35840K), 2 survivors (2048K)
 Metaspace       used 10808K, capacity 11067K, committed 11264K, reserved 1058816K
  class space    used 1126K, capacity 1206K, committed 1280K, reserved 1048576K
}
Event: 2.007 GC heap after
{Heap after GC invocations=3 (full 0):
 garbage-first heap   total 262144K, used 13037K [0x0000000080000000, 0x0000000100000000)
  region size 1024K, 5 young (5120K), 5 survivors (5120K)
 Metaspace       used 10808K, capacity 11067K, committed 11264K, reserved 1058816K
  class space    used 1126K, capacity 1206K, committed 1280K, reserved 1048576K
}
Event: 3.546 GC heap before
{Heap before GC invocations=3 (full 0):
 garbage-first heap   total 262144K, used 72429K [0x0000000080000000, 0x0000000100000000)
  region size 1024K, 64 young (65536K), 5 survivors (5120K)
 Metaspace       used 20622K, capacity 21150K, committed 21296K, reserved 1069056K
  class space    used 2514K, capacity 2688K, committed 2688K, reserved 1048576K
}
Event: 3.558 GC heap after
{Heap after GC invocations=4 (full 0):
 garbage-first heap   total 262144K, used 16777K [0x0000000080000000, 0x0000000100000000)
  region size 1024K, 9 young (9216K), 9 survivors (9216K)
 Metaspace       used 20622K, capacity 21150K, committed 21296K, reserved 1069056K
  class space    used 2514K, capacity 2688K, committed 2688K, reserved 1048576K
}
Event: 4.637 GC heap before
{Heap before GC invocations=5 (full 0):
 garbage-first heap   total 262144K, used 89481K [0x0000000080000000, 0x0000000100000000)
  region size 1024K, 80 young (81920K), 9 survivors (9216K)
 Metaspace       used 27652K, capacity 28298K, committed 28464K, reserved 1073152K
  class space    used 3663K, capacity 3927K, committed 3968K, reserved 1048576K
}
Event: 4.649 GC heap after
{Heap after GC invocations=6 (full 0):
 garbage-first heap   total 262144K, used 19268K [0x0000000080000000, 0x0000000100000000)
  region size 1024K, 7 young (7168K), 7 survivors (7168K)
 Metaspace       used 27652K, capacity 28298K, committed 28464K, reserved 1073152K
  class space    used 3663K, capacity 3927K, committed 3968K, reserved 1048576K
}
Event: 5.357 GC heap before
{Heap before GC invocations=6 (full 0):
 garbage-first heap   total 262144K, used 56132K [0x0000000080000000, 0x0000000100000000)
  region size 1024K, 45 young (46080K), 7 survivors (7168K)
 Metaspace       used 34805K, capacity 35606K, committed 35708K, reserved 1081344K
  class space    used 4533K, capacity 4832K, committed 4864K, reserved 1048576K
}
Event: 5.370 GC heap after
{Heap after GC invocations=7 (full 0):
 garbage-first heap   total 262144K, used 22664K [0x0000000080000000, 0x0000000100000000)
  region size 1024K, 10 young (10240K), 10 survivors (10240K)
 Metaspace       used 34805K, capacity 35606K, committed 35708K, reserved 1081344K
  class space    used 4533K, capacity 4832K, committed 4864K, reserved 1048576K
}
Event: 7.411 GC heap before
{Heap before GC invocations=8 (full 0):
 garbage-first heap   total 262144K, used 155784K [0x0000000080000000, 0x0000000100000000)
  region size 1024K, 137 young (140288K), 10 survivors (10240K)
 Metaspace       used 45520K, capacity 46683K, committed 46844K, reserved 1089536K
  class space    used 5848K, capacity 6233K, committed 6272K, reserved 1048576K
}
Event: 7.435 GC heap after
{Heap after GC invocations=9 (full 0):
 garbage-first heap   total 262144K, used 28720K [0x0000000080000000, 0x0000000100000000)
  region size 1024K, 16 young (16384K), 16 survivors (16384K)
 Metaspace       used 45520K, capacity 46683K, committed 46844K, reserved 1089536K
  class space    used 5848K, capacity 6233K, committed 6272K, reserved 1048576K
}
Event: 9.733 GC heap before
{Heap before GC invocations=9 (full 0):
 garbage-first heap   total 262144K, used 147504K [0x0000000080000000, 0x0000000100000000)
  region size 1024K, 131 young (134144K), 16 survivors (16384K)
 Metaspace       used 58486K, capacity 59869K, committed 59940K, reserved 1101824K
  class space    used 7394K, capacity 7920K, committed 7936K, reserved 1048576K
}
Event: 9.763 GC heap after
{Heap after GC invocations=10 (full 0):
 garbage-first heap   total 262144K, used 42201K [0x0000000080000000, 0x0000000100000000)
  region size 1024K, 20 young (20480K), 20 survivors (20480K)
 Metaspace       used 58486K, capacity 59869K, committed 59940K, reserved 1101824K
  class space    used 7394K, capacity 7920K, committed 7936K, reserved 1048576K
}
Event: 12.060 GC heap before
{Heap before GC invocations=11 (full 0):
 garbage-first heap   total 262144K, used 178393K [0x0000000080000000, 0x0000000100000000)
  region size 1024K, 153 young (156672K), 20 survivors (20480K)
 Metaspace       used 69968K, capacity 71770K, committed 72048K, reserved 1112064K
  class space    used 9104K, capacity 9742K, committed 9804K, reserved 1048576K
}
Event: 12.122 GC heap after
{Heap after GC invocations=12 (full 0):
 garbage-first heap   total 262144K, used 51971K [0x0000000080000000, 0x0000000100000000)
  region size 1024K, 20 young (20480K), 20 survivors (20480K)
 Metaspace       used 69968K, capacity 71770K, committed 72048K, reserved 1112064K
  class space    used 9104K, capacity 9742K, committed 9804K, reserved 1048576K
}
Event: 15.977 GC heap before
{Heap before GC invocations=13 (full 0):
 garbage-first heap   total 262144K, used 187139K [0x0000000080000000, 0x0000000100000000)
  region size 1024K, 153 young (156672K), 20 survivors (20480K)
 Metaspace       used 79127K, capacity 81172K, committed 81264K, reserved 1120256K
  class space    used 10271K, capacity 11031K, committed 11084K, reserved 1048576K
}
Event: 16.007 GC heap after
{Heap after GC invocations=14 (full 0):
 garbage-first heap   total 262144K, used 60928K [0x0000000080000000, 0x0000000100000000)
  region size 1024K, 19 young (19456K), 19 survivors (19456K)
 Metaspace       used 79127K, capacity 81172K, committed 81264K, reserved 1120256K
  class space    used 10271K, capacity 11031K, committed 11084K, reserved 1048576K
}

Deoptimization events (20 events):
Event: 24.924 Thread 0x000001f8a62b9000 Uncommon trap: trap_request=0xffffff4d fr.pc=0x000001f89419c510 relative=0x00000000000005f0
Event: 24.924 Thread 0x000001f8a62b9000 Uncommon trap: reason=unstable_if action=reinterpret pc=0x000001f89419c510 method=java.util.regex.Matcher.search(I)Z @ 76 c2
Event: 24.924 Thread 0x000001f8a62b9000 DEOPT PACKING pc=0x000001f89419c510 sp=0x0000001e718fc0d0
Event: 24.925 Thread 0x000001f8a62b9000 DEOPT UNPACKING pc=0x000001f88c3e74af sp=0x0000001e718fc0a0 mode 2
Event: 24.955 Thread 0x000001f8a62b9000 Uncommon trap: trap_request=0xffffff4d fr.pc=0x000001f8942705dc relative=0x00000000000001fc
Event: 24.955 Thread 0x000001f8a62b9000 Uncommon trap: reason=unstable_if action=reinterpret pc=0x000001f8942705dc method=org.gradle.internal.util.Trie.find(Ljava/lang/CharSequence;)Z @ 91 c2
Event: 24.955 Thread 0x000001f8a62b9000 DEOPT PACKING pc=0x000001f8942705dc sp=0x0000001e718fb5c0
Event: 24.955 Thread 0x000001f8a62b9000 DEOPT UNPACKING pc=0x000001f88c3e74af sp=0x0000001e718fb518 mode 2
Event: 25.148 Thread 0x000001f8a62b9000 Uncommon trap: trap_request=0xffffff4d fr.pc=0x000001f89451708c relative=0x00000000000002ac
Event: 25.148 Thread 0x000001f8a62b9000 Uncommon trap: reason=unstable_if action=reinterpret pc=0x000001f89451708c method=org.gradle.internal.logging.text.AbstractLineChoppingStyledTextOutput$2.execute(Lorg/gradle/internal/logging/text/AbstractLineChoppingStyledTextOutput$StateContext;)V @ 30 c
Event: 25.148 Thread 0x000001f8a62b9000 DEOPT PACKING pc=0x000001f89451708c sp=0x0000001e718fc2b0
Event: 25.148 Thread 0x000001f8a62b9000 DEOPT UNPACKING pc=0x000001f88c3e74af sp=0x0000001e718fc270 mode 2
Event: 25.239 Thread 0x000001f8a62b9000 Uncommon trap: trap_request=0xffffff4d fr.pc=0x000001f894329574 relative=0x00000000000007d4
Event: 25.239 Thread 0x000001f8a62b9000 Uncommon trap: reason=unstable_if action=reinterpret pc=0x000001f894329574 method=org.gradle.internal.snapshot.VfsRelativePath.compareToFirstSegment(Ljava/lang/String;Lorg/gradle/internal/snapshot/CaseSensitivity;)I @ 156 c2
Event: 25.239 Thread 0x000001f8a62b9000 DEOPT PACKING pc=0x000001f894329574 sp=0x0000001e718fc0f0
Event: 25.254 Thread 0x000001f8a62b9000 DEOPT UNPACKING pc=0x000001f88c3e74af sp=0x0000001e718fc070 mode 2
Event: 25.254 Thread 0x000001f8a62b9000 Uncommon trap: trap_request=0xffffffde fr.pc=0x000001f894510ea4 relative=0x0000000000000d04
Event: 25.292 Thread 0x000001f8a62b9000 Uncommon trap: reason=class_check action=maybe_recompile pc=0x000001f894510ea4 method=org.gradle.internal.snapshot.ChildMap$Entry.handleAncestorDescendantOrExactMatch(Lorg/gradle/internal/snapshot/VfsRelativePath;Lorg/gradle/internal/snapshot/CaseSensitiv
Event: 25.292 Thread 0x000001f8a62b9000 DEOPT PACKING pc=0x000001f894510ea4 sp=0x0000001e718fc0f0
Event: 25.292 Thread 0x000001f8a62b9000 DEOPT UNPACKING pc=0x000001f88c3e74af sp=0x0000001e718fc0d0 mode 2

Classes redefined (0 events):
No events

Internal exceptions (20 events):
Event: 21.672 Thread 0x000001f8a5fcc800 Exception <a 'sun/nio/fs/WindowsException'{0x000000008a1bfc38}> (0x000000008a1bfc38) thrown at [./src/hotspot/share/prims/jni.cpp, line 615]
Event: 21.674 Thread 0x000001f8a5fcc800 Exception <a 'sun/nio/fs/WindowsException'{0x000000008a1c0e90}> (0x000000008a1c0e90) thrown at [./src/hotspot/share/prims/jni.cpp, line 615]
Event: 21.676 Thread 0x000001f8a5fcc800 Exception <a 'sun/nio/fs/WindowsException'{0x000000008a1c20b8}> (0x000000008a1c20b8) thrown at [./src/hotspot/share/prims/jni.cpp, line 615]
Event: 21.676 Thread 0x000001f8a5fcc800 Exception <a 'sun/nio/fs/WindowsException'{0x000000008a1c2220}> (0x000000008a1c2220) thrown at [./src/hotspot/share/prims/jni.cpp, line 615]
Event: 21.682 Thread 0x000001f8a5fcc800 Exception <a 'sun/nio/fs/WindowsException'{0x000000008a1c4438}> (0x000000008a1c4438) thrown at [./src/hotspot/share/prims/jni.cpp, line 615]
Event: 21.682 Thread 0x000001f8a5fcc800 Exception <a 'sun/nio/fs/WindowsException'{0x000000008a1c4580}> (0x000000008a1c4580) thrown at [./src/hotspot/share/prims/jni.cpp, line 615]
Event: 21.688 Thread 0x000001f8a5fcc800 Exception <a 'sun/nio/fs/WindowsException'{0x000000008a1c6770}> (0x000000008a1c6770) thrown at [./src/hotspot/share/prims/jni.cpp, line 615]
Event: 21.688 Thread 0x000001f8a5fcc800 Exception <a 'sun/nio/fs/WindowsException'{0x000000008a1c68a0}> (0x000000008a1c68a0) thrown at [./src/hotspot/share/prims/jni.cpp, line 615]
Event: 21.693 Thread 0x000001f8a5fcc800 Exception <a 'sun/nio/fs/WindowsException'{0x000000008a1c8a78}> (0x000000008a1c8a78) thrown at [./src/hotspot/share/prims/jni.cpp, line 615]
Event: 21.693 Thread 0x000001f8a5fcc800 Exception <a 'sun/nio/fs/WindowsException'{0x000000008a1c8b98}> (0x000000008a1c8b98) thrown at [./src/hotspot/share/prims/jni.cpp, line 615]
Event: 21.694 Thread 0x000001f8a5fcc800 Exception <a 'sun/nio/fs/WindowsException'{0x000000008a1cad68}> (0x000000008a1cad68) thrown at [./src/hotspot/share/prims/jni.cpp, line 615]
Event: 21.734 Thread 0x000001f8a5fcc800 Exception <a 'sun/nio/fs/WindowsException'{0x000000008a1ef3c8}> (0x000000008a1ef3c8) thrown at [./src/hotspot/share/prims/jni.cpp, line 615]
Event: 21.748 Thread 0x000001f8a5fcc800 Exception <a 'sun/nio/fs/WindowsException'{0x000000008a1fbd50}> (0x000000008a1fbd50) thrown at [./src/hotspot/share/prims/jni.cpp, line 615]
Event: 21.750 Thread 0x000001f8a5fcc800 Exception <a 'sun/nio/fs/WindowsException'{0x000000008a1fcf98}> (0x000000008a1fcf98) thrown at [./src/hotspot/share/prims/jni.cpp, line 615]
Event: 21.823 Thread 0x000001f8a5fcc800 Exception <a 'java/lang/NoSuchMethodError'{0x0000000089f49930}: 'int java.lang.invoke.DirectMethodHandle$Holder.invokeVirtual(java.lang.Object, java.lang.Object, java.lang.Object, java.lang.Object)'> (0x0000000089f49930) thrown at [./src/hotspot/share/interpreter/linkResolver.cpp, line 773]
Event: 23.990 Thread 0x000001f8a5fcc800 Exception <a 'java/lang/reflect/InvocationTargetException'{0x0000000088523828}> (0x0000000088523828) thrown at [./src/hotspot/share/runtime/reflection.cpp, line 1247]
Event: 24.882 Thread 0x000001f8a5fcc800 Exception <a 'java/lang/NoSuchMethodError'{0x000000008858b050}: 'void java.lang.invoke.DirectMethodHandle$Holder.invokeStatic(java.lang.Object, java.lang.Object, java.lang.Object, java.lang.Object, java.lang.Object, java.lang.Object, java.lang.Object)'> (0x000000008858b050) thrown at [./src/hotspot/share/interpreter/linkResolver.cpp, line 773]
Event: 24.900 Thread 0x000001f8a451a800 Exception <a 'java/lang/NoSuchMethodError'{0x000000008838d658}: <clinit>> (0x000000008838d658) thrown at [./src/hotspot/share/prims/jni.cpp, line 1362]
Event: 24.903 Thread 0x000001f8a451a800 Exception <a 'java/lang/NoSuchMethodError'{0x00000000883a6cd0}: <clinit>> (0x00000000883a6cd0) thrown at [./src/hotspot/share/prims/jni.cpp, line 1362]
Event: 24.905 Thread 0x000001f8a451a800 Exception <a 'java/lang/NoSuchMethodError'{0x00000000883b5a90}: <clinit>> (0x00000000883b5a90) thrown at [./src/hotspot/share/prims/jni.cpp, line 1362]

Events (20 events):
Event: 25.764 loading class org/gradle/internal/serialize/TopLevelExceptionPlaceholder done
Event: 25.771 loading class org/gradle/internal/serialize/ExceptionPlaceholder
Event: 25.771 loading class org/gradle/internal/serialize/ExceptionPlaceholder done
Event: 25.787 loading class org/gradle/internal/serialize/ContextualPlaceholderException
Event: 25.787 loading class org/gradle/internal/serialize/ContextualPlaceholderException done
Event: 25.788 loading class org/gradle/internal/serialize/PlaceholderException
Event: 25.788 loading class org/gradle/internal/serialize/PlaceholderException done
Event: 25.788 loading class org/gradle/internal/serialize/PlaceholderExceptionSupport
Event: 25.788 loading class org/gradle/internal/serialize/PlaceholderExceptionSupport done
Event: 25.789 loading class org/gradle/internal/serialize/PlaceholderAssertionError
Event: 25.789 loading class org/gradle/internal/serialize/PlaceholderAssertionError done
Event: 25.789 loading class org/gradle/internal/serialize/ExceptionPlaceholder$1
Event: 25.789 loading class org/gradle/internal/serialize/ExceptionPlaceholder$1 done
Event: 25.790 loading class org/gradle/internal/serialize/ExceptionReplacingObjectOutputStream$2
Event: 25.790 loading class org/gradle/internal/serialize/ExceptionReplacingObjectOutputStream$2 done
Event: 25.790 loading class org/gradle/internal/serialize/ExceptionPlaceholder$2
Event: 25.790 loading class org/gradle/internal/serialize/ExceptionPlaceholder$2 done
Event: 25.791 loading class org/gradle/tooling/internal/provider/serialization/DefaultPayloadClassLoaderRegistry$ClassLoaderSpecVisitor
Event: 25.791 loading class org/gradle/tooling/internal/provider/serialization/DefaultPayloadClassLoaderRegistry$ClassLoaderSpecVisitor done
Event: 25.792 Executing VM operation: Deoptimize


Dynamic libraries:
0x00007ff7c6a60000 - 0x00007ff7c6a6a000 	C:\Program Files\Android\Android Studio\jre\bin\java.exe
0x00007ffeb30e0000 - 0x00007ffeb32d0000 	C:\windows\SYSTEM32\ntdll.dll
0x00007ffeb2f60000 - 0x00007ffeb3012000 	C:\windows\System32\KERNEL32.DLL
0x00007ffeb0920000 - 0x00007ffeb0bc3000 	C:\windows\System32\KERNELBASE.dll
0x00007ffeb1060000 - 0x00007ffeb115a000 	C:\windows\System32\ucrtbase.dll
0x00007ffeabd10000 - 0x00007ffeabd29000 	C:\Program Files\Android\Android Studio\jre\bin\jli.dll
0x00007ffe91600000 - 0x00007ffe91617000 	C:\Program Files\Android\Android Studio\jre\bin\VCRUNTIME140.dll
0x00007ffeb1190000 - 0x00007ffeb1324000 	C:\windows\System32\USER32.dll
0x00007ffeb1160000 - 0x00007ffeb1181000 	C:\windows\System32\win32u.dll
0x00007ffe92460000 - 0x00007ffe926e5000 	C:\windows\WinSxS\amd64_microsoft.windows.common-controls_6595b64144ccf1df_6.0.18362.418_none_e6c6b287130d565d\COMCTL32.dll
0x00007ffeb22f0000 - 0x00007ffeb2316000 	C:\windows\System32\GDI32.dll
0x00007ffeb1a20000 - 0x00007ffeb1abe000 	C:\windows\System32\msvcrt.dll
0x00007ffeb0c80000 - 0x00007ffeb0e14000 	C:\windows\System32\gdi32full.dll
0x00007ffeb1470000 - 0x00007ffeb17a6000 	C:\windows\System32\combase.dll
0x00007ffeb0e70000 - 0x00007ffeb0f0e000 	C:\windows\System32\msvcp_win.dll
0x00007ffeb2e40000 - 0x00007ffeb2f60000 	C:\windows\System32\RPCRT4.dll
0x00007ffeb0120000 - 0x00007ffeb01a0000 	C:\windows\System32\bcryptPrimitives.dll
0x00007ffeb1990000 - 0x00007ffeb19be000 	C:\windows\System32\IMM32.DLL
0x00007ffeafe60000 - 0x00007ffeafe96000 	C:\windows\system32\vmwsci.dll
0x00007ffeb2520000 - 0x00007ffeb2528000 	C:\windows\System32\PSAPI.DLL
0x00007ffea90e0000 - 0x00007ffea917e000 	C:\windows\system32\ftapihook64.dll
0x00007ffeb2240000 - 0x00007ffeb22e3000 	C:\windows\System32\ADVAPI32.dll
0x00007ffeb2320000 - 0x00007ffeb23b7000 	C:\windows\System32\sechost.dll
0x00007ffeade10000 - 0x00007ffeadea9000 	C:\windows\system32\uxtheme.dll
0x00007ffea8d70000 - 0x00007ffea8dfb000 	C:\windows\system32\ftgenstub.dll
0x00007ffeb1d30000 - 0x00007ffeb21a0000 	C:\windows\System32\setupapi.dll
0x00007ffeb0e20000 - 0x00007ffeb0e6a000 	C:\windows\System32\cfgmgr32.dll
0x00007ffeb0070000 - 0x00007ffeb0096000 	C:\windows\System32\bcrypt.dll
0x00007ffe75760000 - 0x00007ffe757fd000 	C:\Program Files\Android\Android Studio\jre\bin\msvcp140.dll
0x00007ffe54030000 - 0x00007ffe54aec000 	C:\Program Files\Android\Android Studio\jre\bin\server\jvm.dll
0x00007ffe9e690000 - 0x00007ffe9e699000 	C:\windows\SYSTEM32\WSOCK32.dll
0x00007ffeb21d0000 - 0x00007ffeb223f000 	C:\windows\System32\WS2_32.dll
0x00007ffeaa9f0000 - 0x00007ffeaaa14000 	C:\windows\SYSTEM32\WINMM.dll
0x00007ffeaf0f0000 - 0x00007ffeaf0fa000 	C:\windows\SYSTEM32\VERSION.dll
0x00007ffeaa9c0000 - 0x00007ffeaa9ed000 	C:\windows\SYSTEM32\WINMMBASE.dll
0x00007ffeb0050000 - 0x00007ffeb0061000 	C:\windows\System32\kernel.appcore.dll
0x00007ffeab7c0000 - 0x00007ffeab7d1000 	C:\Program Files\Android\Android Studio\jre\bin\verify.dll
0x00007ffeaa0f0000 - 0x00007ffeaa2e4000 	C:\windows\SYSTEM32\DBGHELP.DLL
0x00007ffea9e90000 - 0x00007ffea9eba000 	C:\windows\SYSTEM32\dbgcore.DLL
0x00007ffea9e60000 - 0x00007ffea9e89000 	C:\Program Files\Android\Android Studio\jre\bin\java.dll
0x00007ffeabd00000 - 0x00007ffeabd0b000 	C:\Program Files\Android\Android Studio\jre\bin\jimage.dll
0x00007ffeab7a0000 - 0x00007ffeab7b8000 	C:\Program Files\Android\Android Studio\jre\bin\zip.dll
0x00007ffeb2530000 - 0x00007ffeb2c15000 	C:\windows\System32\SHELL32.dll
0x00007ffeb17b0000 - 0x00007ffeb1859000 	C:\windows\System32\shcore.dll
0x00007ffeb01a0000 - 0x00007ffeb091f000 	C:\windows\System32\windows.storage.dll
0x00007ffeaffc0000 - 0x00007ffeaffdf000 	C:\windows\System32\profapi.dll
0x00007ffeb0000000 - 0x00007ffeb004a000 	C:\windows\System32\powrprof.dll
0x00007ffeaffb0000 - 0x00007ffeaffc0000 	C:\windows\System32\UMPDC.dll
0x00007ffeb19c0000 - 0x00007ffeb1a12000 	C:\windows\System32\shlwapi.dll
0x00007ffeb0100000 - 0x00007ffeb0117000 	C:\windows\System32\cryptsp.dll
0x00007ffea9d00000 - 0x00007ffea9d1a000 	C:\Program Files\Android\Android Studio\jre\bin\net.dll
0x00007ffea6e50000 - 0x00007ffea6f40000 	C:\windows\SYSTEM32\WINHTTP.dll
0x00007ffeaf7e0000 - 0x00007ffeaf847000 	C:\windows\system32\mswsock.dll
0x00007ffea9b60000 - 0x00007ffea9b74000 	C:\Program Files\Android\Android Studio\jre\bin\nio.dll
0x00007ffeadbe0000 - 0x00007ffeadc07000 	C:\Users\Public\.gradle\native\8bec1ad78214c89d9ad589b4d07fe93259594b29d510b10fafb7a158f7737e5d\windows-amd64\native-platform.dll
0x00007ffe716d0000 - 0x00007ffe7180d000 	C:\Users\Public\.gradle\native\53dbd7edfb1c66fb8903c78663c9afc45aea4f116125fa6feffd364cf09443e8\windows-amd64\native-platform-file-events.dll
0x00007ffea9b50000 - 0x00007ffea9b5a000 	C:\Program Files\Android\Android Studio\jre\bin\management.dll
0x00007ffea94d0000 - 0x00007ffea94dc000 	C:\Program Files\Android\Android Studio\jre\bin\management_ext.dll
0x00007ffeaf350000 - 0x00007ffeaf383000 	C:\windows\system32\rsaenh.dll
0x00007ffeafed0000 - 0x00007ffeafef5000 	C:\windows\SYSTEM32\USERENV.dll
0x00007ffeaf9b0000 - 0x00007ffeaf9bc000 	C:\windows\SYSTEM32\CRYPTBASE.dll
0x00007ffeaf4f0000 - 0x00007ffeaf52a000 	C:\windows\SYSTEM32\IPHLPAPI.DLL
0x00007ffeb21c0000 - 0x00007ffeb21c8000 	C:\windows\System32\NSI.dll
0x00007ffeabd90000 - 0x00007ffeabda6000 	C:\windows\SYSTEM32\dhcpcsvc6.DLL
0x00007ffeabce0000 - 0x00007ffeabcfc000 	C:\windows\SYSTEM32\dhcpcsvc.DLL
0x00007ffeaf530000 - 0x00007ffeaf5fa000 	C:\windows\SYSTEM32\DNSAPI.dll

dbghelp: loaded successfully - version: 4.0.5 - missing functions: none
symbol engine: initialized successfully - sym options: 0x614 - pdb path: .;C:\Program Files\Android\Android Studio\jre\bin;C:\windows\SYSTEM32;C:\windows\WinSxS\amd64_microsoft.windows.common-controls_6595b64144ccf1df_6.0.18362.418_none_e6c6b287130d565d;C:\Program Files\Android\Android Studio\jre\bin\server;C:\Users\Public\.gradle\native\8bec1ad78214c89d9ad589b4d07fe93259594b29d510b10fafb7a158f7737e5d\windows-amd64;C:\Users\Public\.gradle\native\53dbd7edfb1c66fb8903c78663c9afc45aea4f116125fa6feffd364cf09443e8\windows-amd64

VM Arguments:
jvm_args: --add-opens=java.base/java.util=ALL-UNNAMED --add-opens=java.base/java.lang=ALL-UNNAMED --add-opens=java.base/java.lang.invoke=ALL-UNNAMED --add-opens=java.base/java.util=ALL-UNNAMED --add-opens=java.prefs/java.util.prefs=ALL-UNNAMED --add-opens=java.prefs/java.util.prefs=ALL-UNNAMED --add-opens=java.base/java.nio.charset=ALL-UNNAMED --add-opens=java.base/java.net=ALL-UNNAMED --add-opens=java.base/java.util.concurrent.atomic=ALL-UNNAMED -Xmx2048m -Dfile.encoding=UTF-8 -Duser.country=US -Duser.language=en -Duser.variant 
java_command: org.gradle.launcher.daemon.bootstrap.GradleDaemon 7.0.2
java_class_path (initial): C:\Users\Public\.gradle\wrapper\dists\gradle-7.0.2-bin\857tjihv64xamwrf0h14cai3r\gradle-7.0.2\lib\gradle-launcher-7.0.2.jar
Launcher Type: SUN_STANDARD

[Global flags]
     intx CICompilerCount                          = 3                                         {product} {ergonomic}
     uint ConcGCThreads                            = 1                                         {product} {ergonomic}
     uint G1ConcRefinementThreads                  = 4                                         {product} {ergonomic}
   size_t G1HeapRegionSize                         = 1048576                                   {product} {ergonomic}
    uintx GCDrainStackTargetSize                   = 64                                        {product} {ergonomic}
   size_t InitialHeapSize                          = 268435456                                 {product} {ergonomic}
   size_t MarkStackSize                            = 4194304                                   {product} {ergonomic}
   size_t MaxHeapSize                              = 2147483648                                {product} {command line}
   size_t MaxNewSize                               = 1287651328                                {product} {ergonomic}
   size_t MinHeapDeltaBytes                        = 1048576                                   {product} {ergonomic}
    uintx NonNMethodCodeHeapSize                   = 5830732                                {pd product} {ergonomic}
    uintx NonProfiledCodeHeapSize                  = 122913754                              {pd product} {ergonomic}
    uintx ProfiledCodeHeapSize                     = 122913754                              {pd product} {ergonomic}
    uintx ReservedCodeCacheSize                    = 251658240                              {pd product} {ergonomic}
     bool SegmentedCodeCache                       = true                                      {product} {ergonomic}
     bool UseCompressedClassPointers               = true                                 {lp64_product} {ergonomic}
     bool UseCompressedOops                        = true                                 {lp64_product} {ergonomic}
     bool UseG1GC                                  = true                                      {product} {ergonomic}
     bool UseLargePagesIndividualAllocation        = false                                  {pd product} {ergonomic}

Logging:
Log output configuration:
 #0: stdout all=warning uptime,level,tags
 #1: stderr all=off uptime,level,tags

Environment Variables:
JAVA_HOME=C:\Program Files\openjdk-15.0.2_windows-x64_bin\jdk-15.0.2\
CLASSPATH=.;C:\JUNIT\junit.jar
PATH=C:\Program Files (x86)\Common Files\Intel\Shared Libraries\redist\ia32_win\mpirt;C:\Program Files (x86)\Common Files\Intel\Shared Libraries\redist\ia32_win\compiler;C:\Program Files\Microsoft MPI\Bin\;C:\Program Files (x86)\NVIDIA Corporation\PhysX\Common;C:\Program Files\Python39\Scripts\;C:\Program Files\Python39\;C:\Program Files\openjdk-15.0.2_windows-x64_bin\jdk-15.0.2\bin;.;C:\Program Files\Microsoft VS Code\bin;C:\MinGW\bin;C:\Program Files (x86)\Rockwell Software\RSCommon;C:\Program Files\National Instruments\Shared\OpenVINO\;C:\windows\system32;C:\windows;C:\windows\System32\Wbem;C:\windows\System32\WindowsPowerShell\v1.0\;C:\windows\System32\OpenSSH\;C:\Program Files\Microsoft SQL Server\Client SDK\ODBC\110\Tools\Binn\;C:\Program Files (x86)\Microsoft SQL Server\120\Tools\Binn\;C:\Program Files\Microsoft SQL Server\120\Tools\Binn\;C:\Program Files\Microsoft SQL Server\120\DTS\Binn\;C:\Program Files (x86)\Windows Kits\8.1\Windows Performance Toolkit\;C:\Program Files\Inkscape\bin;C:\Program Files (x86)\Microsoft SQL Server\80\Tools\Binn\;C:\Program Files (x86)\IVI Foundation\VISA\WinNT\Bin\;C:\Program Files\IVI Foundation\VISA\Win64\Bin\;C:\Program Files (x86)\National Instruments\Shared\LabVIEW CLI;C:\Program Files (x86)\IVI Foundation\IVI\bin;C:\Program Files\IVI Foundation\IVI\bin;C:\Program Files (x86)\IVI Foundation\VISA\WinNT\Bin;C:\Program Files (x86)\Common Files\Rockwell\;C:\Users\Public\.cargo\bin;C:\Program Files\nodejs\;C:\ProgramData\chocolatey\bin;C:\Program Files\mysql-8.0.23-winx64\bin;C:\Program Files (x86)\Google\Cloud SDK\google-cloud-sdk\bin;C:\Program Files\emacs-27.1-x86_64\bin;C:\Program Files\UnxUtils\bin;C:\Program Files\PuTTY\;C:\Program Files\Git\cmd;C:\Program Files\MATLAB\R2021a\runtime\win64;C:\Program Files\MATLAB\R2021a\bin;C:\Program Files\Common Files\ThinPrint\;C:\Program Files\UnxUtils\usr\local\wbin;C:\Program Files\dotnet\;C:\Users\nguyenke22\AppData\Local\Microsoft\WindowsApps;
USERNAME=nguyenke22
OS=Windows_NT
PROCESSOR_IDENTIFIER=Intel64 Family 6 Model 79 Stepping 0, GenuineIntel



---------------  S Y S T E M  ---------------

OS: Windows 10 , 64 bit Build 18362 (10.0.18362.329)
OS uptime: 0 days 4:19 hours
VMWare virtualization detected

CPU:total 4 (initial active 4) (4 cores per cpu, 1 threads per core) family 6 model 79 stepping 0, cmov, cx8, fxsr, mmx, sse, sse2, sse3, ssse3, sse4.1, sse4.2, popcnt, avx, avx2, aes, clmul, erms, 3dnowpref, lzcnt, tsc, tscinvbit, bmi1, bmi2, adx, fma

Memory: 4k page, system-wide physical 16383M (6130M free)
TotalPageFile size 18815M (AvailPageFile size 5312M)
current process WorkingSet (physical memory assigned to process): 477M, peak: 481M
current process commit charge ("private bytes"): 537M, peak: 548M

vm_info: OpenJDK 64-Bit Server VM (11.0.8+10-b944.6842174) for windows-amd64 JRE (11.0.8+10-b944.6842174), built on Sep 19 2020 01:11:42 by "builder" with MS VC++ 14.0 (VS2015)

END.
