#
# A fatal error has been detected by the Java Runtime Environment:
#
#  EXCEPTION_ACCESS_VIOLATION (0xc0000005) at pc=0x00007ffc9546c4be, pid=18048, tid=18844
#
# JRE version: OpenJDK Runtime Environment (11.0.8+10) (build 11.0.8+10-b944.6842174)
# Java VM: OpenJDK 64-Bit Server VM (11.0.8+10-b944.6842174, mixed mode, tiered, compressed oops, g1 gc, windows-amd64)
# Problematic frame:
# C  [native-platform-file-events.dll+0x1c4be]
#
# No core dump will be written. Minidumps are not enabled by default on client versions of Windows
#
# If you would like to submit a bug report, please visit:
#   https://bugreport.java.com/bugreport/crash.jsp
# The crash happened outside the Java Virtual Machine in native code.
# See problematic frame for where to report the bug.
#

---------------  S U M M A R Y ------------

Command Line: --add-opens=java.base/java.util=ALL-UNNAMED --add-opens=java.base/java.lang=ALL-UNNAMED --add-opens=java.base/java.lang.invoke=ALL-UNNAMED --add-opens=java.base/java.util=ALL-UNNAMED --add-opens=java.prefs/java.util.prefs=ALL-UNNAMED --add-opens=java.prefs/java.util.prefs=ALL-UNNAMED --add-opens=java.base/java.nio.charset=ALL-UNNAMED --add-opens=java.base/java.net=ALL-UNNAMED --add-opens=java.base/java.util.concurrent.atomic=ALL-UNNAMED -Xmx2048m -Dfile.encoding=UTF-8 -Duser.country=US -Duser.language=en -Duser.variant org.gradle.launcher.daemon.bootstrap.GradleDaemon 7.0.2

Host: Intel(R) Xeon(R) Gold 6148 CPU @ 2.40GHz, 4 cores, 15G,  Windows 10 , 64 bit Build 18362 (10.0.18362.329)
Time: Sun Nov  7 13:50:04 2021 Pacific Standard Time elapsed time: 16 seconds (0d 0h 0m 16s)

---------------  T H R E A D  ---------------

Current thread (0x0000023c898f1800):  JavaThread "File watcher server" daemon [_thread_in_native, id=18844, stack(0x0000009ff4f00000,0x0000009ff5000000)]

Stack: [0x0000009ff4f00000,0x0000009ff5000000],  sp=0x0000009ff4ffeb30,  free space=1018k
Native frames: (J=compiled Java code, j=interpreted, Vv=VM code, C=native code)
C  [native-platform-file-events.dll+0x1c4be]

Java frames: (J=compiled Java code, j=interpreted, Vv=VM code)
j  net.rubygrapefruit.platform.internal.jni.AbstractFileEventFunctions$NativeFileWatcher.executeRunLoop0(Ljava/lang/Object;)V+0
j  net.rubygrapefruit.platform.internal.jni.AbstractFileEventFunctions$NativeFileWatcher.access$100(Lnet/rubygrapefruit/platform/internal/jni/AbstractFileEventFunctions$NativeFileWatcher;Ljava/lang/Object;)V+2
j  net.rubygrapefruit.platform.internal.jni.AbstractFileEventFunctions$NativeFileWatcher$1.run()V+26
v  ~StubRoutines::call_stub

siginfo: EXCEPTION_ACCESS_VIOLATION (0xc0000005), reading address 0xffffffffffffffff


Register to memory mapping:

RIP=0x00007ffc9546c4be native-platform-file-events.dll
RAX=0x2473636974736974 is an unknown value
RBX=0x0000000000000001 is an unknown value
RCX=0x2473636974736974 is an unknown value
RDX=0x0000009ff4ffeb88 is pointing into the stack for thread: 0x0000023c898f1800
RSP=0x0000009ff4ffeb30 is pointing into the stack for thread: 0x0000023c898f1800
RBP=0x0000009ff4fff4e8 is pointing into the stack for thread: 0x0000023c898f1800
RSI=0x0 is NULL
RDI=
[error occurred during error reporting (printing register info), id 0xc0000005, EXCEPTION_ACCESS_VIOLATION (0xc0000005) at pc=0x00007ffc72757297]

Registers:
RAX=0x2473636974736974, RBX=0x0000000000000001, RCX=0x2473636974736974, RDX=0x0000009ff4ffeb88
RSP=0x0000009ff4ffeb30, RBP=0x0000009ff4fff4e8, RSI=0x0000000000000000, RDI=0x00000000ffffffff
R8 =0x0000009ff4ffeb90, R9 =0x000000007ffe3000, R10=0x0000000000000001, R11=0xfffffffff0985f2d
R12=0x0000000000000000, R13=0x0000023c8c6f5868, R14=0x0000009ff4fff510, R15=0x0000023c898f1800
RIP=0x00007ffc9546c4be, EFLAGS=0x0000000000010206

Top of Stack: (sp=0x0000009ff4ffeb30)
0x0000009ff4ffeb30:   00005f9bd2c34984 00005f9baf76e9cc
0x0000009ff4ffeb40:   00005f9bd2c34984 00007ffc95487be5
0x0000009ff4ffeb50:   0000009ff4ffec08 0000009ff4ffeb88
0x0000009ff4ffeb60:   0000009f00000000 0000009ff4ffeb98
0x0000009ff4ffeb70:   0000009ff4ff0001 000000f4c21b8d89
0x0000009ff4ffeb80:   0000009ff4ffeb90 0000000000000250
0x0000009ff4ffeb90:   00005f9baf76e9cc 00005f9bd2c34984
0x0000009ff4ffeba0:   0000009ff4fff510 00007ffc95487777
0x0000009ff4ffebb0:   0000009ff4ffec08 0000009ff4ffec00
0x0000009ff4ffebc0:   0000023c880c8c40 0000023c8ae235a0
0x0000009ff4ffebd0:   0000000000000000 00007ffc95478bee
0x0000009ff4ffebe0:   00005f9bd2c34984 0000000000000250
0x0000009ff4ffebf0:   0000009ff47fbf80 00007ffc00000000
0x0000009ff4ffec00:   00004c3b8e006d1b 0000000000000250
0x0000009ff4ffec10:   00007ffc9e795000 00007ffc9546c6ec
0x0000009ff4ffec20:   2473636974736974 0000009f00000003 

Instructions: (pc=0x00007ffc9546c4be)
0x00007ffc9546c3be:   8b 00 48 89 44 24 38 48 8b 44 24 38 48 89 44 24
0x00007ffc9546c3ce:   58 48 8b 84 24 b0 00 00 00 48 83 c0 08 48 89 44
0x00007ffc9546c3de:   24 40 48 8d 54 24 70 48 8b 4c 24 40 e8 26 50 fe
0x00007ffc9546c3ee:   ff 48 8b 00 48 89 44 24 48 48 8b 44 24 48 48 89
0x00007ffc9546c3fe:   44 24 60 4c 8b 4c 24 50 4c 8b 44 24 58 48 8b 54
0x00007ffc9546c40e:   24 60 48 8d 4c 24 78 e8 31 92 fe ff 48 8d 4c 24
0x00007ffc9546c41e:   78 e8 8b 6a fe ff 48 8b c8 ff 15 db ab 11 00 89
0x00007ffc9546c42e:   44 24 24 83 7c 24 24 ff 74 15 8b 44 24 24 83 e0
0x00007ffc9546c43e:   10 85 c0 74 0a c7 44 24 28 01 00 00 00 eb 08 c7
0x00007ffc9546c44e:   44 24 28 00 00 00 00 0f b6 44 24 28 88 44 24 20
0x00007ffc9546c45e:   48 8d 4c 24 78 e8 1f 97 fe ff 0f b6 44 24 20 48
0x00007ffc9546c46e:   8b 8c 24 98 00 00 00 48 33 cc e8 8f 76 fe ff 48
0x00007ffc9546c47e:   81 c4 a8 00 00 00 c3 cc cc cc cc cc cc cc cc cc
0x00007ffc9546c48e:   cc cc 48 89 4c 24 08 48 81 ec e8 00 00 00 48 8b
0x00007ffc9546c49e:   05 a5 7d 10 00 48 33 c4 48 89 84 24 d0 00 00 00
0x00007ffc9546c4ae:   c7 44 24 30 00 00 00 00 48 8b 84 24 f0 00 00 00
0x00007ffc9546c4be:   83 78 68 03 0f 84 02 01 00 00 48 8b 84 24 f0 00
0x00007ffc9546c4ce:   00 00 48 8b 48 28 ff 15 36 ab 11 00 89 44 24 38
0x00007ffc9546c4de:   83 7c 24 38 00 0f 85 d0 00 00 00 ba 07 00 00 00
0x00007ffc9546c4ee:   48 8b 0d 1b b0 10 00 e8 48 a4 fe ff 88 44 24 34
0x00007ffc9546c4fe:   0f b6 44 24 34 85 c0 0f 84 90 00 00 00 ff 15 07
0x00007ffc9546c50e:   ab 11 00 89 44 24 3c 48 8b 84 24 f0 00 00 00 48
0x00007ffc9546c51e:   83 c0 08 48 8b d0 48 8d 8c 24 90 00 00 00 e8 05
0x00007ffc9546c52e:   51 fe ff 48 89 44 24 40 48 8b 44 24 40 48 89 44
0x00007ffc9546c53e:   24 48 8b 44 24 30 83 c8 01 89 44 24 30 48 8b 4c
0x00007ffc9546c54e:   24 48 e8 d5 52 fe ff 48 89 44 24 50 48 8b 84 24
0x00007ffc9546c55e:   f0 00 00 00 48 8b 40 28 48 89 44 24 58 8b 44 24
0x00007ffc9546c56e:   3c 89 44 24 28 48 8b 44 24 50 48 89 44 24 20 4c
0x00007ffc9546c57e:   8b 4c 24 58 4c 8d 05 77 af 0d 00 ba 07 00 00 00
0x00007ffc9546c58e:   48 8b 0d 7b af 10 00 e8 f8 71 fe ff 90 8b 44 24
0x00007ffc9546c59e:   30 83 e0 01 85 c0 74 13 83 64 24 30 fe 48 8d 8c
0x00007ffc9546c5ae:   24 90 00 00 00 e8 e7 5a fe ff 90 eb 00 48 8b 84 


Stack slot to memory mapping:
stack at sp + 0 slots: 0x00005f9bd2c34984 is an unknown value
stack at sp + 1 slots: 0x00005f9baf76e9cc is an unknown value
stack at sp + 2 slots: 0x00005f9bd2c34984 is an unknown value
stack at sp + 3 slots: 0x00007ffc95487be5 native-platform-file-events.dll
stack at sp + 4 slots: 0x0000009ff4ffec08 is pointing into the stack for thread: 0x0000023c898f1800
stack at sp + 5 slots: 0x0000009ff4ffeb88 is pointing into the stack for thread: 0x0000023c898f1800
stack at sp + 6 slots: 0x0000009f00000000 is an unknown value
stack at sp + 7 slots: 0x0000009ff4ffeb98 is pointing into the stack for thread: 0x0000023c898f1800


---------------  P R O C E S S  ---------------

Threads class SMR info:
_java_thread_list=0x0000023c8ccd2bc0, length=40, elements={
0x0000023cec876000, 0x0000023c86b06800, 0x0000023c8739d000, 0x0000023c873f1800,
0x0000023c873f2800, 0x0000023c873f5000, 0x0000023c873fa800, 0x0000023c87400000,
0x0000023c87553000, 0x0000023c87570800, 0x0000023c88fa7000, 0x0000023c895bd800,
0x0000023c89dfb800, 0x0000023c88dbe000, 0x0000023c8837f800, 0x0000023c89454800,
0x0000023c893ce000, 0x0000023c884cf800, 0x0000023c89890000, 0x0000023c883ec000,
0x0000023c898f2800, 0x0000023c898f6800, 0x0000023c898f3000, 0x0000023c898f4000,
0x0000023c898f1800, 0x0000023c898f5000, 0x0000023c898f5800, 0x0000023c89ceb000,
0x0000023c89cef000, 0x0000023c89cec000, 0x0000023c89cf0000, 0x0000023c89ced800,
0x0000023c89cf2800, 0x0000023c89cec800, 0x0000023c89cf4000, 0x0000023c89cf3000,
0x0000023c89cf5000, 0x0000023c89cf6800, 0x0000023c89cf1800, 0x0000023c88372800
}

Java Threads: ( => current thread )
  0x0000023cec876000 JavaThread "main" [_thread_blocked, id=18964, stack(0x0000009ff2c00000,0x0000009ff2d00000)]
  0x0000023c86b06800 JavaThread "Reference Handler" daemon [_thread_blocked, id=18336, stack(0x0000009ff3300000,0x0000009ff3400000)]
  0x0000023c8739d000 JavaThread "Finalizer" daemon [_thread_blocked, id=18072, stack(0x0000009ff3400000,0x0000009ff3500000)]
  0x0000023c873f1800 JavaThread "Signal Dispatcher" daemon [_thread_blocked, id=14344, stack(0x0000009ff3500000,0x0000009ff3600000)]
  0x0000023c873f2800 JavaThread "Attach Listener" daemon [_thread_blocked, id=7840, stack(0x0000009ff3600000,0x0000009ff3700000)]
  0x0000023c873f5000 JavaThread "C2 CompilerThread0" daemon [_thread_blocked, id=5508, stack(0x0000009ff3700000,0x0000009ff3800000)]
  0x0000023c873fa800 JavaThread "C1 CompilerThread0" daemon [_thread_blocked, id=11244, stack(0x0000009ff3800000,0x0000009ff3900000)]
  0x0000023c87400000 JavaThread "Sweeper thread" daemon [_thread_blocked, id=15356, stack(0x0000009ff3900000,0x0000009ff3a00000)]
  0x0000023c87553000 JavaThread "Common-Cleaner" daemon [_thread_blocked, id=19336, stack(0x0000009ff3a00000,0x0000009ff3b00000)]
  0x0000023c87570800 JavaThread "Service Thread" daemon [_thread_blocked, id=144, stack(0x0000009ff3b00000,0x0000009ff3c00000)]
  0x0000023c88fa7000 JavaThread "Daemon health stats" [_thread_blocked, id=14980, stack(0x0000009ff4100000,0x0000009ff4200000)]
  0x0000023c895bd800 JavaThread "Incoming local TCP Connector on port 62174" [_thread_in_native, id=16540, stack(0x0000009ff4200000,0x0000009ff4300000)]
  0x0000023c89dfb800 JavaThread "Daemon periodic checks" [_thread_blocked, id=15508, stack(0x0000009ff4300000,0x0000009ff4400000)]
  0x0000023c88dbe000 JavaThread "Daemon" [_thread_blocked, id=19124, stack(0x0000009ff4400000,0x0000009ff4500000)]
  0x0000023c8837f800 JavaThread "Handler for socket connection from /127.0.0.1:62174 to /127.0.0.1:62175" [_thread_in_native, id=3144, stack(0x0000009ff4500000,0x0000009ff4600000)]
  0x0000023c89454800 JavaThread "Cancel handler" [_thread_blocked, id=1456, stack(0x0000009ff4600000,0x0000009ff4700000)]
  0x0000023c893ce000 JavaThread "Daemon worker" [_thread_in_native, id=19056, stack(0x0000009ff4700000,0x0000009ff4800000)]
  0x0000023c884cf800 JavaThread "Asynchronous log dispatcher for DefaultDaemonConnection: socket connection from /127.0.0.1:62174 to /127.0.0.1:62175" [_thread_blocked, id=1284, stack(0x0000009ff4800000,0x0000009ff4900000)]
  0x0000023c89890000 JavaThread "Stdin handler" [_thread_blocked, id=15832, stack(0x0000009ff4900000,0x0000009ff4a00000)]
  0x0000023c883ec000 JavaThread "Daemon client event forwarder" [_thread_blocked, id=4672, stack(0x0000009ff4a00000,0x0000009ff4b00000)]
  0x0000023c898f2800 JavaThread "Cache worker for file hash cache (C:\Users\Public\.gradle\caches\7.0.2\fileHashes)" [_thread_blocked, id=14428, stack(0x0000009ff4b00000,0x0000009ff4c00000)]
  0x0000023c898f6800 JavaThread "File lock request listener" [_thread_in_native, id=13076, stack(0x0000009ff4c00000,0x0000009ff4d00000)]
  0x0000023c898f3000 JavaThread "Cache worker for journal cache (C:\Users\Public\.gradle\caches\journal-1)" [_thread_blocked, id=3240, stack(0x0000009ff4d00000,0x0000009ff4e00000)]
  0x0000023c898f4000 JavaThread "Cache worker for file hash cache (P:\CS371\hiveframework\.gradle\7.0.2\fileHashes)" [_thread_blocked, id=208, stack(0x0000009ff4e00000,0x0000009ff4f00000)]
=>0x0000023c898f1800 JavaThread "File watcher server" daemon [_thread_in_native, id=18844, stack(0x0000009ff4f00000,0x0000009ff5000000)]
  0x0000023c898f5000 JavaThread "File watcher consumer" daemon [_thread_blocked, id=15044, stack(0x0000009ff5000000,0x0000009ff5100000)]
  0x0000023c898f5800 JavaThread "Cache worker for checksums cache (P:\CS371\hiveframework\.gradle\checksums)" [_thread_blocked, id=14000, stack(0x0000009ff5100000,0x0000009ff5200000)]
  0x0000023c89ceb000 JavaThread "Cache worker for execution history cache (C:\Users\Public\.gradle\caches\7.0.2\executionHistory)" [_thread_blocked, id=3672, stack(0x0000009ff5400000,0x0000009ff5500000)]
  0x0000023c89cef000 JavaThread "jar transforms" [_thread_blocked, id=17876, stack(0x0000009ff5500000,0x0000009ff5600000)]
  0x0000023c89cec000 JavaThread "jar transforms Thread 2" [_thread_blocked, id=18316, stack(0x0000009ff5600000,0x0000009ff5700000)]
  0x0000023c89cf0000 JavaThread "Cache worker for file content cache (C:\Users\Public\.gradle\caches\7.0.2\fileContent)" [_thread_blocked, id=14564, stack(0x0000009ff5700000,0x0000009ff5800000)]
  0x0000023c89ced800 JavaThread "Cache worker for dependencies-accessors (P:\CS371\hiveframework\.gradle\7.0.2\dependencies-accessors)" [_thread_blocked, id=5464, stack(0x0000009ff5800000,0x0000009ff5900000)]
  0x0000023c89cf2800 JavaThread "jar transforms Thread 3" [_thread_blocked, id=7508, stack(0x0000009ff5900000,0x0000009ff5a00000)]
  0x0000023c89cec800 JavaThread "Build operations" [_thread_blocked, id=4816, stack(0x0000009ff5b00000,0x0000009ff5c00000)]
  0x0000023c89cf4000 JavaThread "Build operations Thread 2" [_thread_blocked, id=8108, stack(0x0000009ff5c00000,0x0000009ff5d00000)]
  0x0000023c89cf3000 JavaThread "Build operations Thread 3" [_thread_blocked, id=2604, stack(0x0000009ff5d00000,0x0000009ff5e00000)]
  0x0000023c89cf5000 JavaThread "Build operations Thread 4" [_thread_blocked, id=15256, stack(0x0000009ff5e00000,0x0000009ff5f00000)]
  0x0000023c89cf6800 JavaThread "jar transforms Thread 4" [_thread_blocked, id=4444, stack(0x0000009ff5f00000,0x0000009ff6000000)]
  0x0000023c89cf1800 JavaThread "Memory manager" [_thread_blocked, id=9696, stack(0x0000009ff6000000,0x0000009ff6100000)]
  0x0000023c88372800 JavaThread "C2 CompilerThread1" daemon [_thread_in_native, id=14832, stack(0x0000009ff3d00000,0x0000009ff3e00000)]

Other Threads:
  0x0000023c86b00800 VMThread "VM Thread" [stack: 0x0000009ff3200000,0x0000009ff3300000] [id=6008]
  0x0000023c87583000 WatcherThread [stack: 0x0000009ff3c00000,0x0000009ff3d00000] [id=3396]
  0x0000023cec88e800 GCTaskThread "GC Thread#0" [stack: 0x0000009ff2d00000,0x0000009ff2e00000] [id=10528]
  0x0000023c87fd7000 GCTaskThread "GC Thread#1" [stack: 0x0000009ff3e00000,0x0000009ff3f00000] [id=18524]
  0x0000023c87bf9000 GCTaskThread "GC Thread#2" [stack: 0x0000009ff3f00000,0x0000009ff4000000] [id=17276]
  0x0000023c87bf9800 GCTaskThread "GC Thread#3" [stack: 0x0000009ff4000000,0x0000009ff4100000] [id=8164]
  0x0000023cec8bf000 ConcurrentGCThread "G1 Main Marker" [stack: 0x0000009ff2e00000,0x0000009ff2f00000] [id=232]
  0x0000023cec8c0800 ConcurrentGCThread "G1 Conc#0" [stack: 0x0000009ff2f00000,0x0000009ff3000000] [id=15076]
  0x0000023c869d5800 ConcurrentGCThread "G1 Refine#0" [stack: 0x0000009ff3000000,0x0000009ff3100000] [id=16564]
  0x0000023c869d6800 ConcurrentGCThread "G1 Young RemSet Sampling" [stack: 0x0000009ff3100000,0x0000009ff3200000] [id=17144]

Threads with active compile tasks:
C2 CompilerThread1  16511 9619   !   4       java.io.ObjectOutputStream::writeObject0 (619 bytes)

VM state:not at safepoint (normal execution)

VM Mutex/Monitor currently owned by a thread: None

Heap address: 0x0000000080000000, size: 2048 MB, Compressed Oops mode: 32-bit
Narrow klass base: 0x0000000000000000, Narrow klass shift: 3
Compressed class space size: 1073741824 Address: 0x0000000100000000

Heap:
 garbage-first heap   total 315392K, used 141951K [0x0000000080000000, 0x0000000100000000)
  region size 1024K, 99 young (101376K), 19 survivors (19456K)
 Metaspace       used 83154K, capacity 85219K, committed 85452K, reserved 1124352K
  class space    used 10608K, capacity 11348K, committed 11468K, reserved 1048576K
Heap Regions: E=young(eden), S=young(survivor), O=old, HS=humongous(starts), HC=humongous(continues), CS=collection set, F=free, A=archive, TAMS=top-at-mark-start (previous, next)
|   0|0x0000000080000000, 0x0000000080100000, 0x0000000080100000|100%| O|  |TAMS 0x0000000080100000, 0x0000000080000000| Untracked 
|   1|0x0000000080100000, 0x0000000080200000, 0x0000000080200000|100%| O|  |TAMS 0x0000000080200000, 0x0000000080100000| Untracked 
|   2|0x0000000080200000, 0x0000000080300000, 0x0000000080300000|100%| O|  |TAMS 0x0000000080300000, 0x0000000080200000| Untracked 
|   3|0x0000000080300000, 0x0000000080400000, 0x0000000080400000|100%|HS|  |TAMS 0x0000000080400000, 0x0000000080300000| Complete 
|   4|0x0000000080400000, 0x0000000080500000, 0x0000000080500000|100%|HC|  |TAMS 0x0000000080500000, 0x0000000080400000| Complete 
|   5|0x0000000080500000, 0x0000000080600000, 0x0000000080600000|100%|HC|  |TAMS 0x0000000080600000, 0x0000000080500000| Complete 
|   6|0x0000000080600000, 0x0000000080700000, 0x0000000080700000|100%| O|  |TAMS 0x0000000080700000, 0x0000000080600000| Untracked 
|   7|0x0000000080700000, 0x0000000080800000, 0x0000000080800000|100%| O|  |TAMS 0x0000000080800000, 0x0000000080700000| Untracked 
|   8|0x0000000080800000, 0x0000000080900000, 0x0000000080900000|100%| O|  |TAMS 0x0000000080900000, 0x0000000080800000| Untracked 
|   9|0x0000000080900000, 0x0000000080a00000, 0x0000000080a00000|100%| O|  |TAMS 0x0000000080a00000, 0x0000000080900000| Untracked 
|  10|0x0000000080a00000, 0x0000000080b00000, 0x0000000080b00000|100%| O|  |TAMS 0x0000000080b00000, 0x0000000080a00000| Untracked 
|  11|0x0000000080b00000, 0x0000000080c00000, 0x0000000080c00000|100%|HS|  |TAMS 0x0000000080c00000, 0x0000000080b00000| Complete 
|  12|0x0000000080c00000, 0x0000000080d00000, 0x0000000080d00000|100%|HS|  |TAMS 0x0000000080d00000, 0x0000000080c00000| Complete 
|  13|0x0000000080d00000, 0x0000000080e00000, 0x0000000080e00000|100%|HC|  |TAMS 0x0000000080e00000, 0x0000000080d00000| Complete 
|  14|0x0000000080e00000, 0x0000000080f00000, 0x0000000080f00000|100%| O|  |TAMS 0x0000000080f00000, 0x0000000080e00000| Untracked 
|  15|0x0000000080f00000, 0x0000000081000000, 0x0000000081000000|100%| O|  |TAMS 0x0000000081000000, 0x0000000080f00000| Untracked 
|  16|0x0000000081000000, 0x0000000081100000, 0x0000000081100000|100%| O|  |TAMS 0x0000000081100000, 0x0000000081000000| Untracked 
|  17|0x0000000081100000, 0x0000000081200000, 0x0000000081200000|100%| O|  |TAMS 0x0000000081200000, 0x0000000081100000| Untracked 
|  18|0x0000000081200000, 0x0000000081300000, 0x0000000081300000|100%| O|  |TAMS 0x0000000081300000, 0x0000000081200000| Untracked 
|  19|0x0000000081300000, 0x0000000081400000, 0x0000000081400000|100%| O|  |TAMS 0x0000000081400000, 0x0000000081300000| Untracked 
|  20|0x0000000081400000, 0x0000000081500000, 0x0000000081500000|100%| O|  |TAMS 0x0000000081500000, 0x0000000081400000| Untracked 
|  21|0x0000000081500000, 0x0000000081600000, 0x0000000081600000|100%| O|  |TAMS 0x0000000081600000, 0x0000000081500000| Untracked 
|  22|0x0000000081600000, 0x0000000081700000, 0x0000000081700000|100%| O|  |TAMS 0x0000000081700000, 0x0000000081600000| Untracked 
|  23|0x0000000081700000, 0x0000000081800000, 0x0000000081800000|100%| O|  |TAMS 0x0000000081800000, 0x0000000081700000| Untracked 
|  24|0x0000000081800000, 0x0000000081900000, 0x0000000081900000|100%| O|  |TAMS 0x0000000081823400, 0x0000000081800000| Untracked 
|  25|0x0000000081900000, 0x0000000081a00000, 0x0000000081a00000|100%| O|  |TAMS 0x0000000081900000, 0x0000000081900000| Untracked 
|  26|0x0000000081a00000, 0x0000000081b00000, 0x0000000081b00000|100%| O|  |TAMS 0x0000000081a00000, 0x0000000081a00000| Untracked 
|  27|0x0000000081b00000, 0x0000000081c00000, 0x0000000081c00000|100%| O|  |TAMS 0x0000000081b00000, 0x0000000081b00000| Untracked 
|  28|0x0000000081c00000, 0x0000000081d00000, 0x0000000081d00000|100%| O|  |TAMS 0x0000000081c00000, 0x0000000081c00000| Untracked 
|  29|0x0000000081d00000, 0x0000000081e00000, 0x0000000081e00000|100%| O|  |TAMS 0x0000000081d00000, 0x0000000081d00000| Untracked 
|  30|0x0000000081e00000, 0x0000000081f00000, 0x0000000081f00000|100%| O|  |TAMS 0x0000000081e00000, 0x0000000081e00000| Untracked 
|  31|0x0000000081f00000, 0x0000000082000000, 0x0000000082000000|100%| O|  |TAMS 0x0000000081f00000, 0x0000000081f00000| Untracked 
|  32|0x0000000082000000, 0x0000000082100000, 0x0000000082100000|100%| O|  |TAMS 0x0000000082000000, 0x0000000082000000| Untracked 
|  33|0x0000000082100000, 0x0000000082200000, 0x0000000082200000|100%| O|  |TAMS 0x0000000082100000, 0x0000000082100000| Untracked 
|  34|0x0000000082200000, 0x0000000082300000, 0x0000000082300000|100%| O|  |TAMS 0x0000000082200000, 0x0000000082200000| Untracked 
|  35|0x0000000082300000, 0x0000000082400000, 0x0000000082400000|100%| O|  |TAMS 0x0000000082300000, 0x0000000082300000| Untracked 
|  36|0x0000000082400000, 0x0000000082500000, 0x0000000082500000|100%| O|  |TAMS 0x0000000082400000, 0x0000000082400000| Untracked 
|  37|0x0000000082500000, 0x0000000082600000, 0x0000000082600000|100%| O|  |TAMS 0x0000000082500000, 0x0000000082500000| Untracked 
|  38|0x0000000082600000, 0x0000000082700000, 0x0000000082700000|100%| O|  |TAMS 0x0000000082600000, 0x0000000082600000| Untracked 
|  39|0x0000000082700000, 0x0000000082800000, 0x0000000082800000|100%| O|  |TAMS 0x0000000082700000, 0x0000000082700000| Untracked 
|  40|0x0000000082800000, 0x0000000082900000, 0x0000000082900000|100%| O|  |TAMS 0x0000000082800000, 0x0000000082800000| Untracked 
|  41|0x0000000082900000, 0x000000008299fe00, 0x0000000082a00000| 62%| O|  |TAMS 0x0000000082900000, 0x0000000082900000| Untracked 
|  42|0x0000000082a00000, 0x0000000082a00000, 0x0000000082b00000|  0%| F|  |TAMS 0x0000000082a00000, 0x0000000082a00000| Untracked 
|  43|0x0000000082b00000, 0x0000000082b00000, 0x0000000082c00000|  0%| F|  |TAMS 0x0000000082b00000, 0x0000000082b00000| Untracked 
|  44|0x0000000082c00000, 0x0000000082c00000, 0x0000000082d00000|  0%| F|  |TAMS 0x0000000082c00000, 0x0000000082c00000| Untracked 
|  45|0x0000000082d00000, 0x0000000082d00000, 0x0000000082e00000|  0%| F|  |TAMS 0x0000000082d00000, 0x0000000082d00000| Untracked 
|  46|0x0000000082e00000, 0x0000000082e00000, 0x0000000082f00000|  0%| F|  |TAMS 0x0000000082e00000, 0x0000000082e00000| Untracked 
|  47|0x0000000082f00000, 0x0000000082f00000, 0x0000000083000000|  0%| F|  |TAMS 0x0000000082f00000, 0x0000000082f00000| Untracked 
|  48|0x0000000083000000, 0x0000000083000000, 0x0000000083100000|  0%| F|  |TAMS 0x0000000083000000, 0x0000000083000000| Untracked 
|  49|0x0000000083100000, 0x0000000083100000, 0x0000000083200000|  0%| F|  |TAMS 0x0000000083100000, 0x0000000083100000| Untracked 
|  50|0x0000000083200000, 0x0000000083200000, 0x0000000083300000|  0%| F|  |TAMS 0x0000000083200000, 0x0000000083200000| Untracked 
|  51|0x0000000083300000, 0x0000000083300000, 0x0000000083400000|  0%| F|  |TAMS 0x0000000083300000, 0x0000000083300000| Untracked 
|  52|0x0000000083400000, 0x0000000083400000, 0x0000000083500000|  0%| F|  |TAMS 0x0000000083400000, 0x0000000083400000| Untracked 
|  53|0x0000000083500000, 0x0000000083500000, 0x0000000083600000|  0%| F|  |TAMS 0x0000000083500000, 0x0000000083500000| Untracked 
|  54|0x0000000083600000, 0x0000000083600000, 0x0000000083700000|  0%| F|  |TAMS 0x0000000083600000, 0x0000000083600000| Untracked 
|  55|0x0000000083700000, 0x0000000083700000, 0x0000000083800000|  0%| F|  |TAMS 0x0000000083700000, 0x0000000083700000| Untracked 
|  56|0x0000000083800000, 0x0000000083800000, 0x0000000083900000|  0%| F|  |TAMS 0x0000000083800000, 0x0000000083800000| Untracked 
|  57|0x0000000083900000, 0x0000000083900000, 0x0000000083a00000|  0%| F|  |TAMS 0x0000000083900000, 0x0000000083900000| Untracked 
|  58|0x0000000083a00000, 0x0000000083a00000, 0x0000000083b00000|  0%| F|  |TAMS 0x0000000083a00000, 0x0000000083a00000| Untracked 
|  59|0x0000000083b00000, 0x0000000083b00000, 0x0000000083c00000|  0%| F|  |TAMS 0x0000000083b00000, 0x0000000083b00000| Untracked 
|  60|0x0000000083c00000, 0x0000000083c00000, 0x0000000083d00000|  0%| F|  |TAMS 0x0000000083c00000, 0x0000000083c00000| Untracked 
|  61|0x0000000083d00000, 0x0000000083d00000, 0x0000000083e00000|  0%| F|  |TAMS 0x0000000083d00000, 0x0000000083d00000| Untracked 
|  62|0x0000000083e00000, 0x0000000083e00000, 0x0000000083f00000|  0%| F|  |TAMS 0x0000000083e00000, 0x0000000083e00000| Untracked 
|  63|0x0000000083f00000, 0x0000000083f00000, 0x0000000084000000|  0%| F|  |TAMS 0x0000000083f00000, 0x0000000083f00000| Untracked 
|  64|0x0000000084000000, 0x0000000084000000, 0x0000000084100000|  0%| F|  |TAMS 0x0000000084000000, 0x0000000084000000| Untracked 
|  65|0x0000000084100000, 0x0000000084100000, 0x0000000084200000|  0%| F|  |TAMS 0x0000000084100000, 0x0000000084100000| Untracked 
|  66|0x0000000084200000, 0x0000000084200000, 0x0000000084300000|  0%| F|  |TAMS 0x0000000084200000, 0x0000000084200000| Untracked 
|  67|0x0000000084300000, 0x0000000084300000, 0x0000000084400000|  0%| F|  |TAMS 0x0000000084300000, 0x0000000084300000| Untracked 
|  68|0x0000000084400000, 0x0000000084400000, 0x0000000084500000|  0%| F|  |TAMS 0x0000000084400000, 0x0000000084400000| Untracked 
|  69|0x0000000084500000, 0x0000000084500000, 0x0000000084600000|  0%| F|  |TAMS 0x0000000084500000, 0x0000000084500000| Untracked 
|  70|0x0000000084600000, 0x0000000084600000, 0x0000000084700000|  0%| F|  |TAMS 0x0000000084600000, 0x0000000084600000| Untracked 
|  71|0x0000000084700000, 0x0000000084700000, 0x0000000084800000|  0%| F|  |TAMS 0x0000000084700000, 0x0000000084700000| Untracked 
|  72|0x0000000084800000, 0x0000000084800000, 0x0000000084900000|  0%| F|  |TAMS 0x0000000084800000, 0x0000000084800000| Untracked 
|  73|0x0000000084900000, 0x0000000084900000, 0x0000000084a00000|  0%| F|  |TAMS 0x0000000084900000, 0x0000000084900000| Untracked 
|  74|0x0000000084a00000, 0x0000000084a00000, 0x0000000084b00000|  0%| F|  |TAMS 0x0000000084a00000, 0x0000000084a00000| Untracked 
|  75|0x0000000084b00000, 0x0000000084b00000, 0x0000000084c00000|  0%| F|  |TAMS 0x0000000084b00000, 0x0000000084b00000| Untracked 
|  76|0x0000000084c00000, 0x0000000084c00000, 0x0000000084d00000|  0%| F|  |TAMS 0x0000000084c00000, 0x0000000084c00000| Untracked 
|  77|0x0000000084d00000, 0x0000000084d00000, 0x0000000084e00000|  0%| F|  |TAMS 0x0000000084d00000, 0x0000000084d00000| Untracked 
|  78|0x0000000084e00000, 0x0000000084e00000, 0x0000000084f00000|  0%| F|  |TAMS 0x0000000084e00000, 0x0000000084e00000| Untracked 
|  79|0x0000000084f00000, 0x0000000084f00000, 0x0000000085000000|  0%| F|  |TAMS 0x0000000084f00000, 0x0000000084f00000| Untracked 
|  80|0x0000000085000000, 0x0000000085000000, 0x0000000085100000|  0%| F|  |TAMS 0x0000000085000000, 0x0000000085000000| Untracked 
|  81|0x0000000085100000, 0x0000000085100000, 0x0000000085200000|  0%| F|  |TAMS 0x0000000085100000, 0x0000000085100000| Untracked 
|  82|0x0000000085200000, 0x0000000085200000, 0x0000000085300000|  0%| F|  |TAMS 0x0000000085200000, 0x0000000085200000| Untracked 
|  83|0x0000000085300000, 0x0000000085300000, 0x0000000085400000|  0%| F|  |TAMS 0x0000000085300000, 0x0000000085300000| Untracked 
|  84|0x0000000085400000, 0x0000000085400000, 0x0000000085500000|  0%| F|  |TAMS 0x0000000085400000, 0x0000000085400000| Untracked 
|  85|0x0000000085500000, 0x0000000085500000, 0x0000000085600000|  0%| F|  |TAMS 0x0000000085500000, 0x0000000085500000| Untracked 
|  86|0x0000000085600000, 0x0000000085600000, 0x0000000085700000|  0%| F|  |TAMS 0x0000000085600000, 0x0000000085600000| Untracked 
|  87|0x0000000085700000, 0x0000000085700000, 0x0000000085800000|  0%| F|  |TAMS 0x0000000085700000, 0x0000000085700000| Untracked 
|  88|0x0000000085800000, 0x0000000085800000, 0x0000000085900000|  0%| F|  |TAMS 0x0000000085800000, 0x0000000085800000| Untracked 
|  89|0x0000000085900000, 0x0000000085900000, 0x0000000085a00000|  0%| F|  |TAMS 0x0000000085900000, 0x0000000085900000| Untracked 
|  90|0x0000000085a00000, 0x0000000085a00000, 0x0000000085b00000|  0%| F|  |TAMS 0x0000000085a00000, 0x0000000085a00000| Untracked 
|  91|0x0000000085b00000, 0x0000000085b00000, 0x0000000085c00000|  0%| F|  |TAMS 0x0000000085b00000, 0x0000000085b00000| Untracked 
|  92|0x0000000085c00000, 0x0000000085c00000, 0x0000000085d00000|  0%| F|  |TAMS 0x0000000085c00000, 0x0000000085c00000| Untracked 
|  93|0x0000000085d00000, 0x0000000085d00000, 0x0000000085e00000|  0%| F|  |TAMS 0x0000000085d00000, 0x0000000085d00000| Untracked 
|  94|0x0000000085e00000, 0x0000000085e00000, 0x0000000085f00000|  0%| F|  |TAMS 0x0000000085e00000, 0x0000000085e00000| Untracked 
|  95|0x0000000085f00000, 0x0000000085f00000, 0x0000000086000000|  0%| F|  |TAMS 0x0000000085f00000, 0x0000000085f00000| Untracked 
|  96|0x0000000086000000, 0x0000000086000000, 0x0000000086100000|  0%| F|  |TAMS 0x0000000086000000, 0x0000000086000000| Untracked 
|  97|0x0000000086100000, 0x0000000086100000, 0x0000000086200000|  0%| F|  |TAMS 0x0000000086100000, 0x0000000086100000| Untracked 
|  98|0x0000000086200000, 0x0000000086200000, 0x0000000086300000|  0%| F|  |TAMS 0x0000000086200000, 0x0000000086200000| Untracked 
|  99|0x0000000086300000, 0x0000000086300000, 0x0000000086400000|  0%| F|  |TAMS 0x0000000086300000, 0x0000000086300000| Untracked 
| 100|0x0000000086400000, 0x0000000086400000, 0x0000000086500000|  0%| F|  |TAMS 0x0000000086400000, 0x0000000086400000| Untracked 
| 101|0x0000000086500000, 0x0000000086500000, 0x0000000086600000|  0%| F|  |TAMS 0x0000000086500000, 0x0000000086500000| Untracked 
| 102|0x0000000086600000, 0x0000000086600000, 0x0000000086700000|  0%| F|  |TAMS 0x0000000086600000, 0x0000000086600000| Untracked 
| 103|0x0000000086700000, 0x0000000086700000, 0x0000000086800000|  0%| F|  |TAMS 0x0000000086700000, 0x0000000086700000| Untracked 
| 104|0x0000000086800000, 0x0000000086900000, 0x0000000086900000|100%| S|CS|TAMS 0x0000000086800000, 0x0000000086800000| Complete 
| 105|0x0000000086900000, 0x0000000086a00000, 0x0000000086a00000|100%| S|CS|TAMS 0x0000000086900000, 0x0000000086900000| Complete 
| 106|0x0000000086a00000, 0x0000000086b00000, 0x0000000086b00000|100%| S|CS|TAMS 0x0000000086a00000, 0x0000000086a00000| Complete 
| 107|0x0000000086b00000, 0x0000000086c00000, 0x0000000086c00000|100%| S|CS|TAMS 0x0000000086b00000, 0x0000000086b00000| Complete 
| 108|0x0000000086c00000, 0x0000000086d00000, 0x0000000086d00000|100%| S|CS|TAMS 0x0000000086c00000, 0x0000000086c00000| Complete 
| 109|0x0000000086d00000, 0x0000000086e00000, 0x0000000086e00000|100%| S|CS|TAMS 0x0000000086d00000, 0x0000000086d00000| Complete 
| 110|0x0000000086e00000, 0x0000000086f00000, 0x0000000086f00000|100%| S|CS|TAMS 0x0000000086e00000, 0x0000000086e00000| Complete 
| 111|0x0000000086f00000, 0x0000000087000000, 0x0000000087000000|100%| S|CS|TAMS 0x0000000086f00000, 0x0000000086f00000| Complete 
| 112|0x0000000087000000, 0x0000000087100000, 0x0000000087100000|100%| S|CS|TAMS 0x0000000087000000, 0x0000000087000000| Complete 
| 113|0x0000000087100000, 0x0000000087200000, 0x0000000087200000|100%| S|CS|TAMS 0x0000000087100000, 0x0000000087100000| Complete 
| 114|0x0000000087200000, 0x0000000087300000, 0x0000000087300000|100%| S|CS|TAMS 0x0000000087200000, 0x0000000087200000| Complete 
| 115|0x0000000087300000, 0x0000000087400000, 0x0000000087400000|100%| S|CS|TAMS 0x0000000087300000, 0x0000000087300000| Complete 
| 116|0x0000000087400000, 0x0000000087500000, 0x0000000087500000|100%| S|CS|TAMS 0x0000000087400000, 0x0000000087400000| Complete 
| 117|0x0000000087500000, 0x0000000087600000, 0x0000000087600000|100%| S|CS|TAMS 0x0000000087500000, 0x0000000087500000| Complete 
| 118|0x0000000087600000, 0x0000000087700000, 0x0000000087700000|100%| S|CS|TAMS 0x0000000087600000, 0x0000000087600000| Complete 
| 119|0x0000000087700000, 0x0000000087800000, 0x0000000087800000|100%| S|CS|TAMS 0x0000000087700000, 0x0000000087700000| Complete 
| 120|0x0000000087800000, 0x0000000087900000, 0x0000000087900000|100%| S|CS|TAMS 0x0000000087800000, 0x0000000087800000| Complete 
| 121|0x0000000087900000, 0x0000000087a00000, 0x0000000087a00000|100%| S|CS|TAMS 0x0000000087900000, 0x0000000087900000| Complete 
| 122|0x0000000087a00000, 0x0000000087b00000, 0x0000000087b00000|100%| S|CS|TAMS 0x0000000087a00000, 0x0000000087a00000| Complete 
| 123|0x0000000087b00000, 0x0000000087b00000, 0x0000000087c00000|  0%| F|  |TAMS 0x0000000087b00000, 0x0000000087b00000| Untracked 
| 124|0x0000000087c00000, 0x0000000087c00000, 0x0000000087d00000|  0%| F|  |TAMS 0x0000000087c00000, 0x0000000087c00000| Untracked 
| 125|0x0000000087d00000, 0x0000000087d00000, 0x0000000087e00000|  0%| F|  |TAMS 0x0000000087d00000, 0x0000000087d00000| Untracked 
| 126|0x0000000087e00000, 0x0000000087e00000, 0x0000000087f00000|  0%| F|  |TAMS 0x0000000087e00000, 0x0000000087e00000| Untracked 
| 127|0x0000000087f00000, 0x0000000087f00000, 0x0000000088000000|  0%| F|  |TAMS 0x0000000087f00000, 0x0000000087f00000| Untracked 
| 128|0x0000000088000000, 0x0000000088000000, 0x0000000088100000|  0%| F|  |TAMS 0x0000000088000000, 0x0000000088000000| Untracked 
| 129|0x0000000088100000, 0x0000000088100000, 0x0000000088200000|  0%| F|  |TAMS 0x0000000088100000, 0x0000000088100000| Untracked 
| 130|0x0000000088200000, 0x0000000088200000, 0x0000000088300000|  0%| F|  |TAMS 0x0000000088200000, 0x0000000088200000| Untracked 
| 131|0x0000000088300000, 0x0000000088300000, 0x0000000088400000|  0%| F|  |TAMS 0x0000000088300000, 0x0000000088300000| Untracked 
| 132|0x0000000088400000, 0x0000000088400000, 0x0000000088500000|  0%| F|  |TAMS 0x0000000088400000, 0x0000000088400000| Untracked 
| 133|0x0000000088500000, 0x0000000088500000, 0x0000000088600000|  0%| F|  |TAMS 0x0000000088500000, 0x0000000088500000| Untracked 
| 134|0x0000000088600000, 0x0000000088600000, 0x0000000088700000|  0%| F|  |TAMS 0x0000000088600000, 0x0000000088600000| Untracked 
| 135|0x0000000088700000, 0x0000000088700000, 0x0000000088800000|  0%| F|  |TAMS 0x0000000088700000, 0x0000000088700000| Untracked 
| 136|0x0000000088800000, 0x0000000088800000, 0x0000000088900000|  0%| F|  |TAMS 0x0000000088800000, 0x0000000088800000| Untracked 
| 137|0x0000000088900000, 0x0000000088900000, 0x0000000088a00000|  0%| F|  |TAMS 0x0000000088900000, 0x0000000088900000| Untracked 
| 138|0x0000000088a00000, 0x0000000088a00000, 0x0000000088b00000|  0%| F|  |TAMS 0x0000000088a00000, 0x0000000088a00000| Untracked 
| 139|0x0000000088b00000, 0x0000000088b00000, 0x0000000088c00000|  0%| F|  |TAMS 0x0000000088b00000, 0x0000000088b00000| Untracked 
| 140|0x0000000088c00000, 0x0000000088c00000, 0x0000000088d00000|  0%| F|  |TAMS 0x0000000088c00000, 0x0000000088c00000| Untracked 
| 141|0x0000000088d00000, 0x0000000088d00000, 0x0000000088e00000|  0%| F|  |TAMS 0x0000000088d00000, 0x0000000088d00000| Untracked 
| 142|0x0000000088e00000, 0x0000000088e00000, 0x0000000088f00000|  0%| F|  |TAMS 0x0000000088e00000, 0x0000000088e00000| Untracked 
| 143|0x0000000088f00000, 0x0000000088f00000, 0x0000000089000000|  0%| F|  |TAMS 0x0000000088f00000, 0x0000000088f00000| Untracked 
| 144|0x0000000089000000, 0x0000000089000000, 0x0000000089100000|  0%| F|  |TAMS 0x0000000089000000, 0x0000000089000000| Untracked 
| 145|0x0000000089100000, 0x0000000089100000, 0x0000000089200000|  0%| F|  |TAMS 0x0000000089100000, 0x0000000089100000| Untracked 
| 146|0x0000000089200000, 0x0000000089200000, 0x0000000089300000|  0%| F|  |TAMS 0x0000000089200000, 0x0000000089200000| Untracked 
| 147|0x0000000089300000, 0x0000000089300000, 0x0000000089400000|  0%| F|  |TAMS 0x0000000089300000, 0x0000000089300000| Untracked 
| 148|0x0000000089400000, 0x0000000089400000, 0x0000000089500000|  0%| F|  |TAMS 0x0000000089400000, 0x0000000089400000| Untracked 
| 149|0x0000000089500000, 0x0000000089500000, 0x0000000089600000|  0%| F|  |TAMS 0x0000000089500000, 0x0000000089500000| Untracked 
| 150|0x0000000089600000, 0x0000000089600000, 0x0000000089700000|  0%| F|  |TAMS 0x0000000089600000, 0x0000000089600000| Untracked 
| 151|0x0000000089700000, 0x0000000089700000, 0x0000000089800000|  0%| F|  |TAMS 0x0000000089700000, 0x0000000089700000| Untracked 
| 152|0x0000000089800000, 0x0000000089800000, 0x0000000089900000|  0%| F|  |TAMS 0x0000000089800000, 0x0000000089800000| Untracked 
| 153|0x0000000089900000, 0x0000000089900000, 0x0000000089a00000|  0%| F|  |TAMS 0x0000000089900000, 0x0000000089900000| Untracked 
| 154|0x0000000089a00000, 0x0000000089a00000, 0x0000000089b00000|  0%| F|  |TAMS 0x0000000089a00000, 0x0000000089a00000| Untracked 
| 155|0x0000000089b00000, 0x0000000089b00000, 0x0000000089c00000|  0%| F|  |TAMS 0x0000000089b00000, 0x0000000089b00000| Untracked 
| 156|0x0000000089c00000, 0x0000000089c00000, 0x0000000089d00000|  0%| F|  |TAMS 0x0000000089c00000, 0x0000000089c00000| Untracked 
| 157|0x0000000089d00000, 0x0000000089d00000, 0x0000000089e00000|  0%| F|  |TAMS 0x0000000089d00000, 0x0000000089d00000| Untracked 
| 158|0x0000000089e00000, 0x0000000089e00000, 0x0000000089f00000|  0%| F|  |TAMS 0x0000000089e00000, 0x0000000089e00000| Untracked 
| 159|0x0000000089f00000, 0x0000000089f00000, 0x000000008a000000|  0%| F|  |TAMS 0x0000000089f00000, 0x0000000089f00000| Untracked 
| 160|0x000000008a000000, 0x000000008a000000, 0x000000008a100000|  0%| F|  |TAMS 0x000000008a000000, 0x000000008a000000| Untracked 
| 161|0x000000008a100000, 0x000000008a100000, 0x000000008a200000|  0%| F|  |TAMS 0x000000008a100000, 0x000000008a100000| Untracked 
| 162|0x000000008a200000, 0x000000008a200000, 0x000000008a300000|  0%| F|  |TAMS 0x000000008a200000, 0x000000008a200000| Untracked 
| 163|0x000000008a300000, 0x000000008a300000, 0x000000008a400000|  0%| F|  |TAMS 0x000000008a300000, 0x000000008a300000| Untracked 
| 164|0x000000008a400000, 0x000000008a400000, 0x000000008a500000|  0%| F|  |TAMS 0x000000008a400000, 0x000000008a400000| Untracked 
| 165|0x000000008a500000, 0x000000008a500000, 0x000000008a600000|  0%| F|  |TAMS 0x000000008a500000, 0x000000008a500000| Untracked 
| 166|0x000000008a600000, 0x000000008a600000, 0x000000008a700000|  0%| F|  |TAMS 0x000000008a600000, 0x000000008a600000| Untracked 
| 167|0x000000008a700000, 0x000000008a700000, 0x000000008a800000|  0%| F|  |TAMS 0x000000008a700000, 0x000000008a700000| Untracked 
| 168|0x000000008a800000, 0x000000008a800000, 0x000000008a900000|  0%| F|  |TAMS 0x000000008a800000, 0x000000008a800000| Untracked 
| 169|0x000000008a900000, 0x000000008a900000, 0x000000008aa00000|  0%| F|  |TAMS 0x000000008a900000, 0x000000008a900000| Untracked 
| 170|0x000000008aa00000, 0x000000008aa00000, 0x000000008ab00000|  0%| F|  |TAMS 0x000000008aa00000, 0x000000008aa00000| Untracked 
| 171|0x000000008ab00000, 0x000000008ab00000, 0x000000008ac00000|  0%| F|  |TAMS 0x000000008ab00000, 0x000000008ab00000| Untracked 
| 172|0x000000008ac00000, 0x000000008ac00000, 0x000000008ad00000|  0%| F|  |TAMS 0x000000008ac00000, 0x000000008ac00000| Untracked 
| 173|0x000000008ad00000, 0x000000008ad00000, 0x000000008ae00000|  0%| F|  |TAMS 0x000000008ad00000, 0x000000008ad00000| Untracked 
| 174|0x000000008ae00000, 0x000000008ae00000, 0x000000008af00000|  0%| F|  |TAMS 0x000000008ae00000, 0x000000008ae00000| Untracked 
| 175|0x000000008af00000, 0x000000008af00000, 0x000000008b000000|  0%| F|  |TAMS 0x000000008af00000, 0x000000008af00000| Untracked 
| 176|0x000000008b000000, 0x000000008b000000, 0x000000008b100000|  0%| F|  |TAMS 0x000000008b000000, 0x000000008b000000| Untracked 
| 177|0x000000008b100000, 0x000000008b100000, 0x000000008b200000|  0%| F|  |TAMS 0x000000008b100000, 0x000000008b100000| Untracked 
| 178|0x000000008b200000, 0x000000008b200000, 0x000000008b300000|  0%| F|  |TAMS 0x000000008b200000, 0x000000008b200000| Untracked 
| 179|0x000000008b300000, 0x000000008b300000, 0x000000008b400000|  0%| F|  |TAMS 0x000000008b300000, 0x000000008b300000| Untracked 
| 180|0x000000008b400000, 0x000000008b400000, 0x000000008b500000|  0%| F|  |TAMS 0x000000008b400000, 0x000000008b400000| Untracked 
| 181|0x000000008b500000, 0x000000008b500000, 0x000000008b600000|  0%| F|  |TAMS 0x000000008b500000, 0x000000008b500000| Untracked 
| 182|0x000000008b600000, 0x000000008b600000, 0x000000008b700000|  0%| F|  |TAMS 0x000000008b600000, 0x000000008b600000| Untracked 
| 183|0x000000008b700000, 0x000000008b700000, 0x000000008b800000|  0%| F|  |TAMS 0x000000008b700000, 0x000000008b700000| Untracked 
| 184|0x000000008b800000, 0x000000008b800000, 0x000000008b900000|  0%| F|  |TAMS 0x000000008b800000, 0x000000008b800000| Untracked 
| 185|0x000000008b900000, 0x000000008b900000, 0x000000008ba00000|  0%| F|  |TAMS 0x000000008b900000, 0x000000008b900000| Untracked 
| 186|0x000000008ba00000, 0x000000008ba00000, 0x000000008bb00000|  0%| F|  |TAMS 0x000000008ba00000, 0x000000008ba00000| Untracked 
| 187|0x000000008bb00000, 0x000000008bb00000, 0x000000008bc00000|  0%| F|  |TAMS 0x000000008bb00000, 0x000000008bb00000| Untracked 
| 188|0x000000008bc00000, 0x000000008bc00000, 0x000000008bd00000|  0%| F|  |TAMS 0x000000008bc00000, 0x000000008bc00000| Untracked 
| 189|0x000000008bd00000, 0x000000008bd00000, 0x000000008be00000|  0%| F|  |TAMS 0x000000008bd00000, 0x000000008bd00000| Untracked 
| 190|0x000000008be00000, 0x000000008be00000, 0x000000008bf00000|  0%| F|  |TAMS 0x000000008be00000, 0x000000008be00000| Untracked 
| 191|0x000000008bf00000, 0x000000008bf00000, 0x000000008c000000|  0%| F|  |TAMS 0x000000008bf00000, 0x000000008bf00000| Untracked 
| 192|0x000000008c000000, 0x000000008c000000, 0x000000008c100000|  0%| F|  |TAMS 0x000000008c000000, 0x000000008c000000| Untracked 
| 193|0x000000008c100000, 0x000000008c100000, 0x000000008c200000|  0%| F|  |TAMS 0x000000008c100000, 0x000000008c100000| Untracked 
| 194|0x000000008c200000, 0x000000008c200000, 0x000000008c300000|  0%| F|  |TAMS 0x000000008c200000, 0x000000008c200000| Untracked 
| 195|0x000000008c300000, 0x000000008c300000, 0x000000008c400000|  0%| F|  |TAMS 0x000000008c300000, 0x000000008c300000| Untracked 
| 196|0x000000008c400000, 0x000000008c400000, 0x000000008c500000|  0%| F|  |TAMS 0x000000008c400000, 0x000000008c400000| Untracked 
| 197|0x000000008c500000, 0x000000008c500000, 0x000000008c600000|  0%| F|  |TAMS 0x000000008c500000, 0x000000008c500000| Untracked 
| 198|0x000000008c600000, 0x000000008c600000, 0x000000008c700000|  0%| F|  |TAMS 0x000000008c600000, 0x000000008c600000| Untracked 
| 199|0x000000008c700000, 0x000000008c700000, 0x000000008c800000|  0%| F|  |TAMS 0x000000008c700000, 0x000000008c700000| Untracked 
| 200|0x000000008c800000, 0x000000008c800000, 0x000000008c900000|  0%| F|  |TAMS 0x000000008c800000, 0x000000008c800000| Untracked 
| 201|0x000000008c900000, 0x000000008c900000, 0x000000008ca00000|  0%| F|  |TAMS 0x000000008c900000, 0x000000008c900000| Untracked 
| 202|0x000000008ca00000, 0x000000008ca00000, 0x000000008cb00000|  0%| F|  |TAMS 0x000000008ca00000, 0x000000008ca00000| Untracked 
| 203|0x000000008cb00000, 0x000000008cb00000, 0x000000008cc00000|  0%| F|  |TAMS 0x000000008cb00000, 0x000000008cb00000| Untracked 
| 204|0x000000008cc00000, 0x000000008cc00000, 0x000000008cd00000|  0%| F|  |TAMS 0x000000008cc00000, 0x000000008cc00000| Untracked 
| 205|0x000000008cd00000, 0x000000008cd00000, 0x000000008ce00000|  0%| F|  |TAMS 0x000000008cd00000, 0x000000008cd00000| Untracked 
| 206|0x000000008ce00000, 0x000000008ce00000, 0x000000008cf00000|  0%| F|  |TAMS 0x000000008ce00000, 0x000000008ce00000| Untracked 
| 207|0x000000008cf00000, 0x000000008cf00000, 0x000000008d000000|  0%| F|  |TAMS 0x000000008cf00000, 0x000000008cf00000| Untracked 
| 208|0x000000008d000000, 0x000000008d000000, 0x000000008d100000|  0%| F|  |TAMS 0x000000008d000000, 0x000000008d000000| Untracked 
| 209|0x000000008d100000, 0x000000008d100000, 0x000000008d200000|  0%| F|  |TAMS 0x000000008d100000, 0x000000008d100000| Untracked 
| 210|0x000000008d200000, 0x000000008d200000, 0x000000008d300000|  0%| F|  |TAMS 0x000000008d200000, 0x000000008d200000| Untracked 
| 211|0x000000008d300000, 0x000000008d300000, 0x000000008d400000|  0%| F|  |TAMS 0x000000008d300000, 0x000000008d300000| Untracked 
| 212|0x000000008d400000, 0x000000008d400000, 0x000000008d500000|  0%| F|  |TAMS 0x000000008d400000, 0x000000008d400000| Untracked 
| 213|0x000000008d500000, 0x000000008d500000, 0x000000008d600000|  0%| F|  |TAMS 0x000000008d500000, 0x000000008d500000| Untracked 
| 214|0x000000008d600000, 0x000000008d600000, 0x000000008d700000|  0%| F|  |TAMS 0x000000008d600000, 0x000000008d600000| Untracked 
| 215|0x000000008d700000, 0x000000008d700000, 0x000000008d800000|  0%| F|  |TAMS 0x000000008d700000, 0x000000008d700000| Untracked 
| 216|0x000000008d800000, 0x000000008d800000, 0x000000008d900000|  0%| F|  |TAMS 0x000000008d800000, 0x000000008d800000| Untracked 
| 217|0x000000008d900000, 0x000000008d900000, 0x000000008da00000|  0%| F|  |TAMS 0x000000008d900000, 0x000000008d900000| Untracked 
| 218|0x000000008da00000, 0x000000008da00000, 0x000000008db00000|  0%| F|  |TAMS 0x000000008da00000, 0x000000008da00000| Untracked 
| 219|0x000000008db00000, 0x000000008db00000, 0x000000008dc00000|  0%| F|  |TAMS 0x000000008db00000, 0x000000008db00000| Untracked 
| 220|0x000000008dc00000, 0x000000008dc00000, 0x000000008dd00000|  0%| F|  |TAMS 0x000000008dc00000, 0x000000008dc00000| Untracked 
| 221|0x000000008dd00000, 0x000000008dd00000, 0x000000008de00000|  0%| F|  |TAMS 0x000000008dd00000, 0x000000008dd00000| Untracked 
| 222|0x000000008de00000, 0x000000008de00000, 0x000000008df00000|  0%| F|  |TAMS 0x000000008de00000, 0x000000008de00000| Untracked 
| 223|0x000000008df00000, 0x000000008df00000, 0x000000008e000000|  0%| F|  |TAMS 0x000000008df00000, 0x000000008df00000| Untracked 
| 224|0x000000008e000000, 0x000000008e000000, 0x000000008e100000|  0%| F|  |TAMS 0x000000008e000000, 0x000000008e000000| Untracked 
| 225|0x000000008e100000, 0x000000008e100000, 0x000000008e200000|  0%| F|  |TAMS 0x000000008e100000, 0x000000008e100000| Untracked 
| 226|0x000000008e200000, 0x000000008e200000, 0x000000008e300000|  0%| F|  |TAMS 0x000000008e200000, 0x000000008e200000| Untracked 
| 227|0x000000008e300000, 0x000000008e300000, 0x000000008e400000|  0%| F|  |TAMS 0x000000008e300000, 0x000000008e300000| Untracked 
| 228|0x000000008e400000, 0x000000008e4f00f0, 0x000000008e500000| 93%| E|  |TAMS 0x000000008e400000, 0x000000008e400000| Complete 
| 229|0x000000008e500000, 0x000000008e600000, 0x000000008e600000|100%| E|CS|TAMS 0x000000008e500000, 0x000000008e500000| Complete 
| 230|0x000000008e600000, 0x000000008e700000, 0x000000008e700000|100%| E|CS|TAMS 0x000000008e600000, 0x000000008e600000| Complete 
| 231|0x000000008e700000, 0x000000008e800000, 0x000000008e800000|100%| E|CS|TAMS 0x000000008e700000, 0x000000008e700000| Complete 
| 232|0x000000008e800000, 0x000000008e900000, 0x000000008e900000|100%| E|  |TAMS 0x000000008e800000, 0x000000008e800000| Complete 
| 233|0x000000008e900000, 0x000000008ea00000, 0x000000008ea00000|100%| E|CS|TAMS 0x000000008e900000, 0x000000008e900000| Complete 
| 234|0x000000008ea00000, 0x000000008eb00000, 0x000000008eb00000|100%| E|CS|TAMS 0x000000008ea00000, 0x000000008ea00000| Complete 
| 235|0x000000008eb00000, 0x000000008ec00000, 0x000000008ec00000|100%| E|CS|TAMS 0x000000008eb00000, 0x000000008eb00000| Complete 
| 236|0x000000008ec00000, 0x000000008ed00000, 0x000000008ed00000|100%| E|CS|TAMS 0x000000008ec00000, 0x000000008ec00000| Complete 
| 237|0x000000008ed00000, 0x000000008ee00000, 0x000000008ee00000|100%| E|CS|TAMS 0x000000008ed00000, 0x000000008ed00000| Complete 
| 238|0x000000008ee00000, 0x000000008ef00000, 0x000000008ef00000|100%| E|CS|TAMS 0x000000008ee00000, 0x000000008ee00000| Complete 
| 239|0x000000008ef00000, 0x000000008f000000, 0x000000008f000000|100%| E|CS|TAMS 0x000000008ef00000, 0x000000008ef00000| Complete 
| 240|0x000000008f000000, 0x000000008f100000, 0x000000008f100000|100%| E|CS|TAMS 0x000000008f000000, 0x000000008f000000| Complete 
| 241|0x000000008f100000, 0x000000008f200000, 0x000000008f200000|100%| E|CS|TAMS 0x000000008f100000, 0x000000008f100000| Complete 
| 242|0x000000008f200000, 0x000000008f300000, 0x000000008f300000|100%| E|CS|TAMS 0x000000008f200000, 0x000000008f200000| Complete 
| 243|0x000000008f300000, 0x000000008f400000, 0x000000008f400000|100%| E|CS|TAMS 0x000000008f300000, 0x000000008f300000| Complete 
| 244|0x000000008f400000, 0x000000008f500000, 0x000000008f500000|100%| E|CS|TAMS 0x000000008f400000, 0x000000008f400000| Complete 
| 245|0x000000008f500000, 0x000000008f600000, 0x000000008f600000|100%| E|CS|TAMS 0x000000008f500000, 0x000000008f500000| Complete 
| 246|0x000000008f600000, 0x000000008f700000, 0x000000008f700000|100%| E|CS|TAMS 0x000000008f600000, 0x000000008f600000| Complete 
| 247|0x000000008f700000, 0x000000008f800000, 0x000000008f800000|100%| E|CS|TAMS 0x000000008f700000, 0x000000008f700000| Complete 
| 248|0x000000008f800000, 0x000000008f900000, 0x000000008f900000|100%| E|CS|TAMS 0x000000008f800000, 0x000000008f800000| Complete 
| 249|0x000000008f900000, 0x000000008fa00000, 0x000000008fa00000|100%| E|CS|TAMS 0x000000008f900000, 0x000000008f900000| Complete 
| 250|0x000000008fa00000, 0x000000008fb00000, 0x000000008fb00000|100%| E|CS|TAMS 0x000000008fa00000, 0x000000008fa00000| Complete 
| 251|0x000000008fb00000, 0x000000008fc00000, 0x000000008fc00000|100%| E|CS|TAMS 0x000000008fb00000, 0x000000008fb00000| Complete 
| 252|0x000000008fc00000, 0x000000008fd00000, 0x000000008fd00000|100%| E|CS|TAMS 0x000000008fc00000, 0x000000008fc00000| Complete 
| 253|0x000000008fd00000, 0x000000008fe00000, 0x000000008fe00000|100%| E|CS|TAMS 0x000000008fd00000, 0x000000008fd00000| Complete 
| 254|0x000000008fe00000, 0x000000008ff00000, 0x000000008ff00000|100%| E|CS|TAMS 0x000000008fe00000, 0x000000008fe00000| Complete 
| 255|0x000000008ff00000, 0x0000000090000000, 0x0000000090000000|100%| E|CS|TAMS 0x000000008ff00000, 0x000000008ff00000| Complete 
| 256|0x0000000090000000, 0x0000000090100000, 0x0000000090100000|100%| E|CS|TAMS 0x0000000090000000, 0x0000000090000000| Complete 
| 257|0x0000000090100000, 0x0000000090200000, 0x0000000090200000|100%| E|CS|TAMS 0x0000000090100000, 0x0000000090100000| Complete 
| 258|0x0000000090200000, 0x0000000090300000, 0x0000000090300000|100%| E|CS|TAMS 0x0000000090200000, 0x0000000090200000| Complete 
| 259|0x0000000090300000, 0x0000000090400000, 0x0000000090400000|100%| E|CS|TAMS 0x0000000090300000, 0x0000000090300000| Complete 
| 260|0x0000000090400000, 0x0000000090500000, 0x0000000090500000|100%| E|CS|TAMS 0x0000000090400000, 0x0000000090400000| Complete 
| 261|0x0000000090500000, 0x0000000090600000, 0x0000000090600000|100%| E|CS|TAMS 0x0000000090500000, 0x0000000090500000| Complete 
| 262|0x0000000090600000, 0x0000000090700000, 0x0000000090700000|100%| E|CS|TAMS 0x0000000090600000, 0x0000000090600000| Complete 
| 263|0x0000000090700000, 0x0000000090800000, 0x0000000090800000|100%| E|CS|TAMS 0x0000000090700000, 0x0000000090700000| Complete 
| 264|0x0000000090800000, 0x0000000090900000, 0x0000000090900000|100%| E|CS|TAMS 0x0000000090800000, 0x0000000090800000| Complete 
| 265|0x0000000090900000, 0x0000000090a00000, 0x0000000090a00000|100%| E|CS|TAMS 0x0000000090900000, 0x0000000090900000| Complete 
| 266|0x0000000090a00000, 0x0000000090b00000, 0x0000000090b00000|100%| E|CS|TAMS 0x0000000090a00000, 0x0000000090a00000| Complete 
| 267|0x0000000090b00000, 0x0000000090c00000, 0x0000000090c00000|100%| E|CS|TAMS 0x0000000090b00000, 0x0000000090b00000| Complete 
| 268|0x0000000090c00000, 0x0000000090d00000, 0x0000000090d00000|100%| E|CS|TAMS 0x0000000090c00000, 0x0000000090c00000| Complete 
| 269|0x0000000090d00000, 0x0000000090e00000, 0x0000000090e00000|100%| E|CS|TAMS 0x0000000090d00000, 0x0000000090d00000| Complete 
| 270|0x0000000090e00000, 0x0000000090f00000, 0x0000000090f00000|100%| E|CS|TAMS 0x0000000090e00000, 0x0000000090e00000| Complete 
| 271|0x0000000090f00000, 0x0000000091000000, 0x0000000091000000|100%| E|CS|TAMS 0x0000000090f00000, 0x0000000090f00000| Complete 
| 272|0x0000000091000000, 0x0000000091100000, 0x0000000091100000|100%| E|CS|TAMS 0x0000000091000000, 0x0000000091000000| Complete 
| 273|0x0000000091100000, 0x0000000091200000, 0x0000000091200000|100%| E|CS|TAMS 0x0000000091100000, 0x0000000091100000| Complete 
| 274|0x0000000091200000, 0x0000000091300000, 0x0000000091300000|100%| E|CS|TAMS 0x0000000091200000, 0x0000000091200000| Complete 
| 275|0x0000000091300000, 0x0000000091400000, 0x0000000091400000|100%| E|CS|TAMS 0x0000000091300000, 0x0000000091300000| Complete 
| 276|0x0000000091400000, 0x0000000091500000, 0x0000000091500000|100%| E|CS|TAMS 0x0000000091400000, 0x0000000091400000| Complete 
| 277|0x0000000091500000, 0x0000000091600000, 0x0000000091600000|100%| E|CS|TAMS 0x0000000091500000, 0x0000000091500000| Complete 
| 278|0x0000000091600000, 0x0000000091700000, 0x0000000091700000|100%| E|CS|TAMS 0x0000000091600000, 0x0000000091600000| Complete 
| 279|0x0000000091700000, 0x0000000091800000, 0x0000000091800000|100%| E|CS|TAMS 0x0000000091700000, 0x0000000091700000| Complete 
| 280|0x0000000091800000, 0x0000000091900000, 0x0000000091900000|100%| E|CS|TAMS 0x0000000091800000, 0x0000000091800000| Complete 
| 281|0x0000000091900000, 0x0000000091a00000, 0x0000000091a00000|100%| E|CS|TAMS 0x0000000091900000, 0x0000000091900000| Complete 
| 282|0x0000000091a00000, 0x0000000091b00000, 0x0000000091b00000|100%| E|CS|TAMS 0x0000000091a00000, 0x0000000091a00000| Complete 
| 283|0x0000000091b00000, 0x0000000091c00000, 0x0000000091c00000|100%| E|CS|TAMS 0x0000000091b00000, 0x0000000091b00000| Complete 
| 284|0x0000000091c00000, 0x0000000091d00000, 0x0000000091d00000|100%| E|CS|TAMS 0x0000000091c00000, 0x0000000091c00000| Complete 
| 285|0x0000000091d00000, 0x0000000091e00000, 0x0000000091e00000|100%| E|CS|TAMS 0x0000000091d00000, 0x0000000091d00000| Complete 
| 286|0x0000000091e00000, 0x0000000091f00000, 0x0000000091f00000|100%| E|CS|TAMS 0x0000000091e00000, 0x0000000091e00000| Complete 
| 287|0x0000000091f00000, 0x0000000092000000, 0x0000000092000000|100%| E|CS|TAMS 0x0000000091f00000, 0x0000000091f00000| Complete 
| 288|0x0000000092000000, 0x0000000092100000, 0x0000000092100000|100%| E|CS|TAMS 0x0000000092000000, 0x0000000092000000| Complete 
| 289|0x0000000092100000, 0x0000000092200000, 0x0000000092200000|100%| E|CS|TAMS 0x0000000092100000, 0x0000000092100000| Complete 
| 290|0x0000000092200000, 0x0000000092300000, 0x0000000092300000|100%| E|CS|TAMS 0x0000000092200000, 0x0000000092200000| Complete 
| 291|0x0000000092300000, 0x0000000092400000, 0x0000000092400000|100%| E|CS|TAMS 0x0000000092300000, 0x0000000092300000| Complete 
| 292|0x0000000092400000, 0x0000000092500000, 0x0000000092500000|100%| E|CS|TAMS 0x0000000092400000, 0x0000000092400000| Complete 
| 293|0x0000000092500000, 0x0000000092600000, 0x0000000092600000|100%| E|CS|TAMS 0x0000000092500000, 0x0000000092500000| Complete 
| 294|0x0000000092600000, 0x0000000092700000, 0x0000000092700000|100%| E|CS|TAMS 0x0000000092600000, 0x0000000092600000| Complete 
| 295|0x0000000092700000, 0x0000000092800000, 0x0000000092800000|100%| E|CS|TAMS 0x0000000092700000, 0x0000000092700000| Complete 
| 296|0x0000000092800000, 0x0000000092900000, 0x0000000092900000|100%| E|CS|TAMS 0x0000000092800000, 0x0000000092800000| Complete 
| 297|0x0000000092900000, 0x0000000092a00000, 0x0000000092a00000|100%| E|CS|TAMS 0x0000000092900000, 0x0000000092900000| Complete 
| 298|0x0000000092a00000, 0x0000000092b00000, 0x0000000092b00000|100%| E|CS|TAMS 0x0000000092a00000, 0x0000000092a00000| Complete 
| 299|0x0000000092b00000, 0x0000000092c00000, 0x0000000092c00000|100%| E|CS|TAMS 0x0000000092b00000, 0x0000000092b00000| Complete 
| 300|0x0000000092c00000, 0x0000000092d00000, 0x0000000092d00000|100%| E|CS|TAMS 0x0000000092c00000, 0x0000000092c00000| Complete 
| 301|0x0000000092d00000, 0x0000000092e00000, 0x0000000092e00000|100%| E|CS|TAMS 0x0000000092d00000, 0x0000000092d00000| Complete 
| 302|0x0000000092e00000, 0x0000000092f00000, 0x0000000092f00000|100%| E|CS|TAMS 0x0000000092e00000, 0x0000000092e00000| Complete 
| 303|0x0000000092f00000, 0x0000000093000000, 0x0000000093000000|100%| E|CS|TAMS 0x0000000092f00000, 0x0000000092f00000| Complete 
| 304|0x0000000093000000, 0x0000000093100000, 0x0000000093100000|100%| E|CS|TAMS 0x0000000093000000, 0x0000000093000000| Complete 
| 305|0x0000000093100000, 0x0000000093200000, 0x0000000093200000|100%| E|CS|TAMS 0x0000000093100000, 0x0000000093100000| Complete 
| 306|0x0000000093200000, 0x0000000093300000, 0x0000000093300000|100%| E|CS|TAMS 0x0000000093200000, 0x0000000093200000| Complete 
| 307|0x0000000093300000, 0x0000000093400000, 0x0000000093400000|100%| E|CS|TAMS 0x0000000093300000, 0x0000000093300000| Complete 

Card table byte_map: [0x0000023c80000000,0x0000023c80400000] _byte_map_base: 0x0000023c7fc00000

Marking Bits (Prev, Next): (CMBitMap*) 0x0000023cec8b6630, (CMBitMap*) 0x0000023cec8b65f8
 Prev Bits: [0x0000023c82800000, 0x0000023c84800000)
 Next Bits: [0x0000023c80800000, 0x0000023c82800000)

Polling page: 0x0000023cec900000

Metaspace:

Usage:
  Non-class:     72.15 MB capacity,    70.86 MB ( 98%) used,     1.06 MB (  1%) free+waste,   234.44 KB ( <1%) overhead. 
      Class:     11.12 MB capacity,    10.36 MB ( 93%) used,   665.99 KB (  6%) free+waste,   105.25 KB ( <1%) overhead. 
       Both:     83.26 MB capacity,    81.22 MB ( 98%) used,     1.71 MB (  2%) free+waste,   339.69 KB ( <1%) overhead. 

Virtual space:
  Non-class space:       74.00 MB reserved,      72.25 MB ( 98%) committed 
      Class space:        1.00 GB reserved,      11.20 MB (  1%) committed 
             Both:        1.07 GB reserved,      83.45 MB (  8%) committed 

Chunk freelists:
   Non-Class:  41.00 KB
       Class:  9.00 KB
        Both:  50.00 KB

MaxMetaspaceSize: 17179869184.00 GB
CompressedClassSpaceSize: 1.00 GB

CodeHeap 'non-profiled nmethods': size=120064Kb used=5856Kb max_used=5856Kb free=114207Kb
 bounds [0x0000023cf7ca0000, 0x0000023cf8260000, 0x0000023cff1e0000]
CodeHeap 'profiled nmethods': size=120000Kb used=19885Kb max_used=19885Kb free=100114Kb
 bounds [0x0000023cf0770000, 0x0000023cf1ae0000, 0x0000023cf7ca0000]
CodeHeap 'non-nmethods': size=5696Kb used=2264Kb max_used=2311Kb free=3431Kb
 bounds [0x0000023cf01e0000, 0x0000023cf0450000, 0x0000023cf0770000]
 total_blobs=10355 nmethods=9491 adapters=775
 compilation: enabled
              stopped_count=0, restarted_count=0
 full_count=0

Compilation events (20 events):
Event: 16.376 Thread 0x0000023c873fa800 nmethod 9663 0x0000023cf1ab9190 code [0x0000023cf1ab9360, 0x0000023cf1ab95b8]
Event: 16.376 Thread 0x0000023c873fa800 9664       3       org.gradle.internal.snapshot.DirectorySnapshot$$Lambda$883/0x0000000100abd040::<init> (10 bytes)
Event: 16.376 Thread 0x0000023c873fa800 nmethod 9664 0x0000023cf1ab9690 code [0x0000023cf1ab9840, 0x0000023cf1ab99f8]
Event: 16.376 Thread 0x0000023c873fa800 9665       3       org.gradle.internal.snapshot.FileSystemSnapshotHierarchyVisitor::enterDirectory (1 bytes)
Event: 16.377 Thread 0x0000023c873fa800 nmethod 9665 0x0000023cf1ab9a90 code [0x0000023cf1ab9c40, 0x0000023cf1ab9d38]
Event: 16.377 Thread 0x0000023c873fa800 9666       3       org.gradle.internal.snapshot.FileSystemSnapshotHierarchyVisitor::leaveDirectory (1 bytes)
Event: 16.377 Thread 0x0000023c873fa800 nmethod 9666 0x0000023cf1ab9e10 code [0x0000023cf1ab9fc0, 0x0000023cf1aba0b8]
Event: 16.377 Thread 0x0000023c873fa800 9667       3       org.gradle.internal.snapshot.AbstractIncompleteFileSystemNode::accept (16 bytes)
Event: 16.377 Thread 0x0000023c873fa800 nmethod 9667 0x0000023cf1aba190 code [0x0000023cf1aba3a0, 0x0000023cf1abaa08]
Event: 16.377 Thread 0x0000023c873fa800 9668       3       org.gradle.internal.snapshot.AbstractIncompleteFileSystemNode$$Lambda$316/0x00000001004e6040::get$Lambda (9 bytes)
Event: 16.377 Thread 0x0000023c873fa800 nmethod 9668 0x0000023cf1abac10 code [0x0000023cf1abade0, 0x0000023cf1abb038]
Event: 16.377 Thread 0x0000023c873fa800 9669       3       org.gradle.internal.snapshot.EmptyChildMap::visitChildren (1 bytes)
Event: 16.378 Thread 0x0000023c873fa800 nmethod 9669 0x0000023cf1abb110 code [0x0000023cf1abb2c0, 0x0000023cf1abb3b8]
Event: 16.378 Thread 0x0000023c873f5000 nmethod 9648 0x0000023cf8253b10 code [0x0000023cf8253ce0, 0x0000023cf8253fd8]
Event: 16.378 Thread 0x0000023c873f5000 9662       4       org.gradle.internal.file.DefaultFileHierarchySet$PrefixFileSet::contains (10 bytes)
Event: 16.379 Thread 0x0000023c873f5000 nmethod 9662 0x0000023cf8254390 code [0x0000023cf8254540, 0x0000023cf82545e8]
Event: 16.379 Thread 0x0000023c873f5000 9649       4       org.gradle.internal.logging.text.AbstractLineChoppingStyledTextOutput$StateContext::setState (10 bytes)
Event: 16.380 Thread 0x0000023c873fa800 9670       3       java.util.concurrent.ConcurrentHashMap::isEmpty (15 bytes)
Event: 16.380 Thread 0x0000023c873f5000 nmethod 9649 0x0000023cf8254690 code [0x0000023cf8254820, 0x0000023cf8254958]
Event: 16.380 Thread 0x0000023c873fa800 nmethod 9670 0x0000023cf1abb490 code [0x0000023cf1abb640, 0x0000023cf1abb7c8]

GC Heap History (20 events):
Event: 0.851 GC heap before
{Heap before GC invocations=0 (full 0):
 garbage-first heap   total 262144K, used 19456K [0x0000000080000000, 0x0000000100000000)
  region size 1024K, 14 young (14336K), 0 survivors (0K)
 Metaspace       used 6730K, capacity 6921K, committed 7168K, reserved 1056768K
  class space    used 581K, capacity 650K, committed 768K, reserved 1048576K
}
Event: 0.856 GC heap after
{Heap after GC invocations=1 (full 0):
 garbage-first heap   total 262144K, used 8155K [0x0000000080000000, 0x0000000100000000)
  region size 1024K, 2 young (2048K), 2 survivors (2048K)
 Metaspace       used 6730K, capacity 6921K, committed 7168K, reserved 1056768K
  class space    used 581K, capacity 650K, committed 768K, reserved 1048576K
}
Event: 1.150 GC heap before
{Heap before GC invocations=1 (full 0):
 garbage-first heap   total 262144K, used 19419K [0x0000000080000000, 0x0000000100000000)
  region size 1024K, 13 young (13312K), 2 survivors (2048K)
 Metaspace       used 9798K, capacity 9986K, committed 10112K, reserved 1058816K
  class space    used 1022K, capacity 1102K, committed 1152K, reserved 1048576K
}
Event: 1.154 GC heap after
{Heap after GC invocations=2 (full 0):
 garbage-first heap   total 262144K, used 9398K [0x0000000080000000, 0x0000000100000000)
  region size 1024K, 2 young (2048K), 2 survivors (2048K)
 Metaspace       used 9798K, capacity 9986K, committed 10112K, reserved 1058816K
  class space    used 1022K, capacity 1102K, committed 1152K, reserved 1048576K
}
Event: 1.765 GC heap before
{Heap before GC invocations=2 (full 0):
 garbage-first heap   total 262144K, used 39094K [0x0000000080000000, 0x0000000100000000)
  region size 1024K, 30 young (30720K), 2 survivors (2048K)
 Metaspace       used 10755K, capacity 11003K, committed 11264K, reserved 1058816K
  class space    used 1125K, capacity 1206K, committed 1280K, reserved 1048576K
}
Event: 1.769 GC heap after
{Heap after GC invocations=3 (full 0):
 garbage-first heap   total 262144K, used 12119K [0x0000000080000000, 0x0000000100000000)
  region size 1024K, 3 young (3072K), 3 survivors (3072K)
 Metaspace       used 10755K, capacity 11003K, committed 11264K, reserved 1058816K
  class space    used 1125K, capacity 1206K, committed 1280K, reserved 1048576K
}
Event: 3.103 GC heap before
{Heap before GC invocations=3 (full 0):
 garbage-first heap   total 262144K, used 78679K [0x0000000080000000, 0x0000000100000000)
  region size 1024K, 69 young (70656K), 3 survivors (3072K)
 Metaspace       used 20620K, capacity 21118K, committed 21248K, reserved 1067008K
  class space    used 2516K, capacity 2720K, committed 2816K, reserved 1048576K
}
Event: 3.117 GC heap after
{Heap after GC invocations=4 (full 0):
 garbage-first heap   total 262144K, used 16623K [0x0000000080000000, 0x0000000100000000)
  region size 1024K, 9 young (9216K), 9 survivors (9216K)
 Metaspace       used 20620K, capacity 21118K, committed 21248K, reserved 1067008K
  class space    used 2516K, capacity 2720K, committed 2816K, reserved 1048576K
}
Event: 4.167 GC heap before
{Heap before GC invocations=5 (full 0):
 garbage-first heap   total 262144K, used 95471K [0x0000000080000000, 0x0000000100000000)
  region size 1024K, 86 young (88064K), 9 survivors (9216K)
 Metaspace       used 28137K, capacity 28760K, committed 28928K, reserved 1075200K
  class space    used 3743K, capacity 3996K, committed 4096K, reserved 1048576K
}
Event: 4.178 GC heap after
{Heap after GC invocations=6 (full 0):
 garbage-first heap   total 262144K, used 19591K [0x0000000080000000, 0x0000000100000000)
  region size 1024K, 9 young (9216K), 9 survivors (9216K)
 Metaspace       used 28137K, capacity 28760K, committed 28928K, reserved 1075200K
  class space    used 3743K, capacity 3996K, committed 4096K, reserved 1048576K
}
Event: 4.806 GC heap before
{Heap before GC invocations=6 (full 0):
 garbage-first heap   total 262144K, used 51335K [0x0000000080000000, 0x0000000100000000)
  region size 1024K, 41 young (41984K), 9 survivors (9216K)
 Metaspace       used 35060K, capacity 35830K, committed 35840K, reserved 1081344K
  class space    used 4541K, capacity 4864K, committed 4864K, reserved 1048576K
}
Event: 4.819 GC heap after
{Heap after GC invocations=7 (full 0):
 garbage-first heap   total 262144K, used 22538K [0x0000000080000000, 0x0000000100000000)
  region size 1024K, 12 young (12288K), 12 survivors (12288K)
 Metaspace       used 35060K, capacity 35830K, committed 35840K, reserved 1081344K
  class space    used 4541K, capacity 4864K, committed 4864K, reserved 1048576K
}
Event: 7.022 GC heap before
{Heap before GC invocations=8 (full 0):
 garbage-first heap   total 262144K, used 171018K [0x0000000080000000, 0x0000000100000000)
  region size 1024K, 153 young (156672K), 12 survivors (12288K)
 Metaspace       used 46435K, capacity 47656K, committed 47948K, reserved 1091584K
  class space    used 5959K, capacity 6407K, committed 6476K, reserved 1048576K
}
Event: 7.047 GC heap after
{Heap after GC invocations=9 (full 0):
 garbage-first heap   total 262144K, used 30133K [0x0000000080000000, 0x0000000100000000)
  region size 1024K, 14 young (14336K), 14 survivors (14336K)
 Metaspace       used 46435K, capacity 47656K, committed 47948K, reserved 1091584K
  class space    used 5959K, capacity 6407K, committed 6476K, reserved 1048576K
}
Event: 8.912 GC heap before
{Heap before GC invocations=9 (full 0):
 garbage-first heap   total 262144K, used 135605K [0x0000000080000000, 0x0000000100000000)
  region size 1024K, 115 young (117760K), 14 survivors (14336K)
 Metaspace       used 58788K, capacity 60174K, committed 60236K, reserved 1101824K
  class space    used 7438K, capacity 7958K, committed 8012K, reserved 1048576K
}
Event: 8.946 GC heap after
{Heap after GC invocations=10 (full 0):
 garbage-first heap   total 262144K, used 42637K [0x0000000080000000, 0x0000000100000000)
  region size 1024K, 18 young (18432K), 18 survivors (18432K)
 Metaspace       used 58788K, capacity 60174K, committed 60236K, reserved 1101824K
  class space    used 7438K, capacity 7958K, committed 8012K, reserved 1048576K
}
Event: 11.038 GC heap before
{Heap before GC invocations=11 (full 0):
 garbage-first heap   total 262144K, used 180877K [0x0000000080000000, 0x0000000100000000)
  region size 1024K, 153 young (156672K), 18 survivors (18432K)
 Metaspace       used 70618K, capacity 72302K, committed 72652K, reserved 1112064K
  class space    used 9186K, capacity 9798K, committed 9932K, reserved 1048576K
}
Event: 11.070 GC heap after
{Heap after GC invocations=12 (full 0):
 garbage-first heap   total 262144K, used 52663K [0x0000000080000000, 0x0000000100000000)
  region size 1024K, 20 young (20480K), 20 survivors (20480K)
 Metaspace       used 70618K, capacity 72302K, committed 72652K, reserved 1112064K
  class space    used 9186K, capacity 9798K, committed 9932K, reserved 1048576K
}
Event: 14.377 GC heap before
{Heap before GC invocations=12 (full 0):
 garbage-first heap   total 262144K, used 187831K [0x0000000080000000, 0x0000000100000000)
  region size 1024K, 153 young (156672K), 20 survivors (20480K)
 Metaspace       used 79117K, capacity 81178K, committed 81228K, reserved 1120256K
  class space    used 10273K, capacity 11034K, committed 11084K, reserved 1048576K
}
Event: 14.416 GC heap after
{Heap after GC invocations=13 (full 0):
 garbage-first heap   total 315392K, used 62079K [0x0000000080000000, 0x0000000100000000)
  region size 1024K, 19 young (19456K), 19 survivors (19456K)
 Metaspace       used 79117K, capacity 81178K, committed 81228K, reserved 1120256K
  class space    used 10273K, capacity 11034K, committed 11084K, reserved 1048576K
}

Deoptimization events (20 events):
Event: 16.350 Thread 0x0000023c893ce000 Uncommon trap: trap_request=0xffffff4d fr.pc=0x0000023cf805e90c relative=0x00000000000003ec
Event: 16.350 Thread 0x0000023c893ce000 Uncommon trap: reason=unstable_if action=reinterpret pc=0x0000023cf805e90c method=org.gradle.internal.logging.text.AbstractLineChoppingStyledTextOutput$2.execute(Lorg/gradle/internal/logging/text/AbstractLineChoppingStyledTextOutput$StateContext;)V @ 30 c
Event: 16.350 Thread 0x0000023c893ce000 DEOPT PACKING pc=0x0000023cf805e90c sp=0x0000009ff47fbcc0
Event: 16.350 Thread 0x0000023c893ce000 DEOPT UNPACKING pc=0x0000023cf02074af sp=0x0000009ff47fbb58 mode 2
Event: 16.350 Thread 0x0000023c893ce000 Uncommon trap: trap_request=0xffffff4d fr.pc=0x0000023cf805f5e0 relative=0x00000000000003e0
Event: 16.350 Thread 0x0000023c893ce000 Uncommon trap: reason=unstable_if action=reinterpret pc=0x0000023cf805f5e0 method=org.gradle.internal.logging.text.AbstractLineChoppingStyledTextOutput$2.execute(Lorg/gradle/internal/logging/text/AbstractLineChoppingStyledTextOutput$StateContext;)V @ 30 c
Event: 16.350 Thread 0x0000023c893ce000 DEOPT PACKING pc=0x0000023cf805f5e0 sp=0x0000009ff47fbc50
Event: 16.350 Thread 0x0000023c893ce000 DEOPT UNPACKING pc=0x0000023cf02074af sp=0x0000009ff47fbb50 mode 2
Event: 16.350 Thread 0x0000023c893ce000 Uncommon trap: trap_request=0xffffff4d fr.pc=0x0000023cf806410c relative=0x00000000000002ac
Event: 16.350 Thread 0x0000023c893ce000 Uncommon trap: reason=unstable_if action=reinterpret pc=0x0000023cf806410c method=org.gradle.internal.logging.text.AbstractLineChoppingStyledTextOutput$2.execute(Lorg/gradle/internal/logging/text/AbstractLineChoppingStyledTextOutput$StateContext;)V @ 30 c
Event: 16.350 Thread 0x0000023c893ce000 DEOPT PACKING pc=0x0000023cf806410c sp=0x0000009ff47fbbb0
Event: 16.350 Thread 0x0000023c893ce000 DEOPT UNPACKING pc=0x0000023cf02074af sp=0x0000009ff47fbb70 mode 2
Event: 16.386 Thread 0x0000023c893ce000 Uncommon trap: trap_request=0xffffff4d fr.pc=0x0000023cf82276bc relative=0x00000000000002dc
Event: 16.386 Thread 0x0000023c893ce000 Uncommon trap: reason=unstable_if action=reinterpret pc=0x0000023cf82276bc method=org.gradle.internal.snapshot.VfsRelativePath.normalizeRoot(Ljava/lang/String;)Ljava/lang/String; @ 24 c2
Event: 16.386 Thread 0x0000023c893ce000 DEOPT PACKING pc=0x0000023cf82276bc sp=0x0000009ff47fbc60
Event: 16.387 Thread 0x0000023c893ce000 DEOPT UNPACKING pc=0x0000023cf02074af sp=0x0000009ff47fbbb8 mode 2
Event: 16.387 Thread 0x0000023c893ce000 Uncommon trap: trap_request=0xffffff4d fr.pc=0x0000023cf81336f0 relative=0x00000000000007d0
Event: 16.387 Thread 0x0000023c893ce000 Uncommon trap: reason=unstable_if action=reinterpret pc=0x0000023cf81336f0 method=org.gradle.internal.snapshot.VfsRelativePath.compareToFirstSegment(Ljava/lang/String;Lorg/gradle/internal/snapshot/CaseSensitivity;)I @ 156 c2
Event: 16.387 Thread 0x0000023c893ce000 DEOPT PACKING pc=0x0000023cf81336f0 sp=0x0000009ff47fbad0
Event: 16.387 Thread 0x0000023c893ce000 DEOPT UNPACKING pc=0x0000023cf02074af sp=0x0000009ff47fba50 mode 2

Classes redefined (0 events):
No events

Internal exceptions (20 events):
Event: 11.902 Thread 0x0000023c883ec000 Exception <a 'java/lang/NoSuchMethodError'{0x000000008cf98980}: <clinit>> (0x000000008cf98980) thrown at [./src/hotspot/share/prims/jni.cpp, line 1362]
Event: 11.928 Thread 0x0000023c89cf5800 Exception <a 'java/lang/NoSuchMethodError'{0x000000008cda3748}: <clinit>> (0x000000008cda3748) thrown at [./src/hotspot/share/prims/jni.cpp, line 1362]
Event: 11.930 Thread 0x0000023c89cf5800 Exception <a 'java/lang/NoSuchMethodError'{0x000000008cdfab90}: <clinit>> (0x000000008cdfab90) thrown at [./src/hotspot/share/prims/jni.cpp, line 1362]
Event: 12.005 Thread 0x0000023c883ec000 Exception <a 'java/lang/NoSuchMethodError'{0x000000008ca84300}: <clinit>> (0x000000008ca84300) thrown at [./src/hotspot/share/prims/jni.cpp, line 1362]
Event: 12.061 Thread 0x0000023c89cf9000 Exception <a 'java/lang/NoSuchMethodError'{0x000000008c96c580}: 'java.lang.Object java.lang.invoke.Invokers$Holder.linkToTargetMethod(java.lang.Object, java.lang.Object, java.lang.Object, int, java.lang.Object, java.lang.Object)'> (0x000000008c96c580) thrown at [./src/hotspot/share/interpreter/linkResolver.cpp, line 773]
Event: 12.097 Thread 0x0000023c89cf9000 Exception <a 'java/lang/IncompatibleClassChangeError'{0x000000008c9d1ad0}: Found class java.lang.Object, but interface was expected> (0x000000008c9d1ad0) thrown at [./src/hotspot/share/interpreter/linkResolver.cpp, line 839]
Event: 12.123 Thread 0x0000023c89cf9000 Exception <a 'java/lang/NoSuchMethodError'{0x000000008c7be7e8}: 'int java.lang.invoke.DirectMethodHandle$Holder.invokeStaticInit(java.lang.Object, java.lang.Object, java.lang.Object, java.lang.Object, java.lang.Object)'> (0x000000008c7be7e8) thrown at [./src/hotspot/share/interpreter/linkResolver.cpp, line 773]
Event: 12.451 Thread 0x0000023c89cf4000 Exception <a 'java/lang/NoSuchMethodError'{0x000000008bb24280}: 'java.lang.Object java.lang.invoke.DirectMethodHandle$Holder.invokeSpecialIFC(java.lang.Object, java.lang.Object, java.lang.Object)'> (0x000000008bb24280) thrown at [./src/hotspot/share/interpreter/linkResolver.cpp, line 773]
Event: 12.451 Thread 0x0000023c89cf5000 Exception <a 'java/lang/NoSuchMethodError'{0x000000008bb021e0}: 'java.lang.Object java.lang.invoke.DirectMethodHandle$Holder.invokeSpecialIFC(java.lang.Object, java.lang.Object, java.lang.Object)'> (0x000000008bb021e0) thrown at [./src/hotspot/share/interpreter/linkResolver.cpp, line 773]
Event: 12.907 Thread 0x0000023c89cf4000 Exception <a 'java/lang/NoSuchMethodError'{0x000000008a8443d8}: 'void java.lang.invoke.DirectMethodHandle$Holder.invokeVirtual(java.lang.Object, java.lang.Object)'> (0x000000008a8443d8) thrown at [./src/hotspot/share/interpreter/linkResolver.cpp, line 773]
Event: 13.987 Thread 0x0000023c89cf8000 Exception <a 'java/lang/NoSuchMethodError'{0x000000008d215ec0}: <clinit>> (0x000000008d215ec0) thrown at [./src/hotspot/share/prims/jni.cpp, line 1362]
Event: 14.642 Thread 0x0000023c89cf8000 Exception <a 'java/lang/NoSuchMethodError'{0x0000000092bff2c0}: <clinit>> (0x0000000092bff2c0) thrown at [./src/hotspot/share/prims/jni.cpp, line 1362]
Event: 14.643 Thread 0x0000023c89cf8000 Exception <a 'java/lang/NoSuchMethodError'{0x0000000092a00a78}: <clinit>> (0x0000000092a00a78) thrown at [./src/hotspot/share/prims/jni.cpp, line 1362]
Event: 14.643 Thread 0x0000023c89cf8000 Exception <a 'java/lang/NoSuchMethodError'{0x0000000092a031e8}: <clinit>> (0x0000000092a031e8) thrown at [./src/hotspot/share/prims/jni.cpp, line 1362]
Event: 14.644 Thread 0x0000023c89cf8000 Exception <a 'java/lang/NoSuchMethodError'{0x0000000092a1c660}: <clinit>> (0x0000000092a1c660) thrown at [./src/hotspot/share/prims/jni.cpp, line 1362]
Event: 14.644 Thread 0x0000023c89cf8000 Exception <a 'java/lang/NoSuchMethodError'{0x0000000092a1db40}: <clinit>> (0x0000000092a1db40) thrown at [./src/hotspot/share/prims/jni.cpp, line 1362]
Event: 15.052 Thread 0x0000023c89cf8000 Exception <a 'java/lang/NoSuchMethodError'{0x000000009201a590}: 'int java.lang.invoke.DirectMethodHandle$Holder.invokeSpecial(java.lang.Object, java.lang.Object, java.lang.Object, java.lang.Object, java.lang.Object)'> (0x000000009201a590) thrown at [./src/hotspot/share/interpreter/linkResolver.cpp, line 773]
Event: 15.466 Thread 0x0000023c89cf8000 Implicit null exception at 0x0000023cf8200fd2 to 0x0000023cf82013d8
Event: 15.502 Thread 0x0000023c89cf3000 Implicit null exception at 0x0000023cf820224b to 0x0000023cf8202aec
Event: 16.364 Thread 0x0000023c893ce000 Exception <a 'java/lang/NoSuchMethodError'{0x000000008edcc478}: 'int java.lang.invoke.DirectMethodHandle$Holder.invokeVirtual(java.lang.Object, java.lang.Object, java.lang.Object)'> (0x000000008edcc478) thrown at [./src/hotspot/share/interpreter/linkResolver.cpp, line 773]

Events (20 events):
Event: 16.386 loading class com/google/wireless/android/sdk/stats/Hypervisor
Event: 16.386 loading class com/google/wireless/android/sdk/stats/Hypervisor done
Event: 16.386 loading class com/google/wireless/android/sdk/stats/LintSession
Event: 16.386 loading class com/google/wireless/android/sdk/stats/LintSession done
Event: 16.387 loading class com/google/wireless/android/sdk/stats/PSDEvent
Event: 16.387 loading class com/google/wireless/android/sdk/stats/PSDEvent done
Event: 16.387 loading class org/gradle/internal/watch/vfs/impl/DefaultFileSystemWatchingStatistics
Event: 16.387 loading class org/gradle/internal/watch/vfs/impl/DefaultFileSystemWatchingStatistics done
Event: 16.388 loading class com/google/common/collect/EnumMultiset
Event: 16.388 loading class com/google/common/collect/EnumMultiset done
Event: 16.388 loading class com/google/wireless/android/sdk/stats/LintAction
Event: 16.388 loading class com/google/wireless/android/sdk/stats/LintAction done
Event: 16.389 loading class com/google/wireless/android/sdk/stats/DialogStats
Event: 16.389 loading class com/google/wireless/android/sdk/stats/DialogStats done
Event: 16.389 loading class org/gradle/internal/snapshot/FileSystemLocationSnapshot
Event: 16.389 loading class org/gradle/internal/snapshot/FileSystemLocationSnapshot done
Event: 16.389 loading class com/google/common/collect/EnumMultiset
Event: 16.389 loading class com/google/common/collect/EnumMultiset done
Event: 16.389 loading class com/google/common/collect/EnumMultiset
Event: 16.389 loading class com/google/common/collect/EnumMultiset done


Dynamic libraries:
0x00007ff79ca00000 - 0x00007ff79ca0a000 	C:\Program Files\Android\Android Studio\jre\bin\java.exe
0x00007ffcde120000 - 0x00007ffcde310000 	C:\windows\SYSTEM32\ntdll.dll
0x00007ffcdc1d0000 - 0x00007ffcdc282000 	C:\windows\System32\KERNEL32.DLL
0x00007ffcdbe70000 - 0x00007ffcdc113000 	C:\windows\System32\KERNELBASE.dll
0x00007ffcd8da0000 - 0x00007ffcd8e2f000 	C:\windows\SYSTEM32\apphelp.dll
0x00007ffcdbaa0000 - 0x00007ffcdbb9a000 	C:\windows\System32\ucrtbase.dll
0x00007ffcaa1f0000 - 0x00007ffcaa207000 	C:\Program Files\Android\Android Studio\jre\bin\VCRUNTIME140.dll
0x00007ffcae1b0000 - 0x00007ffcae1c9000 	C:\Program Files\Android\Android Studio\jre\bin\jli.dll
0x00007ffcdc410000 - 0x00007ffcdc5a4000 	C:\windows\System32\USER32.dll
0x00007ffcdbd10000 - 0x00007ffcdbd31000 	C:\windows\System32\win32u.dll
0x00007ffcbb570000 - 0x00007ffcbb7f5000 	C:\windows\WinSxS\amd64_microsoft.windows.common-controls_6595b64144ccf1df_6.0.18362.418_none_e6c6b287130d565d\COMCTL32.dll
0x00007ffcdc800000 - 0x00007ffcdc826000 	C:\windows\System32\GDI32.dll
0x00007ffcdb900000 - 0x00007ffcdba94000 	C:\windows\System32\gdi32full.dll
0x00007ffcdcf60000 - 0x00007ffcdcffe000 	C:\windows\System32\msvcrt.dll
0x00007ffcdb0e0000 - 0x00007ffcdb17e000 	C:\windows\System32\msvcp_win.dll
0x00007ffcdd500000 - 0x00007ffcdd836000 	C:\windows\System32\combase.dll
0x00007ffcdd8f0000 - 0x00007ffcdda10000 	C:\windows\System32\RPCRT4.dll
0x00007ffcdbd40000 - 0x00007ffcdbdc0000 	C:\windows\System32\bcryptPrimitives.dll
0x00007ffcde010000 - 0x00007ffcde03e000 	C:\windows\System32\IMM32.DLL
0x00007ffcdaea0000 - 0x00007ffcdaed6000 	C:\windows\system32\vmwsci.dll
0x00007ffcdc830000 - 0x00007ffcdc838000 	C:\windows\System32\PSAPI.DLL
0x00007ffcd2630000 - 0x00007ffcd26ce000 	C:\windows\system32\ftapihook64.dll
0x00007ffcdc290000 - 0x00007ffcdc333000 	C:\windows\System32\ADVAPI32.dll
0x00007ffcde040000 - 0x00007ffcde0d7000 	C:\windows\System32\sechost.dll
0x00007ffcd8ef0000 - 0x00007ffcd8f89000 	C:\windows\system32\uxtheme.dll
0x00007ffcd1f80000 - 0x00007ffcd200b000 	C:\windows\system32\ftgenstub.dll
0x00007ffcdda70000 - 0x00007ffcddee0000 	C:\windows\System32\setupapi.dll
0x00007ffcdbe20000 - 0x00007ffcdbe6a000 	C:\windows\System32\cfgmgr32.dll
0x00007ffcdb0b0000 - 0x00007ffcdb0d6000 	C:\windows\System32\bcrypt.dll
0x00007ffc953b0000 - 0x00007ffc9544d000 	C:\Program Files\Android\Android Studio\jre\bin\msvcp140.dll
0x00007ffc72480000 - 0x00007ffc72f3c000 	C:\Program Files\Android\Android Studio\jre\bin\server\jvm.dll
0x00007ffcc95d0000 - 0x00007ffcc95d9000 	C:\windows\SYSTEM32\WSOCK32.dll
0x00007ffcddf40000 - 0x00007ffcddfaf000 	C:\windows\System32\WS2_32.dll
0x00007ffcd4d00000 - 0x00007ffcd4d24000 	C:\windows\SYSTEM32\WINMM.dll
0x00007ffcda130000 - 0x00007ffcda13a000 	C:\windows\SYSTEM32\VERSION.dll
0x00007ffcd4ca0000 - 0x00007ffcd4ccd000 	C:\windows\SYSTEM32\WINMMBASE.dll
0x00007ffcdb070000 - 0x00007ffcdb081000 	C:\windows\System32\kernel.appcore.dll
0x00007ffc9e7a0000 - 0x00007ffc9e7b1000 	C:\Program Files\Android\Android Studio\jre\bin\verify.dll
0x00007ffcd4d30000 - 0x00007ffcd4f24000 	C:\windows\SYSTEM32\DBGHELP.DLL
0x00007ffcd4c50000 - 0x00007ffcd4c7a000 	C:\windows\SYSTEM32\dbgcore.DLL
0x00007ffc9e770000 - 0x00007ffc9e799000 	C:\Program Files\Android\Android Studio\jre\bin\java.dll
0x00007ffca8c90000 - 0x00007ffca8c9b000 	C:\Program Files\Android\Android Studio\jre\bin\jimage.dll
0x00007ffc9af80000 - 0x00007ffc9af98000 	C:\Program Files\Android\Android Studio\jre\bin\zip.dll
0x00007ffcdc870000 - 0x00007ffcdcf55000 	C:\windows\System32\SHELL32.dll
0x00007ffcdd450000 - 0x00007ffcdd4f9000 	C:\windows\System32\shcore.dll
0x00007ffcdb180000 - 0x00007ffcdb8ff000 	C:\windows\System32\windows.storage.dll
0x00007ffcdb050000 - 0x00007ffcdb06f000 	C:\windows\System32\profapi.dll
0x00007ffcdb000000 - 0x00007ffcdb04a000 	C:\windows\System32\powrprof.dll
0x00007ffcdaff0000 - 0x00007ffcdb000000 	C:\windows\System32\UMPDC.dll
0x00007ffcdda10000 - 0x00007ffcdda62000 	C:\windows\System32\shlwapi.dll
0x00007ffcdbcf0000 - 0x00007ffcdbd07000 	C:\windows\System32\cryptsp.dll
0x00007ffc92af0000 - 0x00007ffc92b0a000 	C:\Program Files\Android\Android Studio\jre\bin\net.dll
0x00007ffcd3830000 - 0x00007ffcd3920000 	C:\windows\SYSTEM32\WINHTTP.dll
0x00007ffcda820000 - 0x00007ffcda887000 	C:\windows\system32\mswsock.dll
0x00007ffc92ad0000 - 0x00007ffc92ae4000 	C:\Program Files\Android\Android Studio\jre\bin\nio.dll
0x00007ffcd5670000 - 0x00007ffcd5697000 	C:\Users\Public\.gradle\native\8bec1ad78214c89d9ad589b4d07fe93259594b29d510b10fafb7a158f7737e5d\windows-amd64\native-platform.dll
0x00007ffc95450000 - 0x00007ffc9558d000 	C:\Users\Public\.gradle\native\53dbd7edfb1c66fb8903c78663c9afc45aea4f116125fa6feffd364cf09443e8\windows-amd64\native-platform-file-events.dll
0x00007ffca5120000 - 0x00007ffca512a000 	C:\Program Files\Android\Android Studio\jre\bin\management.dll
0x00007ffca13e0000 - 0x00007ffca13ec000 	C:\Program Files\Android\Android Studio\jre\bin\management_ext.dll
0x00007ffcda390000 - 0x00007ffcda3c3000 	C:\windows\system32\rsaenh.dll
0x00007ffcdaf10000 - 0x00007ffcdaf35000 	C:\windows\SYSTEM32\USERENV.dll
0x00007ffcda9f0000 - 0x00007ffcda9fc000 	C:\windows\SYSTEM32\CRYPTBASE.dll
0x00007ffcda530000 - 0x00007ffcda56a000 	C:\windows\SYSTEM32\IPHLPAPI.DLL
0x00007ffcdc860000 - 0x00007ffcdc868000 	C:\windows\System32\NSI.dll
0x00007ffcd7130000 - 0x00007ffcd7146000 	C:\windows\SYSTEM32\dhcpcsvc6.DLL
0x00007ffcd70d0000 - 0x00007ffcd70ec000 	C:\windows\SYSTEM32\dhcpcsvc.DLL
0x00007ffcda570000 - 0x00007ffcda63a000 	C:\windows\SYSTEM32\DNSAPI.dll

dbghelp: loaded successfully - version: 4.0.5 - missing functions: none
symbol engine: initialized successfully - sym options: 0x614 - pdb path: .;C:\Program Files\Android\Android Studio\jre\bin;C:\windows\SYSTEM32;C:\windows\WinSxS\amd64_microsoft.windows.common-controls_6595b64144ccf1df_6.0.18362.418_none_e6c6b287130d565d;C:\Program Files\Android\Android Studio\jre\bin\server;C:\Users\Public\.gradle\native\8bec1ad78214c89d9ad589b4d07fe93259594b29d510b10fafb7a158f7737e5d\windows-amd64;C:\Users\Public\.gradle\native\53dbd7edfb1c66fb8903c78663c9afc45aea4f116125fa6feffd364cf09443e8\windows-amd64

VM Arguments:
jvm_args: --add-opens=java.base/java.util=ALL-UNNAMED --add-opens=java.base/java.lang=ALL-UNNAMED --add-opens=java.base/java.lang.invoke=ALL-UNNAMED --add-opens=java.base/java.util=ALL-UNNAMED --add-opens=java.prefs/java.util.prefs=ALL-UNNAMED --add-opens=java.prefs/java.util.prefs=ALL-UNNAMED --add-opens=java.base/java.nio.charset=ALL-UNNAMED --add-opens=java.base/java.net=ALL-UNNAMED --add-opens=java.base/java.util.concurrent.atomic=ALL-UNNAMED -Xmx2048m -Dfile.encoding=UTF-8 -Duser.country=US -Duser.language=en -Duser.variant 
java_command: org.gradle.launcher.daemon.bootstrap.GradleDaemon 7.0.2
java_class_path (initial): C:\Users\Public\.gradle\wrapper\dists\gradle-7.0.2-bin\857tjihv64xamwrf0h14cai3r\gradle-7.0.2\lib\gradle-launcher-7.0.2.jar
Launcher Type: SUN_STANDARD

[Global flags]
     intx CICompilerCount                          = 3                                         {product} {ergonomic}
     uint ConcGCThreads                            = 1                                         {product} {ergonomic}
     uint G1ConcRefinementThreads                  = 4                                         {product} {ergonomic}
   size_t G1HeapRegionSize                         = 1048576                                   {product} {ergonomic}
    uintx GCDrainStackTargetSize                   = 64                                        {product} {ergonomic}
   size_t InitialHeapSize                          = 268435456                                 {product} {ergonomic}
   size_t MarkStackSize                            = 4194304                                   {product} {ergonomic}
   size_t MaxHeapSize                              = 2147483648                                {product} {command line}
   size_t MaxNewSize                               = 1287651328                                {product} {ergonomic}
   size_t MinHeapDeltaBytes                        = 1048576                                   {product} {ergonomic}
    uintx NonNMethodCodeHeapSize                   = 5830732                                {pd product} {ergonomic}
    uintx NonProfiledCodeHeapSize                  = 122913754                              {pd product} {ergonomic}
    uintx ProfiledCodeHeapSize                     = 122913754                              {pd product} {ergonomic}
    uintx ReservedCodeCacheSize                    = 251658240                              {pd product} {ergonomic}
     bool SegmentedCodeCache                       = true                                      {product} {ergonomic}
     bool UseCompressedClassPointers               = true                                 {lp64_product} {ergonomic}
     bool UseCompressedOops                        = true                                 {lp64_product} {ergonomic}
     bool UseG1GC                                  = true                                      {product} {ergonomic}
     bool UseLargePagesIndividualAllocation        = false                                  {pd product} {ergonomic}

Logging:
Log output configuration:
 #0: stdout all=warning uptime,level,tags
 #1: stderr all=off uptime,level,tags

Environment Variables:
JAVA_HOME=C:\Program Files\openjdk-15.0.2_windows-x64_bin\jdk-15.0.2\
CLASSPATH=.;C:\JUNIT\junit.jar
PATH=C:\Program Files (x86)\Common Files\Intel\Shared Libraries\redist\ia32_win\mpirt;C:\Program Files (x86)\Common Files\Intel\Shared Libraries\redist\ia32_win\compiler;C:\Program Files\Microsoft MPI\Bin\;C:\Program Files (x86)\NVIDIA Corporation\PhysX\Common;C:\Program Files\Python39\Scripts\;C:\Program Files\Python39\;C:\Program Files\openjdk-15.0.2_windows-x64_bin\jdk-15.0.2\bin;.;C:\Program Files\Microsoft VS Code\bin;C:\MinGW\bin;C:\Program Files (x86)\Rockwell Software\RSCommon;C:\Program Files\National Instruments\Shared\OpenVINO\;C:\windows\system32;C:\windows;C:\windows\System32\Wbem;C:\windows\System32\WindowsPowerShell\v1.0\;C:\windows\System32\OpenSSH\;C:\Program Files\Microsoft SQL Server\Client SDK\ODBC\110\Tools\Binn\;C:\Program Files (x86)\Microsoft SQL Server\120\Tools\Binn\;C:\Program Files\Microsoft SQL Server\120\Tools\Binn\;C:\Program Files\Microsoft SQL Server\120\DTS\Binn\;C:\Program Files (x86)\Windows Kits\8.1\Windows Performance Toolkit\;C:\Program Files\Inkscape\bin;C:\Program Files (x86)\Microsoft SQL Server\80\Tools\Binn\;C:\Program Files (x86)\IVI Foundation\VISA\WinNT\Bin\;C:\Program Files\IVI Foundation\VISA\Win64\Bin\;C:\Program Files (x86)\National Instruments\Shared\LabVIEW CLI;C:\Program Files (x86)\IVI Foundation\IVI\bin;C:\Program Files\IVI Foundation\IVI\bin;C:\Program Files (x86)\IVI Foundation\VISA\WinNT\Bin;C:\Program Files (x86)\Common Files\Rockwell\;C:\Users\Public\.cargo\bin;C:\Program Files\nodejs\;C:\ProgramData\chocolatey\bin;C:\Program Files\mysql-8.0.23-winx64\bin;C:\Program Files (x86)\Google\Cloud SDK\google-cloud-sdk\bin;C:\Program Files\emacs-27.1-x86_64\bin;C:\Program Files\UnxUtils\bin;C:\Program Files\PuTTY\;C:\Program Files\Git\cmd;C:\Program Files\MATLAB\R2021a\runtime\win64;C:\Program Files\MATLAB\R2021a\bin;C:\Program Files\Common Files\ThinPrint\;C:\Program Files\UnxUtils\usr\local\wbin;C:\Program Files\dotnet\;C:\Users\nguyenke22\AppData\Local\Microsoft\WindowsApps;
USERNAME=nguyenke22
OS=Windows_NT
PROCESSOR_IDENTIFIER=Intel64 Family 6 Model 79 Stepping 0, GenuineIntel



---------------  S Y S T E M  ---------------

OS: Windows 10 , 64 bit Build 18362 (10.0.18362.329)
OS uptime: 1 days 5:12 hours
VMWare virtualization detected

CPU:total 4 (initial active 4) (4 cores per cpu, 1 threads per core) family 6 model 79 stepping 0, cmov, cx8, fxsr, mmx, sse, sse2, sse3, ssse3, sse4.1, sse4.2, popcnt, avx, avx2, aes, clmul, erms, 3dnowpref, lzcnt, tsc, tscinvbit, bmi1, bmi2, adx, fma

Memory: 4k page, system-wide physical 16383M (7942M free)
TotalPageFile size 18815M (AvailPageFile size 7680M)
current process WorkingSet (physical memory assigned to process): 507M, peak: 509M
current process commit charge ("private bytes"): 578M, peak: 584M

vm_info: OpenJDK 64-Bit Server VM (11.0.8+10-b944.6842174) for windows-amd64 JRE (11.0.8+10-b944.6842174), built on Sep 19 2020 01:11:42 by "builder" with MS VC++ 14.0 (VS2015)

END.
